Using worker: worker-linux-docker-944f0612.prod.travis-ci.org:travis-linux-1

travis_fold:start:system_info[0K[33;1mBuild system information[0m
Build language: java
Build group: stable
Build dist: precise
[34m[1mBuild image provisioning date and time[0m
Thu Feb  5 15:09:33 UTC 2015
[34m[1mOperating System Details[0m
Distributor ID:	Ubuntu
Description:	Ubuntu 12.04.5 LTS
Release:	12.04
Codename:	precise
[34m[1mLinux Version[0m
3.13.0-29-generic
[34m[1mCookbooks Version[0m
a68419e https://github.com/travis-ci/travis-cookbooks/tree/a68419e
[34m[1mGCC version[0m
gcc (Ubuntu/Linaro 4.6.3-1ubuntu5) 4.6.3
Copyright (C) 2011 Free Software Foundation, Inc.
This is free software; see the source for copying conditions.  There is NO
warranty; not even for MERCHANTABILITY or FITNESS FOR A PARTICULAR PURPOSE.

[34m[1mLLVM version[0m
clang version 3.4 (tags/RELEASE_34/final)
Target: x86_64-unknown-linux-gnu
Thread model: posix
[34m[1mPre-installed Ruby versions[0m
ruby-1.9.3-p551
[34m[1mPre-installed Node.js versions[0m
v0.10.36
[34m[1mPre-installed Go versions[0m
1.4.1
[34m[1mRedis version[0m
redis-server 2.8.19
[34m[1mriak version[0m
2.0.2
[34m[1mMongoDB version[0m
MongoDB 2.4.12
[34m[1mCouchDB version[0m
couchdb 1.6.1
[34m[1mNeo4j version[0m
1.9.4
[34m[1mRabbitMQ Version[0m
3.4.3
[34m[1mElasticSearch version[0m
1.4.0
[34m[1mInstalled Sphinx versions[0m
2.0.10
2.1.9
2.2.6
[34m[1mDefault Sphinx version[0m
2.2.6
[34m[1mInstalled Firefox version[0m
firefox 31.0esr
[34m[1mPhantomJS version[0m
1.9.8
[34m[1mant -version[0m
Apache Ant(TM) version 1.8.2 compiled on December 3 2011
[34m[1mmvn -version[0m
Apache Maven 3.2.5 (12a6b3acb947671f09b81f49094c53f426d8cea1; 2014-12-14T17:29:23+00:00)
Maven home: /usr/local/maven
Java version: 1.7.0_76, vendor: Oracle Corporation
Java home: /usr/lib/jvm/java-7-oracle/jre
Default locale: en_US, platform encoding: ANSI_X3.4-1968
OS name: "linux", version: "3.13.0-29-generic", arch: "amd64", family: "unix"
travis_fold:end:system_info[0K
travis_fold:start:fix.CVE-2015-7547[0K$ export DEBIAN_FRONTEND=noninteractive
W: Size of file /var/lib/apt/lists/us.archive.ubuntu.com_ubuntu_dists_precise-backports_multiverse_source_Sources.gz is not what the server reported 5886 5888
W: Size of file /var/lib/apt/lists/ppa.launchpad.net_ubuntugis_ppa_ubuntu_dists_precise_main_binary-amd64_Packages.gz is not what the server reported 36669 36677
W: Size of file /var/lib/apt/lists/ppa.launchpad.net_ubuntugis_ppa_ubuntu_dists_precise_main_binary-i386_Packages.gz is not what the server reported 36729 36733
Reading package lists...
Building dependency tree...
Reading state information...
The following extra packages will be installed:
  libc-bin libc-dev-bin libc6-dev
Suggested packages:
  glibc-doc
The following packages will be upgraded:
  libc-bin libc-dev-bin libc6 libc6-dev
4 upgraded, 0 newly installed, 0 to remove and 252 not upgraded.
Need to get 8,840 kB of archives.
After this operation, 14.3 kB disk space will be freed.
Get:1 http://us.archive.ubuntu.com/ubuntu/ precise-updates/main libc6-dev amd64 2.15-0ubuntu10.15 [2,943 kB]
Get:2 http://us.archive.ubuntu.com/ubuntu/ precise-updates/main libc-dev-bin amd64 2.15-0ubuntu10.15 [84.7 kB]
Get:3 http://us.archive.ubuntu.com/ubuntu/ precise-updates/main libc-bin amd64 2.15-0ubuntu10.15 [1,177 kB]
Get:4 http://us.archive.ubuntu.com/ubuntu/ precise-updates/main libc6 amd64 2.15-0ubuntu10.15 [4,636 kB]
Fetched 8,840 kB in 0s (26.0 MB/s)
Preconfiguring packages ...
(Reading database ... (Reading database ... 5%(Reading database ... 10%(Reading database ... 15%(Reading database ... 20%(Reading database ... 25%(Reading database ... 30%(Reading database ... 35%(Reading database ... 40%(Reading database ... 45%(Reading database ... 50%(Reading database ... 55%(Reading database ... 60%(Reading database ... 65%(Reading database ... 70%(Reading database ... 75%(Reading database ... 80%(Reading database ... 85%(Reading database ... 90%(Reading database ... 95%(Reading database ... 100%(Reading database ... 72019 files and directories currently installed.)
Preparing to replace libc6-dev 2.15-0ubuntu10.10 (using .../libc6-dev_2.15-0ubuntu10.15_amd64.deb) ...
Unpacking replacement libc6-dev ...
Preparing to replace libc-dev-bin 2.15-0ubuntu10.10 (using .../libc-dev-bin_2.15-0ubuntu10.15_amd64.deb) ...
Unpacking replacement libc-dev-bin ...
Preparing to replace libc-bin 2.15-0ubuntu10.10 (using .../libc-bin_2.15-0ubuntu10.15_amd64.deb) ...
Unpacking replacement libc-bin ...
Processing triggers for man-db ...
Setting up libc-bin (2.15-0ubuntu10.15) ...
(Reading database ... (Reading database ... 5%(Reading database ... 10%(Reading database ... 15%(Reading database ... 20%(Reading database ... 25%(Reading database ... 30%(Reading database ... 35%(Reading database ... 40%(Reading database ... 45%(Reading database ... 50%(Reading database ... 55%(Reading database ... 60%(Reading database ... 65%(Reading database ... 70%(Reading database ... 75%(Reading database ... 80%(Reading database ... 85%(Reading database ... 90%(Reading database ... 95%(Reading database ... 100%(Reading database ... 72018 files and directories currently installed.)
Preparing to replace libc6 2.15-0ubuntu10.10 (using .../libc6_2.15-0ubuntu10.15_amd64.deb) ...
Unpacking replacement libc6 ...
Setting up libc6 (2.15-0ubuntu10.15) ...
Setting up libc-dev-bin (2.15-0ubuntu10.15) ...
Setting up libc6-dev (2.15-0ubuntu10.15) ...
Processing triggers for libc-bin ...
ldconfig deferred processing now taking place
travis_fold:end:fix.CVE-2015-7547[0Ktravis_fold:start:git.checkout[0Ktravis_time:start:04d2550e[0K$ git clone --depth=50 --branch=master https://github.com/cbeust/testng.git cbeust/testng
Cloning into 'cbeust/testng'...
remote: Counting objects: 4862, done.[K
remote: Compressing objects:   0% (1/3248)   [Kremote: Compressing objects:   1% (33/3248)   [Kremote: Compressing objects:   2% (65/3248)   [Kremote: Compressing objects:   3% (98/3248)   [Kremote: Compressing objects:   4% (130/3248)   [Kremote: Compressing objects:   5% (163/3248)   [Kremote: Compressing objects:   6% (195/3248)   [Kremote: Compressing objects:   7% (228/3248)   [Kremote: Compressing objects:   8% (260/3248)   [Kremote: Compressing objects:   9% (293/3248)   [Kremote: Compressing objects:  10% (325/3248)   [Kremote: Compressing objects:  11% (358/3248)   [Kremote: Compressing objects:  12% (390/3248)   [Kremote: Compressing objects:  13% (423/3248)   [Kremote: Compressing objects:  14% (455/3248)   [Kremote: Compressing objects:  15% (488/3248)   [Kremote: Compressing objects:  16% (520/3248)   [Kremote: Compressing objects:  17% (553/3248)   [Kremote: Compressing objects:  18% (585/3248)   [Kremote: Compressing objects:  19% (618/3248)   [Kremote: Compressing objects:  20% (650/3248)   [Kremote: Compressing objects:  21% (683/3248)   [Kremote: Compressing objects:  22% (715/3248)   [Kremote: Compressing objects:  23% (748/3248)   [Kremote: Compressing objects:  24% (780/3248)   [Kremote: Compressing objects:  25% (812/3248)   [Kremote: Compressing objects:  26% (845/3248)   [Kremote: Compressing objects:  27% (877/3248)   [Kremote: Compressing objects:  28% (910/3248)   [Kremote: Compressing objects:  29% (942/3248)   [Kremote: Compressing objects:  30% (975/3248)   [Kremote: Compressing objects:  31% (1007/3248)   [Kremote: Compressing objects:  32% (1040/3248)   [Kremote: Compressing objects:  33% (1072/3248)   [Kremote: Compressing objects:  34% (1105/3248)   [Kremote: Compressing objects:  35% (1137/3248)   [Kremote: Compressing objects:  36% (1170/3248)   [Kremote: Compressing objects:  37% (1202/3248)   [Kremote: Compressing objects:  38% (1235/3248)   [Kremote: Compressing objects:  39% (1267/3248)   [Kremote: Compressing objects:  40% (1300/3248)   [Kremote: Compressing objects:  41% (1332/3248)   [Kremote: Compressing objects:  42% (1365/3248)   [Kremote: Compressing objects:  43% (1397/3248)   [Kremote: Compressing objects:  44% (1430/3248)   [Kremote: Compressing objects:  45% (1462/3248)   [Kremote: Compressing objects:  46% (1495/3248)   [Kremote: Compressing objects:  47% (1527/3248)   [Kremote: Compressing objects:  48% (1560/3248)   [Kremote: Compressing objects:  49% (1592/3248)   [Kremote: Compressing objects:  50% (1624/3248)   [Kremote: Compressing objects:  51% (1657/3248)   [Kremote: Compressing objects:  52% (1689/3248)   [Kremote: Compressing objects:  53% (1722/3248)   [Kremote: Compressing objects:  54% (1754/3248)   [Kremote: Compressing objects:  55% (1787/3248)   [Kremote: Compressing objects:  56% (1819/3248)   [Kremote: Compressing objects:  57% (1852/3248)   [Kremote: Compressing objects:  58% (1884/3248)   [Kremote: Compressing objects:  59% (1917/3248)   [Kremote: Compressing objects:  60% (1949/3248)   [Kremote: Compressing objects:  61% (1982/3248)   [Kremote: Compressing objects:  62% (2014/3248)   [Kremote: Compressing objects:  63% (2047/3248)   [Kremote: Compressing objects:  64% (2079/3248)   [Kremote: Compressing objects:  65% (2112/3248)   [Kremote: Compressing objects:  66% (2144/3248)   [Kremote: Compressing objects:  67% (2177/3248)   [Kremote: Compressing objects:  68% (2209/3248)   [Kremote: Compressing objects:  69% (2242/3248)   [Kremote: Compressing objects:  70% (2274/3248)   [Kremote: Compressing objects:  71% (2307/3248)   [Kremote: Compressing objects:  72% (2339/3248)   [Kremote: Compressing objects:  73% (2372/3248)   [Kremote: Compressing objects:  74% (2404/3248)   [Kremote: Compressing objects:  75% (2436/3248)   [Kremote: Compressing objects:  76% (2469/3248)   [Kremote: Compressing objects:  77% (2501/3248)   [Kremote: Compressing objects:  78% (2534/3248)   [Kremote: Compressing objects:  79% (2566/3248)   [Kremote: Compressing objects:  80% (2599/3248)   [Kremote: Compressing objects:  81% (2631/3248)   [Kremote: Compressing objects:  82% (2664/3248)   [Kremote: Compressing objects:  83% (2696/3248)   [Kremote: Compressing objects:  84% (2729/3248)   [Kremote: Compressing objects:  85% (2761/3248)   [Kremote: Compressing objects:  86% (2794/3248)   [Kremote: Compressing objects:  87% (2826/3248)   [Kremote: Compressing objects:  88% (2859/3248)   [Kremote: Compressing objects:  89% (2891/3248)   [Kremote: Compressing objects:  90% (2924/3248)   [Kremote: Compressing objects:  91% (2956/3248)   [Kremote: Compressing objects:  92% (2989/3248)   [Kremote: Compressing objects:  93% (3021/3248)   [Kremote: Compressing objects:  94% (3054/3248)   [Kremote: Compressing objects:  95% (3086/3248)   [Kremote: Compressing objects:  96% (3119/3248)   [Kremote: Compressing objects:  97% (3151/3248)   [Kremote: Compressing objects:  98% (3184/3248)   [Kremote: Compressing objects:  99% (3216/3248)   [Kremote: Compressing objects: 100% (3248/3248)   [Kremote: Compressing objects: 100% (3248/3248), done.[K
Receiving objects:   0% (1/4862)   Receiving objects:   1% (49/4862)   Receiving objects:   2% (98/4862)   Receiving objects:   3% (146/4862)   Receiving objects:   4% (195/4862)   Receiving objects:   5% (244/4862)   Receiving objects:   6% (292/4862)   Receiving objects:   7% (341/4862)   Receiving objects:   8% (389/4862)   Receiving objects:   9% (438/4862)   Receiving objects:  10% (487/4862)   Receiving objects:  11% (535/4862)   Receiving objects:  12% (584/4862)   Receiving objects:  13% (633/4862)   Receiving objects:  14% (681/4862)   Receiving objects:  15% (730/4862)   Receiving objects:  16% (778/4862)   Receiving objects:  17% (827/4862)   Receiving objects:  18% (876/4862)   Receiving objects:  19% (924/4862)   Receiving objects:  20% (973/4862)   Receiving objects:  21% (1022/4862)   Receiving objects:  22% (1070/4862)   Receiving objects:  23% (1119/4862)   Receiving objects:  24% (1167/4862)   Receiving objects:  25% (1216/4862)   Receiving objects:  26% (1265/4862)   Receiving objects:  27% (1313/4862)   Receiving objects:  28% (1362/4862)   Receiving objects:  29% (1410/4862)   Receiving objects:  30% (1459/4862)   Receiving objects:  31% (1508/4862)   Receiving objects:  32% (1556/4862)   Receiving objects:  33% (1605/4862)   Receiving objects:  34% (1654/4862)   Receiving objects:  35% (1702/4862)   Receiving objects:  36% (1751/4862)   Receiving objects:  37% (1799/4862)   Receiving objects:  38% (1848/4862)   Receiving objects:  39% (1897/4862)   Receiving objects:  40% (1945/4862)   Receiving objects:  41% (1994/4862)   Receiving objects:  42% (2043/4862)   Receiving objects:  43% (2091/4862)   Receiving objects:  44% (2140/4862)   Receiving objects:  45% (2188/4862)   Receiving objects:  46% (2237/4862)   Receiving objects:  47% (2286/4862)   Receiving objects:  48% (2334/4862)   Receiving objects:  49% (2383/4862)   Receiving objects:  50% (2431/4862)   Receiving objects:  51% (2480/4862)   Receiving objects:  52% (2529/4862)   Receiving objects:  53% (2577/4862)   Receiving objects:  54% (2626/4862)   Receiving objects:  55% (2675/4862)   Receiving objects:  56% (2723/4862)   Receiving objects:  57% (2772/4862)   Receiving objects:  58% (2820/4862)   Receiving objects:  59% (2869/4862)   Receiving objects:  60% (2918/4862)   Receiving objects:  61% (2966/4862)   Receiving objects:  62% (3015/4862)   Receiving objects:  63% (3064/4862)   Receiving objects:  64% (3112/4862)   Receiving objects:  65% (3161/4862)   Receiving objects:  66% (3209/4862)   Receiving objects:  67% (3258/4862)   Receiving objects:  68% (3307/4862)   Receiving objects:  69% (3355/4862)   Receiving objects:  70% (3404/4862)   Receiving objects:  71% (3453/4862)   Receiving objects:  72% (3501/4862)   Receiving objects:  73% (3550/4862)   Receiving objects:  74% (3598/4862)   Receiving objects:  75% (3647/4862)   Receiving objects:  76% (3696/4862)   Receiving objects:  77% (3744/4862)   Receiving objects:  78% (3793/4862)   Receiving objects:  79% (3841/4862)   Receiving objects:  80% (3890/4862)   Receiving objects:  81% (3939/4862)   Receiving objects:  82% (3987/4862)   Receiving objects:  83% (4036/4862)   Receiving objects:  84% (4085/4862)   Receiving objects:  85% (4133/4862)   Receiving objects:  86% (4182/4862)   Receiving objects:  87% (4230/4862)   Receiving objects:  88% (4279/4862)   Receiving objects:  89% (4328/4862)   Receiving objects:  90% (4376/4862)   Receiving objects:  91% (4425/4862)   Receiving objects:  92% (4474/4862)   Receiving objects:  93% (4522/4862)   Receiving objects:  94% (4571/4862)   Receiving objects:  95% (4619/4862)   Receiving objects:  96% (4668/4862)   Receiving objects:  97% (4717/4862), 8.66 MiB | 17.28 MiB/s   Receiving objects:  98% (4765/4862), 8.66 MiB | 17.28 MiB/s   Receiving objects:  99% (4814/4862), 8.66 MiB | 17.28 MiB/s   remote: Total 4862 (delta 2077), reused 3416 (delta 1343), pack-reused 0[K
Receiving objects: 100% (4862/4862), 8.66 MiB | 17.28 MiB/s   Receiving objects: 100% (4862/4862), 15.39 MiB | 17.28 MiB/s, done.
Resolving deltas:   0% (0/2077)   Resolving deltas:   1% (22/2077)   Resolving deltas:   2% (47/2077)   Resolving deltas:   3% (70/2077)   Resolving deltas:   4% (89/2077)   Resolving deltas:   6% (140/2077)   Resolving deltas:  13% (283/2077)   Resolving deltas:  14% (309/2077)   Resolving deltas:  17% (363/2077)   Resolving deltas:  20% (420/2077)   Resolving deltas:  22% (461/2077)   Resolving deltas:  24% (515/2077)   Resolving deltas:  25% (521/2077)   Resolving deltas:  26% (541/2077)   Resolving deltas:  27% (565/2077)   Resolving deltas:  28% (582/2077)   Resolving deltas:  29% (603/2077)   Resolving deltas:  30% (635/2077)   Resolving deltas:  36% (764/2077)   Resolving deltas:  37% (771/2077)   Resolving deltas:  39% (812/2077)   Resolving deltas:  40% (833/2077)   Resolving deltas:  42% (873/2077)   Resolving deltas:  43% (902/2077)   Resolving deltas:  44% (914/2077)   Resolving deltas:  45% (937/2077)   Resolving deltas:  47% (977/2077)   Resolving deltas:  48% (999/2077)   Resolving deltas:  49% (1026/2077)   Resolving deltas:  50% (1040/2077)   Resolving deltas:  51% (1060/2077)   Resolving deltas:  52% (1082/2077)   Resolving deltas:  53% (1101/2077)   Resolving deltas:  54% (1122/2077)   Resolving deltas:  55% (1145/2077)   Resolving deltas:  56% (1164/2077)   Resolving deltas:  57% (1188/2077)   Resolving deltas:  59% (1231/2077)   Resolving deltas:  60% (1247/2077)   Resolving deltas:  61% (1267/2077)   Resolving deltas:  62% (1292/2077)   Resolving deltas:  63% (1312/2077)   Resolving deltas:  64% (1330/2077)   Resolving deltas:  65% (1355/2077)   Resolving deltas:  66% (1379/2077)   Resolving deltas:  67% (1392/2077)   Resolving deltas:  68% (1421/2077)   Resolving deltas:  69% (1436/2077)   Resolving deltas:  70% (1459/2077)   Resolving deltas:  71% (1478/2077)   Resolving deltas:  72% (1496/2077)   Resolving deltas:  73% (1517/2077)   Resolving deltas:  74% (1538/2077)   Resolving deltas:  75% (1559/2077)   Resolving deltas:  76% (1581/2077)   Resolving deltas:  77% (1600/2077)   Resolving deltas:  78% (1622/2077)   Resolving deltas:  79% (1642/2077)   Resolving deltas:  80% (1663/2077)   Resolving deltas:  81% (1683/2077)   Resolving deltas:  82% (1704/2077)   Resolving deltas:  83% (1724/2077)   Resolving deltas:  84% (1745/2077)   Resolving deltas:  85% (1767/2077)   Resolving deltas:  86% (1789/2077)   Resolving deltas:  87% (1808/2077)   Resolving deltas:  88% (1829/2077)   Resolving deltas:  89% (1849/2077)   Resolving deltas:  90% (1870/2077)   Resolving deltas:  91% (1891/2077)   Resolving deltas:  92% (1911/2077)   Resolving deltas:  93% (1932/2077)   Resolving deltas:  94% (1953/2077)   Resolving deltas:  95% (1974/2077)   Resolving deltas:  96% (1994/2077)   Resolving deltas:  97% (2015/2077)   Resolving deltas:  98% (2037/2077)   Resolving deltas:  99% (2061/2077)   Resolving deltas: 100% (2077/2077)   Resolving deltas: 100% (2077/2077), done.
Checking connectivity... done.

travis_time:end:04d2550e:start=1468525909477733668,finish=1468525911375556897,duration=1897823229[0K$ cd cbeust/testng
$ git checkout -qf 56b57ca492080f76d0d3377bb05fa04608f319f7
travis_fold:end:git.checkout[0K
[33;1mThis job is running on container-based infrastructure, which does not allow use of 'sudo', setuid and setguid executables.[0m
[33;1mIf you require sudo, add 'sudo: required' to your .travis.yml[0m
[33;1mSee https://docs.travis-ci.com/user/workers/container-based-infrastructure/ for details.[0m

[33;1mSetting environment variables from repository settings[0m
$ export SONATYPE_USER=[secure]
$ export SONATYPE_PASSWORD=[secure]
$ export SONAR_TOKEN=[secure]
$ export SONAR_GITHUB_OAUTH=[secure]

$ jdk_switcher use oraclejdk8
Switching to Oracle JDK8 (java-8-oracle), JAVA_HOME will be set to /usr/lib/jvm/java-8-oracle
$ export TERM=dumb
$ java -Xmx32m -version
java version "1.8.0_31"
Java(TM) SE Runtime Environment (build 1.8.0_31-b13)
Java HotSpot(TM) 64-Bit Server VM (build 25.31-b07, mixed mode)
$ javac -J-Xmx32m -version
javac 1.8.0_31
travis_fold:start:install[0Ktravis_time:start:0a8b7c98[0K$ ./gradlew assemble
Downloading https://services.gradle.org/distributions/gradle-2.13-all.zip
.....................................................................................................................................................................................................................................................................................................................................................................................................................................................................................................................................................................................................................................................................................................................................................................................................................................................................................................................................................................................................................................................................................................................................................................................................................................................................................................................................................................................................................................................................................................................................................................................................................................................................................................................................................................................................................................................................................................................................................................................................................................................................................................................................................................................................................................................................................................................................................................................................................................................................................................................................................................................................................................................................................................................................................................................................................................................................................................................................................................................................................................................................................................................................................................................................................................................................................................................................................................................................................................................................................................................................................................................................................................
Unzipping /home/travis/.gradle/wrapper/dists/gradle-2.13-all/1b9wlm73elu4cqnbc0rk7r7qn/gradle-2.13-all.zip to /home/travis/.gradle/wrapper/dists/gradle-2.13-all/1b9wlm73elu4cqnbc0rk7r7qn
Set executable permissions for: /home/travis/.gradle/wrapper/dists/gradle-2.13-all/1b9wlm73elu4cqnbc0rk7r7qn/gradle-2.13/bin/gradle
Download https://repo1.maven.org/maven2/io/codearte/gradle/nexus/gradle-nexus-staging-plugin/0.5.3/gradle-nexus-staging-plugin-0.5.3.pom
Download https://jcenter.bintray.com/com/jfrog/bintray/gradle/gradle-bintray-plugin/1.6/gradle-bintray-plugin-1.6.pom
Download https://jcenter.bintray.com/org/jfrog/buildinfo/build-info-extractor-gradle/4.3.0/build-info-extractor-gradle-4.3.0.pom
Download https://plugins.gradle.org/m2/org/sonarsource/scanner/gradle/sonarqube-gradle-plugin/2.0.1/sonarqube-gradle-plugin-2.0.1.pom
Download https://repo1.maven.org/maven2/com/netflix/nebula/gradle-extra-configurations-plugin/3.0.3/gradle-extra-configurations-plugin-3.0.3.pom
Download https://repo1.maven.org/maven2/org/codehaus/groovy/modules/http-builder/http-builder/0.7.1/http-builder-0.7.1.pom
Download https://repo1.maven.org/maven2/org/apache/maven/maven-ant-tasks/2.1.3/maven-ant-tasks-2.1.3.pom
Download https://repo1.maven.org/maven2/org/apache/maven/maven-parent/19/maven-parent-19.pom
Download https://repo1.maven.org/maven2/org/apache/apache/9/apache-9.pom
Download https://repo1.maven.org/maven2/org/apache/ivy/ivy/2.2.0/ivy-2.2.0.pom
Download https://repo1.maven.org/maven2/org/apache/apache/7/apache-7.pom
Download https://repo1.maven.org/maven2/commons-logging/commons-logging/1.1.1/commons-logging-1.1.1.pom
Download https://repo1.maven.org/maven2/org/apache/commons/commons-parent/5/commons-parent-5.pom
Download https://repo1.maven.org/maven2/org/apache/apache/4/apache-4.pom
Download https://repo1.maven.org/maven2/commons-io/commons-io/2.2/commons-io-2.2.pom
Download https://repo1.maven.org/maven2/org/apache/commons/commons-parent/24/commons-parent-24.pom
Download https://jcenter.bintray.com/org/jfrog/buildinfo/build-info-extractor/2.5.6/build-info-extractor-2.5.6.pom
Download https://repo1.maven.org/maven2/commons-lang/commons-lang/2.4/commons-lang-2.4.pom
Download https://repo1.maven.org/maven2/org/apache/commons/commons-parent/9/commons-parent-9.pom
Download https://repo1.maven.org/maven2/org/codehaus/groovy/groovy-all/2.3.6/groovy-all-2.3.6.pom
Download https://repo1.maven.org/maven2/org/sonarsource/scanner/api/sonar-scanner-api/2.6/sonar-scanner-api-2.6.pom
Download https://repo1.maven.org/maven2/org/sonarsource/scanner/api/sonar-scanner-api-parent/2.6/sonar-scanner-api-parent-2.6.pom
Download https://repo1.maven.org/maven2/org/sonarsource/parent/parent/31/parent-31.pom
Download https://repo1.maven.org/maven2/com/google/guava/guava/17.0/guava-17.0.pom
Download https://repo1.maven.org/maven2/com/google/guava/guava-parent/17.0/guava-parent-17.0.pom
Download https://repo1.maven.org/maven2/org/sonatype/oss/oss-parent/7/oss-parent-7.pom
Download https://repo1.maven.org/maven2/org/apache/ant/ant/1.8.0/ant-1.8.0.pom
Download https://repo1.maven.org/maven2/org/apache/ant/ant-parent/1.8.0/ant-parent-1.8.0.pom
Download https://repo1.maven.org/maven2/classworlds/classworlds/1.1-alpha-2/classworlds-1.1-alpha-2.pom
Download https://repo1.maven.org/maven2/org/codehaus/plexus/plexus-container-default/1.0-alpha-9-stable-1/plexus-container-default-1.0-alpha-9-stable-1.pom
Download https://repo1.maven.org/maven2/org/codehaus/plexus/plexus-containers/1.0.3/plexus-containers-1.0.3.pom
Download https://repo1.maven.org/maven2/org/codehaus/plexus/plexus/1.0.4/plexus-1.0.4.pom
Download https://repo1.maven.org/maven2/org/codehaus/plexus/plexus-utils/1.5.15/plexus-utils-1.5.15.pom
Download https://repo1.maven.org/maven2/org/codehaus/plexus/plexus/2.0.2/plexus-2.0.2.pom
Download https://repo1.maven.org/maven2/org/codehaus/plexus/plexus-interpolation/1.11/plexus-interpolation-1.11.pom
Download https://repo1.maven.org/maven2/org/codehaus/plexus/plexus-components/1.1.14/plexus-components-1.1.14.pom
Download https://repo1.maven.org/maven2/org/apache/maven/maven-artifact/2.2.1/maven-artifact-2.2.1.pom
Download https://repo1.maven.org/maven2/org/apache/maven/maven/2.2.1/maven-2.2.1.pom
Download https://repo1.maven.org/maven2/org/apache/maven/maven-parent/11/maven-parent-11.pom
Download https://repo1.maven.org/maven2/org/apache/apache/5/apache-5.pom
Download https://repo1.maven.org/maven2/org/apache/maven/maven-artifact-manager/2.2.1/maven-artifact-manager-2.2.1.pom
Download https://repo1.maven.org/maven2/org/apache/maven/maven-model/2.2.1/maven-model-2.2.1.pom
Download https://repo1.maven.org/maven2/org/apache/maven/maven-project/2.2.1/maven-project-2.2.1.pom
Download https://repo1.maven.org/maven2/org/apache/maven/maven-error-diagnostics/2.2.1/maven-error-diagnostics-2.2.1.pom
Download https://repo1.maven.org/maven2/org/apache/maven/maven-settings/2.2.1/maven-settings-2.2.1.pom
Download https://repo1.maven.org/maven2/org/apache/maven/wagon/wagon-file/1.0-beta-6/wagon-file-1.0-beta-6.pom
Download https://repo1.maven.org/maven2/org/apache/maven/wagon/wagon-providers/1.0-beta-6/wagon-providers-1.0-beta-6.pom
Download https://repo1.maven.org/maven2/org/apache/maven/wagon/wagon/1.0-beta-6/wagon-1.0-beta-6.pom
Download https://repo1.maven.org/maven2/org/apache/maven/wagon/wagon-http-lightweight/1.0-beta-6/wagon-http-lightweight-1.0-beta-6.pom
Download https://repo1.maven.org/maven2/org/apache/maven/wagon/wagon-provider-api/1.0-beta-6/wagon-provider-api-1.0-beta-6.pom
Download https://jcenter.bintray.com/org/jfrog/buildinfo/build-info-client/2.5.6/build-info-client-2.5.6.pom
Download https://repo1.maven.org/maven2/com/thoughtworks/xstream/xstream/1.3.1/xstream-1.3.1.pom
Download https://repo1.maven.org/maven2/com/thoughtworks/xstream/xstream-parent/1.3.1/xstream-parent-1.3.1.pom
Download https://repo1.maven.org/maven2/org/apache/ant/ant-launcher/1.8.0/ant-launcher-1.8.0.pom
Download https://repo1.maven.org/maven2/org/apache/maven/maven-repository-metadata/2.2.1/maven-repository-metadata-2.2.1.pom
Download https://repo1.maven.org/maven2/backport-util-concurrent/backport-util-concurrent/3.1/backport-util-concurrent-3.1.pom
Download https://repo1.maven.org/maven2/org/apache/maven/maven-profile/2.2.1/maven-profile-2.2.1.pom
Download https://repo1.maven.org/maven2/org/apache/maven/maven-plugin-registry/2.2.1/maven-plugin-registry-2.2.1.pom
Download https://repo1.maven.org/maven2/org/apache/maven/wagon/wagon-http-shared/1.0-beta-6/wagon-http-shared-1.0-beta-6.pom
Download https://repo1.maven.org/maven2/commons-codec/commons-codec/1.8/commons-codec-1.8.pom
Download https://repo1.maven.org/maven2/org/apache/commons/commons-parent/28/commons-parent-28.pom
Download https://repo1.maven.org/maven2/org/apache/apache/13/apache-13.pom
Download https://repo1.maven.org/maven2/org/apache/httpcomponents/httpcore/4.2.5/httpcore-4.2.5.pom
Download https://repo1.maven.org/maven2/org/apache/httpcomponents/httpcomponents-core/4.2.5/httpcomponents-core-4.2.5.pom
Download https://repo1.maven.org/maven2/org/apache/httpcomponents/project/7/project-7.pom
Download https://jcenter.bintray.com/org/jfrog/buildinfo/build-info-api/2.5.6/build-info-api-2.5.6.pom
Download https://repo1.maven.org/maven2/org/codehaus/jackson/jackson-mapper-asl/1.9.12/jackson-mapper-asl-1.9.12.pom
Download https://repo1.maven.org/maven2/org/apache/httpcomponents/httpclient/4.2.5/httpclient-4.2.5.pom
Download https://repo1.maven.org/maven2/org/apache/httpcomponents/httpcomponents-client/4.2.5/httpcomponents-client-4.2.5.pom
Download https://repo1.maven.org/maven2/org/apache/httpcomponents/project/6/project-6.pom
Download https://repo1.maven.org/maven2/xpp3/xpp3_min/1.1.4c/xpp3_min-1.1.4c.pom
Download https://repo1.maven.org/maven2/junit/junit/3.8.1/junit-3.8.1.pom
Download https://repo1.maven.org/maven2/nekohtml/xercesMinimal/1.9.6.2/xercesMinimal-1.9.6.2.pom
Download https://repo1.maven.org/maven2/nekohtml/nekohtml/1.9.6.2/nekohtml-1.9.6.2.pom
Download https://repo1.maven.org/maven2/org/codehaus/jackson/jackson-core-asl/1.9.12/jackson-core-asl-1.9.12.pom
Download https://jcenter.bintray.com/org/codehaus/groovy/modules/http-builder/http-builder/0.7.2/http-builder-0.7.2.pom
Download https://repo1.maven.org/maven2/net/sf/json-lib/json-lib/2.3/json-lib-2.3.pom
Download https://repo1.maven.org/maven2/net/sourceforge/nekohtml/nekohtml/1.9.16/nekohtml-1.9.16.pom
Download https://repo1.maven.org/maven2/xml-resolver/xml-resolver/1.2/xml-resolver-1.2.pom
Download https://repo1.maven.org/maven2/org/apache/apache/3/apache-3.pom
Download https://repo1.maven.org/maven2/commons-beanutils/commons-beanutils/1.8.0/commons-beanutils-1.8.0.pom
Download https://repo1.maven.org/maven2/org/apache/commons/commons-parent/11/commons-parent-11.pom
Download https://repo1.maven.org/maven2/commons-collections/commons-collections/3.2.1/commons-collections-3.2.1.pom
Download https://repo1.maven.org/maven2/net/sf/ezmorph/ezmorph/1.0.6/ezmorph-1.0.6.pom
Download https://repo1.maven.org/maven2/xerces/xercesImpl/2.9.1/xercesImpl-2.9.1.pom
Download https://repo1.maven.org/maven2/xml-apis/xml-apis/1.3.04/xml-apis-1.3.04.pom
Download https://repo1.maven.org/maven2/com/google/guava/guava/18.0/guava-18.0.pom
Download https://repo1.maven.org/maven2/com/google/guava/guava-parent/18.0/guava-parent-18.0.pom
Download https://repo1.maven.org/maven2/io/codearte/gradle/nexus/gradle-nexus-staging-plugin/0.5.3/gradle-nexus-staging-plugin-0.5.3.jar
Download https://jcenter.bintray.com/com/jfrog/bintray/gradle/gradle-bintray-plugin/1.6/gradle-bintray-plugin-1.6.jar
Download https://jcenter.bintray.com/org/jfrog/buildinfo/build-info-extractor-gradle/4.3.0/build-info-extractor-gradle-4.3.0.jar
Download https://plugins.gradle.org/m2/org/sonarsource/scanner/gradle/sonarqube-gradle-plugin/2.0.1/sonarqube-gradle-plugin-2.0.1.jar
Download https://repo1.maven.org/maven2/com/netflix/nebula/gradle-extra-configurations-plugin/3.0.3/gradle-extra-configurations-plugin-3.0.3.jar
Download https://repo1.maven.org/maven2/org/apache/maven/maven-ant-tasks/2.1.3/maven-ant-tasks-2.1.3.jar
Download https://repo1.maven.org/maven2/org/apache/ivy/ivy/2.2.0/ivy-2.2.0.jar
Download https://repo1.maven.org/maven2/commons-logging/commons-logging/1.1.1/commons-logging-1.1.1.jar
Download https://repo1.maven.org/maven2/commons-io/commons-io/2.2/commons-io-2.2.jar
Download https://jcenter.bintray.com/org/jfrog/buildinfo/build-info-extractor/2.5.6/build-info-extractor-2.5.6.jar
Download https://repo1.maven.org/maven2/commons-lang/commons-lang/2.4/commons-lang-2.4.jar
Download https://repo1.maven.org/maven2/org/codehaus/groovy/groovy-all/2.3.6/groovy-all-2.3.6.jar
Download https://repo1.maven.org/maven2/org/sonarsource/scanner/api/sonar-scanner-api/2.6/sonar-scanner-api-2.6.jar
Download https://repo1.maven.org/maven2/org/apache/ant/ant/1.8.0/ant-1.8.0.jar
Download https://repo1.maven.org/maven2/classworlds/classworlds/1.1-alpha-2/classworlds-1.1-alpha-2.jar
Download https://repo1.maven.org/maven2/org/codehaus/plexus/plexus-container-default/1.0-alpha-9-stable-1/plexus-container-default-1.0-alpha-9-stable-1.jar
Download https://repo1.maven.org/maven2/org/codehaus/plexus/plexus-utils/1.5.15/plexus-utils-1.5.15.jar
Download https://repo1.maven.org/maven2/org/codehaus/plexus/plexus-interpolation/1.11/plexus-interpolation-1.11.jar
Download https://repo1.maven.org/maven2/org/apache/maven/maven-artifact/2.2.1/maven-artifact-2.2.1.jar
Download https://repo1.maven.org/maven2/org/apache/maven/maven-artifact-manager/2.2.1/maven-artifact-manager-2.2.1.jar
Download https://repo1.maven.org/maven2/org/apache/maven/maven-model/2.2.1/maven-model-2.2.1.jar
Download https://repo1.maven.org/maven2/org/apache/maven/maven-project/2.2.1/maven-project-2.2.1.jar
Download https://repo1.maven.org/maven2/org/apache/maven/maven-error-diagnostics/2.2.1/maven-error-diagnostics-2.2.1.jar
Download https://repo1.maven.org/maven2/org/apache/maven/maven-settings/2.2.1/maven-settings-2.2.1.jar
Download https://repo1.maven.org/maven2/org/apache/maven/wagon/wagon-file/1.0-beta-6/wagon-file-1.0-beta-6.jar
Download https://repo1.maven.org/maven2/org/apache/maven/wagon/wagon-http-lightweight/1.0-beta-6/wagon-http-lightweight-1.0-beta-6.jar
Download https://repo1.maven.org/maven2/org/apache/maven/wagon/wagon-provider-api/1.0-beta-6/wagon-provider-api-1.0-beta-6.jar
Download https://jcenter.bintray.com/org/jfrog/buildinfo/build-info-client/2.5.6/build-info-client-2.5.6.jar
Download https://repo1.maven.org/maven2/com/thoughtworks/xstream/xstream/1.3.1/xstream-1.3.1.jar
Download https://repo1.maven.org/maven2/org/apache/ant/ant-launcher/1.8.0/ant-launcher-1.8.0.jar
Download https://repo1.maven.org/maven2/org/apache/maven/maven-repository-metadata/2.2.1/maven-repository-metadata-2.2.1.jar
Download https://repo1.maven.org/maven2/backport-util-concurrent/backport-util-concurrent/3.1/backport-util-concurrent-3.1.jar
Download https://repo1.maven.org/maven2/org/apache/maven/maven-profile/2.2.1/maven-profile-2.2.1.jar
Download https://repo1.maven.org/maven2/org/apache/maven/maven-plugin-registry/2.2.1/maven-plugin-registry-2.2.1.jar
Download https://repo1.maven.org/maven2/org/apache/maven/wagon/wagon-http-shared/1.0-beta-6/wagon-http-shared-1.0-beta-6.jar
Download https://repo1.maven.org/maven2/commons-codec/commons-codec/1.8/commons-codec-1.8.jar
Download https://repo1.maven.org/maven2/org/apache/httpcomponents/httpcore/4.2.5/httpcore-4.2.5.jar
Download https://jcenter.bintray.com/org/jfrog/buildinfo/build-info-api/2.5.6/build-info-api-2.5.6.jar
Download https://repo1.maven.org/maven2/org/codehaus/jackson/jackson-mapper-asl/1.9.12/jackson-mapper-asl-1.9.12.jar
Download https://repo1.maven.org/maven2/org/apache/httpcomponents/httpclient/4.2.5/httpclient-4.2.5.jar
Download https://repo1.maven.org/maven2/xpp3/xpp3_min/1.1.4c/xpp3_min-1.1.4c.jar
Download https://repo1.maven.org/maven2/junit/junit/3.8.1/junit-3.8.1.jar
Download https://repo1.maven.org/maven2/nekohtml/xercesMinimal/1.9.6.2/xercesMinimal-1.9.6.2.jar
Download https://repo1.maven.org/maven2/nekohtml/nekohtml/1.9.6.2/nekohtml-1.9.6.2.jar
Download https://repo1.maven.org/maven2/org/codehaus/jackson/jackson-core-asl/1.9.12/jackson-core-asl-1.9.12.jar
Download https://jcenter.bintray.com/org/codehaus/groovy/modules/http-builder/http-builder/0.7.2/http-builder-0.7.2.jar
Download https://repo1.maven.org/maven2/net/sf/json-lib/json-lib/2.3/json-lib-2.3-jdk15.jar
Download https://repo1.maven.org/maven2/net/sourceforge/nekohtml/nekohtml/1.9.16/nekohtml-1.9.16.jar
Download https://repo1.maven.org/maven2/xml-resolver/xml-resolver/1.2/xml-resolver-1.2.jar
Download https://repo1.maven.org/maven2/commons-beanutils/commons-beanutils/1.8.0/commons-beanutils-1.8.0.jar
Download https://repo1.maven.org/maven2/commons-collections/commons-collections/3.2.1/commons-collections-3.2.1.jar
Download https://repo1.maven.org/maven2/net/sf/ezmorph/ezmorph/1.0.6/ezmorph-1.0.6.jar
Download https://repo1.maven.org/maven2/xerces/xercesImpl/2.9.1/xercesImpl-2.9.1.jar
Download https://repo1.maven.org/maven2/xml-apis/xml-apis/1.3.04/xml-apis-1.3.04.jar
Download https://repo1.maven.org/maven2/com/google/guava/guava/18.0/guava-18.0.jar
Creating Version file: 6.9.13-SNAPSHOT in /home/travis/build/cbeust/testng/src/generated/java/org/testng/internal
Download https://jcenter.bintray.com/org/jfrog/buildinfo/build-info-extractor-gradle/3.0.3/build-info-extractor-gradle-3.0.3.pom
Download https://jcenter.bintray.com/commons-io/commons-io/2.0.1/commons-io-2.0.1.pom
Download https://jcenter.bintray.com/org/apache/commons/commons-parent/15/commons-parent-15.pom
Download https://jcenter.bintray.com/org/jfrog/buildinfo/build-info-extractor/2.3.2/build-info-extractor-2.3.2.pom
Download https://jcenter.bintray.com/javax/annotation/jsr250-api/1.0/jsr250-api-1.0.pom
Download https://jcenter.bintray.com/com/google/guava/guava/10.0.1/guava-10.0.1.pom
Download https://jcenter.bintray.com/com/google/guava/guava-parent/10.0.1/guava-parent-10.0.1.pom
Download https://jcenter.bintray.com/org/jfrog/buildinfo/build-info-client/2.3.2/build-info-client-2.3.2.pom
Download https://jcenter.bintray.com/com/google/code/findbugs/jsr305/1.3.9/jsr305-1.3.9.pom
Download https://jcenter.bintray.com/org/jfrog/buildinfo/build-info-api/2.3.2/build-info-api-2.3.2.pom
Download https://jcenter.bintray.com/org/apache/httpcomponents/httpcore/4.2.4/httpcore-4.2.4.pom
Download https://jcenter.bintray.com/org/apache/httpcomponents/httpcomponents-core/4.2.4/httpcomponents-core-4.2.4.pom
Download https://jcenter.bintray.com/org/jfrog/buildinfo/build-info-extractor-gradle/3.0.3/build-info-extractor-gradle-3.0.3.jar
Download https://jcenter.bintray.com/commons-io/commons-io/2.0.1/commons-io-2.0.1.jar
Download https://jcenter.bintray.com/org/jfrog/buildinfo/build-info-extractor/2.3.2/build-info-extractor-2.3.2.jar
Download https://jcenter.bintray.com/javax/annotation/jsr250-api/1.0/jsr250-api-1.0.jar
Download https://jcenter.bintray.com/com/google/guava/guava/10.0.1/guava-10.0.1.jar
Download https://jcenter.bintray.com/org/jfrog/buildinfo/build-info-client/2.3.2/build-info-client-2.3.2.jar
Download https://jcenter.bintray.com/com/google/code/findbugs/jsr305/1.3.9/jsr305-1.3.9.jar
Download https://jcenter.bintray.com/org/jfrog/buildinfo/build-info-api/2.3.2/build-info-api-2.3.2.jar
Download https://jcenter.bintray.com/org/apache/httpcomponents/httpcore/4.2.4/httpcore-4.2.4.jar
[buildinfo] Not using buildInfo properties file for this build.
:myDir UP-TO-DATE
:createVersion
:compileGeneratedJavawarning: [options] bootstrap class path not set in conjunction with -source 1.7
1 warning

:compileGeneratedGroovy UP-TO-DATE
:processGeneratedResources UP-TO-DATE
:generatedClasses
:compileJava
Download https://repo1.maven.org/maven2/org/beanshell/bsh/2.0b4/bsh-2.0b4.pom
Download https://repo1.maven.org/maven2/org/beanshell/beanshell/2.0b4/beanshell-2.0b4.pom
Download https://repo1.maven.org/maven2/com/beust/jcommander/1.48/jcommander-1.48.pom
Download https://repo1.maven.org/maven2/org/sonatype/oss/oss-parent/3/oss-parent-3.pom
Download https://repo1.maven.org/maven2/org/apache/ant/ant/1.7.0/ant-1.7.0.pom
Download https://repo1.maven.org/maven2/org/apache/ant/ant-parent/1.7.0/ant-parent-1.7.0.pom
Download https://repo1.maven.org/maven2/junit/junit/4.12/junit-4.12.pom
Download https://repo1.maven.org/maven2/org/yaml/snakeyaml/1.15/snakeyaml-1.15.pom
Download https://repo1.maven.org/maven2/com/google/inject/guice/4.0/guice-4.0.pom
Download https://repo1.maven.org/maven2/com/google/inject/guice-parent/4.0/guice-parent-4.0.pom
Download https://repo1.maven.org/maven2/com/google/google/5/google-5.pom
Download https://repo1.maven.org/maven2/org/apache/ant/ant-launcher/1.7.0/ant-launcher-1.7.0.pom
Download https://repo1.maven.org/maven2/org/hamcrest/hamcrest-core/1.3/hamcrest-core-1.3.pom
Download https://repo1.maven.org/maven2/org/hamcrest/hamcrest-parent/1.3/hamcrest-parent-1.3.pom
Download https://repo1.maven.org/maven2/javax/inject/javax.inject/1/javax.inject-1.pom
Download https://repo1.maven.org/maven2/aopalliance/aopalliance/1.0/aopalliance-1.0.pom
Download https://repo1.maven.org/maven2/com/google/guava/guava/16.0.1/guava-16.0.1.pom
Download https://repo1.maven.org/maven2/com/google/guava/guava-parent/16.0.1/guava-parent-16.0.1.pom
Download https://repo1.maven.org/maven2/org/beanshell/bsh/2.0b4/bsh-2.0b4.jar
Download https://repo1.maven.org/maven2/com/beust/jcommander/1.48/jcommander-1.48.jar
Download https://repo1.maven.org/maven2/org/apache/ant/ant/1.7.0/ant-1.7.0.jar
Download https://repo1.maven.org/maven2/junit/junit/4.12/junit-4.12.jar
Download https://repo1.maven.org/maven2/org/yaml/snakeyaml/1.15/snakeyaml-1.15.jar
Download https://repo1.maven.org/maven2/com/google/inject/guice/4.0/guice-4.0-no_aop.jar
Download https://repo1.maven.org/maven2/org/apache/ant/ant-launcher/1.7.0/ant-launcher-1.7.0.jar
Download https://repo1.maven.org/maven2/org/hamcrest/hamcrest-core/1.3/hamcrest-core-1.3.jar
Download https://repo1.maven.org/maven2/javax/inject/javax.inject/1/javax.inject-1.jar
Download https://repo1.maven.org/maven2/aopalliance/aopalliance/1.0/aopalliance-1.0.jar
Download https://repo1.maven.org/maven2/com/google/guava/guava/16.0.1/guava-16.0.1.jar
warning: [options] bootstrap class path not set in conjunction with -source 1.7
Note: Some input files use or override a deprecated API.
Note: Recompile with -Xlint:deprecation for details.
Note: Some input files use unchecked or unsafe operations.
Note: Recompile with -Xlint:unchecked for details.
1 warning
:compileGroovy UP-TO-DATE
:processResources
:classes
:jar
:javadoc/home/travis/build/cbeust/testng/src/main/java/org/testng/TestNG.java:35: error: cannot find symbol
import org.testng.internal.Version;
                          ^
  symbol:   class Version
  location: package org.testng.internal
/home/travis/build/cbeust/testng/src/main/java/org/testng/TestNG.java:1115: warning - @return tag has no arguments.
/home/travis/build/cbeust/testng/src/main/java/org/testng/TestNG.java:1858: warning - Tag @link: reference not found: XmlSuite.FailurePolicy#SKIP

3 warnings
:javadocJar
:sourcesJar
:signArchives SKIPPED
:assemble

BUILD SUCCESSFUL

Total time: 2 mins 2.424 secs

travis_time:end:0a8b7c98:start=1468525913854117855,finish=1468526036706106928,duration=122851989073[0Ktravis_fold:end:install[0Ktravis_time:start:0674e620[0K$ ./gradlew check --stacktrace --info
Starting Build
Settings evaluated using settings file '/home/travis/build/cbeust/testng/settings.gradle'.
Projects loaded. Root project using build file '/home/travis/build/cbeust/testng/build.gradle'.
Included projects: [root project 'testng']
Evaluating root project 'testng' using build file '/home/travis/build/cbeust/testng/build.gradle'.
Creating Version file: 6.9.13-SNAPSHOT in /home/travis/build/cbeust/testng/src/generated/java/org/testng/internal
All projects evaluated.
[buildinfo] Not using buildInfo properties file for this build.
Selected primary task 'check' from project :
Tasks to be executed: [task ':myDir', task ':createVersion', task ':compileGeneratedJava', task ':compileGeneratedGroovy', task ':processGeneratedResources', task ':generatedClasses', task ':compileJava', task ':compileGroovy', task ':processResources', task ':classes', task ':compileTestJava', task ':compileTestGroovy', task ':processTestResources', task ':testClasses', task ':test', task ':check']
:myDir (Thread[main,5,main]) started.
:myDir
Skipping task ':myDir' as it has no actions.
:myDir UP-TO-DATE
:myDir (Thread[main,5,main]) completed. Took 0.015 secs.
:createVersion (Thread[main,5,main]) started.
:createVersion
Executing task ':createVersion' (up-to-date check took 0.096 secs) due to:
  Output file /home/travis/build/cbeust/testng/src/generated/java/org/testng/internal/Version.java has been removed.
:createVersion (Thread[main,5,main]) completed. Took 0.417 secs.
:compileGeneratedJava (Thread[main,5,main]) started.
:compileGeneratedJava
Skipping task ':compileGeneratedJava' as it is up-to-date (took 0.085 secs).
:compileGeneratedJava UP-TO-DATE
:compileGeneratedJava (Thread[main,5,main]) completed. Took 0.088 secs.
:compileGeneratedGroovy (Thread[main,5,main]) started.
:compileGeneratedGroovy
file or directory '/home/travis/build/cbeust/testng/src/generated/groovy', not found
Skipping task ':compileGeneratedGroovy' as it has no source files.
:compileGeneratedGroovy UP-TO-DATE
:compileGeneratedGroovy (Thread[main,5,main]) completed. Took 0.003 secs.
:processGeneratedResources (Thread[main,5,main]) started.
:processGeneratedResources
file or directory '/home/travis/build/cbeust/testng/src/generated/resources', not found
file or directory '/home/travis/build/cbeust/testng/src/generated/resources', not found
Skipping task ':processGeneratedResources' as it has no source files.
:processGeneratedResources UP-TO-DATE
:processGeneratedResources (Thread[main,5,main]) completed. Took 0.023 secs.
:generatedClasses (Thread[main,5,main]) started.
:generatedClasses
Skipping task ':generatedClasses' as it has no actions.
:generatedClasses UP-TO-DATE
:generatedClasses (Thread[main,5,main]) completed. Took 0.013 secs.
:compileJava (Thread[main,5,main]) started.
:compileJava
Skipping task ':compileJava' as it is up-to-date (took 0.772 secs).
:compileJava UP-TO-DATE
:compileJava (Thread[main,5,main]) completed. Took 0.775 secs.
:compileGroovy (Thread[main,5,main]) started.
:compileGroovy
file or directory '/home/travis/build/cbeust/testng/src/main/groovy', not found
Skipping task ':compileGroovy' as it has no source files.
:compileGroovy UP-TO-DATE
:compileGroovy (Thread[main,5,main]) completed. Took 0.015 secs.
:processResources (Thread[main,5,main]) started.
:processResources
Skipping task ':processResources' as it is up-to-date (took 0.044 secs).
:processResources UP-TO-DATE
:processResources (Thread[main,5,main]) completed. Took 0.066 secs.
:classes (Thread[main,5,main]) started.
:classes
Skipping task ':classes' as it has no actions.
:classes UP-TO-DATE
:classes (Thread[main,5,main]) completed. Took 0.003 secs.
:compileTestJava (Thread[main,5,main]) started.
:compileTestJava
Download https://repo1.maven.org/maven2/org/assertj/assertj-core/2.0.0/assertj-core-2.0.0.pom
Download https://repo1.maven.org/maven2/org/assertj/assertj-parent-pom/1.3.5/assertj-parent-pom-1.3.5.pom
Download https://repo1.maven.org/maven2/org/codehaus/groovy/groovy-all/2.4.7/groovy-all-2.4.7.pom
Download https://repo1.maven.org/maven2/org/spockframework/spock-core/1.0-groovy-2.4/spock-core-1.0-groovy-2.4.pom
Download https://repo1.maven.org/maven2/com/github/marschall/memoryfilesystem/0.6.4/memoryfilesystem-0.6.4.pom
Download https://repo1.maven.org/maven2/org/assertj/assertj-core/2.0.0/assertj-core-2.0.0.jar
Download https://repo1.maven.org/maven2/org/codehaus/groovy/groovy-all/2.4.7/groovy-all-2.4.7.jar
Download https://repo1.maven.org/maven2/org/spockframework/spock-core/1.0-groovy-2.4/spock-core-1.0-groovy-2.4.jar
Download https://repo1.maven.org/maven2/com/github/marschall/memoryfilesystem/0.6.4/memoryfilesystem-0.6.4.jar
Executing task ':compileTestJava' (up-to-date check took 6.072 secs) due to:
  No history is available.
All input files are considered out-of-date for incremental task ':compileTestJava'.
Compiling with JDK Java compiler API.
warning: [options] bootstrap class path not set in conjunction with -source 1.7
Note: Some input files use or override a deprecated API.
Note: Recompile with -Xlint:deprecation for details.
Note: Some input files use unchecked or unsafe operations.
Note: Recompile with -Xlint:unchecked for details.
1 warning
:compileTestJava (Thread[main,5,main]) completed. Took 18.401 secs.
:compileTestGroovy (Thread[main,5,main]) started.
:compileTestGroovy
Executing task ':compileTestGroovy' (up-to-date check took 0.303 secs) due to:
  No history is available.
[ant:null] Building jar: /home/travis/.gradle/caches/2.13/workerMain/gradle-worker.jar
Starting process 'Gradle Compiler Daemon 1'. Working directory: /home/travis/build/cbeust/testng Command: /usr/lib/jvm/java-8-oracle/bin/java -Djava.security.manager=jarjar.org.gradle.process.internal.child.BootstrapSecurityManager -Dfile.encoding=UTF-8 -Duser.country=US -Duser.language=en -Duser.variant -cp /home/travis/.gradle/caches/2.13/workerMain/gradle-worker.jar jarjar.org.gradle.process.internal.launcher.GradleWorkerMain 'Gradle Compiler Daemon 1'
Successfully started process 'Gradle Compiler Daemon 1'
Started Gradle compiler daemon (0.737 secs) with fork options DaemonForkOptions{minHeapSize=null, maxHeapSize=null, jvmArgs=[], classpath=[/home/travis/.gradle/caches/modules-2/files-2.1/org.codehaus.groovy/groovy-all/2.4.7/c5371aaa20bcdca1175d9477fc0811f4fd99b68a/groovy-all-2.4.7.jar, /home/travis/.gradle/wrapper/dists/gradle-2.13-all/1b9wlm73elu4cqnbc0rk7r7qn/gradle-2.13/lib/ant-1.9.6.jar, /home/travis/.gradle/wrapper/dists/gradle-2.13-all/1b9wlm73elu4cqnbc0rk7r7qn/gradle-2.13/lib/ant-launcher-1.9.6.jar]}.
Executing org.gradle.api.internal.tasks.compile.ApiGroovyCompiler@483cb95e in compiler daemon.
Successfully executed org.gradle.api.internal.tasks.compile.ApiGroovyCompiler@483cb95e in compiler daemon.
:compileTestGroovy (Thread[main,5,main]) completed. Took 2.195 secs.
:processTestResources (Thread[main,5,main]) started.
:processTestResources
Executing task ':processTestResources' (up-to-date check took 0.084 secs) due to:
  No history is available.
:processTestResources (Thread[main,5,main]) completed. Took 0.202 secs.
:testClasses (Thread[main,5,main]) started.
:testClasses
Skipping task ':testClasses' as it has no actions.
:testClasses (Thread[main,5,main]) completed. Took 0.001 secs.
:test (Thread[main,5,main]) started.
:test
Executing task ':test' (up-to-date check took 0.492 secs) due to:
  No history is available.
Download https://repo1.maven.org/maven2/org/jacoco/org.jacoco.agent/0.7.6.201602180812/org.jacoco.agent-0.7.6.201602180812.pom
Download https://repo1.maven.org/maven2/org/jacoco/org.jacoco.build/0.7.6.201602180812/org.jacoco.build-0.7.6.201602180812.pom
Download https://repo1.maven.org/maven2/org/jacoco/org.jacoco.agent/0.7.6.201602180812/org.jacoco.agent-0.7.6.201602180812.jar
Starting process 'Gradle Test Executor 2'. Working directory: /home/travis/build/cbeust/testng Command: /usr/lib/jvm/java-8-oracle/bin/java -Dawt.toolkit=sun.awt.X11.XToolkit -Dfile.encoding.pkg=sun.io -Dfile.separator=/ -Djava.awt.graphicsenv=sun.awt.X11GraphicsEnvironment -Djava.awt.printerjob=sun.print.PSPrinterJob -Djava.class.path=/home/travis/build/cbeust/testng/gradle/wrapper/gradle-wrapper.jar -Djava.class.version=52.0 -Djava.endorsed.dirs=/usr/lib/jvm/java-8-oracle/jre/lib/endorsed -Djava.ext.dirs=/usr/lib/jvm/java-8-oracle/jre/lib/ext:/usr/java/packages/lib/ext -Djava.home=/usr/lib/jvm/java-8-oracle/jre -Djava.library.path=/usr/java/packages/lib/amd64:/usr/lib64:/lib64:/lib:/usr/lib -Djava.runtime.name=Java(TM) SE Runtime Environment -Djava.runtime.version=1.8.0_31-b13 -Djava.security.manager=jarjar.org.gradle.process.internal.child.BootstrapSecurityManager -Djava.specification.name=Java Platform API Specification -Djava.specification.vendor=Oracle Corporation -Djava.specification.version=1.8 -Djava.vendor=Oracle Corporation -Djava.vendor.url=http://java.oracle.com/ -Djava.vendor.url.bug=http://bugreport.sun.com/bugreport/ -Djava.version=1.8.0_31 -Djava.vm.info=mixed mode -Djava.vm.name=Java HotSpot(TM) 64-Bit Server VM -Djava.vm.specification.name=Java Virtual Machine Specification -Djava.vm.specification.vendor=Oracle Corporation -Djava.vm.specification.version=1.8 -Djava.vm.vendor=Oracle Corporation -Djava.vm.version=25.31-b07 -Dline.separator=
 -Dorg.gradle.appname=gradlew -Dos.arch=amd64 -Dos.name=Linux -Dos.version=3.13.0-40-generic -Dpath.separator=: -Dsun.arch.data.model=64 -Dsun.boot.class.path=/usr/lib/jvm/java-8-oracle/jre/lib/resources.jar:/usr/lib/jvm/java-8-oracle/jre/lib/rt.jar:/usr/lib/jvm/java-8-oracle/jre/lib/sunrsasign.jar:/usr/lib/jvm/java-8-oracle/jre/lib/jsse.jar:/usr/lib/jvm/java-8-oracle/jre/lib/jce.jar:/usr/lib/jvm/java-8-oracle/jre/lib/charsets.jar:/usr/lib/jvm/java-8-oracle/jre/lib/jfr.jar:/usr/lib/jvm/java-8-oracle/jre/classes -Dsun.boot.library.path=/usr/lib/jvm/java-8-oracle/jre/lib/amd64 -Dsun.cpu.endian=little -Dsun.cpu.isalist -Dsun.io.unicode.encoding=UnicodeLittle -Dsun.java.command=org.gradle.wrapper.GradleWrapperMain check --stacktrace --info -Dsun.java.launcher=SUN_STANDARD -Dsun.jnu.encoding=UTF-8 -Dsun.management.compiler=HotSpot 64-Bit Tiered Compilers -Dsun.os.patch.level=unknown -Dtest.resources.dir=build/resources/test/ -Duser.dir=/home/travis/build/cbeust/testng -Duser.home=/home/travis -Duser.name=travis -Duser.timezone=Etc/UTC -javaagent:build/tmp/expandedArchives/org.jacoco.agent-0.7.6.201602180812.jar_ktgcwdeljveyd6qfupxqku1g/jacocoagent.jar=destfile=build/jacoco/test.exec,append=true,inclnolocationclasses=false,dumponexit=true,output=file,jmx=false -Dfile.encoding=UTF-8 -Djava.io.tmpdir=/tmp -Duser.country=US -Duser.language=en -Duser.variant -ea -cp /home/travis/.gradle/caches/2.13/workerMain/gradle-worker.jar jarjar.org.gradle.process.internal.launcher.GradleWorkerMain 'Gradle Test Executor 2'
Successfully started process 'Gradle Test Executor 2'
Gradle Test Executor 2 started executing tests.

TestNG Running Junit Tests > Junit via TestNG XML STANDARD_ERROR
    org.testng.TestNGException: 
    Failure in JUnit mode for class test.junit.SetNameTest
    	at org.testng.junit.JUnit4TestRunner.start(JUnit4TestRunner.java:114)
    	at org.testng.junit.JUnit4TestRunner.run(JUnit4TestRunner.java:70)
    	at org.testng.TestRunner$1.run(TestRunner.java:664)
    	at org.testng.TestRunner.runJUnitWorkers(TestRunner.java:964)
    	at org.testng.TestRunner.privateRunJUnit(TestRunner.java:695)
    	at org.testng.TestRunner.run(TestRunner.java:596)
    	at org.testng.SuiteRunner.runTest(SuiteRunner.java:366)
    	at org.testng.SuiteRunner.runSequentially(SuiteRunner.java:361)
    	at org.testng.SuiteRunner.privateRun(SuiteRunner.java:319)
    	at org.testng.SuiteRunner.run(SuiteRunner.java:268)
    	at org.testng.SuiteRunnerWorker.runSuite(SuiteRunnerWorker.java:52)
    	at org.testng.SuiteRunnerWorker.run(SuiteRunnerWorker.java:86)
    	at org.testng.TestNG.runSuitesSequentially(TestNG.java:1276)
    	at org.testng.TestNG.runSuitesSequentially(TestNG.java:1272)
    	at org.testng.TestNG.runSuitesLocally(TestNG.java:1201)
    	at org.testng.TestNG.runSuites(TestNG.java:1116)
    	at org.testng.TestNG.run(TestNG.java:1088)
    	at org.gradle.api.internal.tasks.testing.testng.TestNGTestClassProcessor.runTests(TestNGTestClassProcessor.java:133)
    	at org.gradle.api.internal.tasks.testing.testng.TestNGTestClassProcessor.stop(TestNGTestClassProcessor.java:83)
    	at org.gradle.api.internal.tasks.testing.SuiteTestClassProcessor.stop(SuiteTestClassProcessor.java:61)
    	at sun.reflect.NativeMethodAccessorImpl.invoke0(Native Method)
    	at sun.reflect.NativeMethodAccessorImpl.invoke(NativeMethodAccessorImpl.java:62)
    	at sun.reflect.DelegatingMethodAccessorImpl.invoke(DelegatingMethodAccessorImpl.java:43)
    	at java.lang.reflect.Method.invoke(Method.java:483)
    	at org.gradle.messaging.dispatch.ReflectionDispatch.dispatch(ReflectionDispatch.java:35)
    	at org.gradle.messaging.dispatch.ReflectionDispatch.dispatch(ReflectionDispatch.java:24)
    	at org.gradle.messaging.dispatch.ContextClassLoaderDispatch.dispatch(ContextClassLoaderDispatch.java:32)
    	at org.gradle.messaging.dispatch.ProxyDispatchAdapter$DispatchingInvocationHandler.invoke(ProxyDispatchAdapter.java:93)
    	at com.sun.proxy.$Proxy2.stop(Unknown Source)
    	at org.gradle.api.internal.tasks.testing.worker.TestWorker.stop(TestWorker.java:120)
    	at sun.reflect.NativeMethodAccessorImpl.invoke0(Native Method)
    	at sun.reflect.NativeMethodAccessorImpl.invoke(NativeMethodAccessorImpl.java:62)
    	at sun.reflect.DelegatingMethodAccessorImpl.invoke(DelegatingMethodAccessorImpl.java:43)
    	at java.lang.reflect.Method.invoke(Method.java:483)
    	at org.gradle.messaging.dispatch.ReflectionDispatch.dispatch(ReflectionDispatch.java:35)
    	at org.gradle.messaging.dispatch.ReflectionDispatch.dispatch(ReflectionDispatch.java:24)
    	at org.gradle.messaging.remote.internal.hub.MessageHub$Handler.run(MessageHub.java:364)
    	at org.gradle.internal.concurrent.ExecutorPolicy$CatchAndRecordFailures.onExecute(ExecutorPolicy.java:54)
    	at org.gradle.internal.concurrent.StoppableExecutorImpl$1.run(StoppableExecutorImpl.java:40)
    	at java.util.concurrent.ThreadPoolExecutor.runWorker(ThreadPoolExecutor.java:1142)
    	at java.util.concurrent.ThreadPoolExecutor$Worker.run(ThreadPoolExecutor.java:617)
    	at java.lang.Thread.run(Thread.java:745)
    Caused by: java.lang.AssertionError
    	at org.gradle.api.internal.tasks.testing.testng.TestNGTestResultProcessorAdapter.onTestStart(TestNGTestResultProcessorAdapter.java:116)
    	at sun.reflect.NativeMethodAccessorImpl.invoke0(Native Method)
    	at sun.reflect.NativeMethodAccessorImpl.invoke(NativeMethodAccessorImpl.java:62)
    	at sun.reflect.DelegatingMethodAccessorImpl.invoke(DelegatingMethodAccessorImpl.java:43)
    	at java.lang.reflect.Method.invoke(Method.java:483)
    	at org.gradle.internal.reflect.JavaMethod.invoke(JavaMethod.java:75)
    	at org.gradle.api.internal.tasks.testing.testng.TestNGListenerAdapterFactory$1.invoke(TestNGListenerAdapterFactory.java:71)
    	at org.gradle.api.internal.tasks.testing.testng.TestNGListenerAdapterFactory$1.invoke(TestNGListenerAdapterFactory.java:65)
    	at com.sun.proxy.$Proxy4.onTestStart(Unknown Source)
    	at org.testng.junit.JUnit4TestRunner$RL.testStarted(JUnit4TestRunner.java:207)
    	at org.junit.runner.notification.SynchronizedRunListener.testStarted(SynchronizedRunListener.java:49)
    	at org.junit.runner.notification.RunNotifier$3.notifyListener(RunNotifier.java:121)
    	at org.junit.runner.notification.RunNotifier$SafeNotifier.run(RunNotifier.java:72)
    	at org.junit.runner.notification.RunNotifier.fireTestStarted(RunNotifier.java:118)
    	at org.junit.internal.runners.JUnit38ClassRunner$OldTestClassAdaptingListener.startTest(JUnit38ClassRunner.java:37)
    	at junit.framework.TestResult.startTest(TestResult.java:168)
    	at junit.framework.TestResult.run(TestResult.java:119)
    	at junit.framework.TestCase.run(TestCase.java:129)
    	at junit.framework.TestSuite.runTest(TestSuite.java:252)
    	at junit.framework.TestSuite.run(TestSuite.java:247)
    	at org.junit.internal.runners.JUnit38ClassRunner.run(JUnit38ClassRunner.java:86)
    	at org.junit.runner.JUnitCore.run(JUnitCore.java:137)
    	at org.junit.runner.JUnitCore.run(JUnitCore.java:115)
    	at org.testng.junit.JUnit4TestRunner.start(JUnit4TestRunner.java:82)
    	... 41 more

TestNG > Regression1 > test.parameters.ParamInheritanceTest.noNPEInCountingResults STANDARD_OUT
    [TestNGContentHandler] [WARN] It is strongly recommended to add "<!DOCTYPE suite SYSTEM "http://testng.org/testng-1.0.dtd" >" at the top of your file, otherwise TestNG may fail or not work as expected.
    [TestNGContentHandler] [WARN] It is strongly recommended to add "<!DOCTYPE suite SYSTEM "http://testng.org/testng-1.0.dtd" >" at the top of your file, otherwise TestNG may fail or not work as expected.

TestNG > Regression1 > test.parameters.ParamInheritanceTest.parameterInheritanceAndOverriding STANDARD_OUT
    [TestNGContentHandler] [WARN] It is strongly recommended to add "<!DOCTYPE suite SYSTEM "http://testng.org/testng-1.0.dtd" >" at the top of your file, otherwise TestNG may fail or not work as expected.
    [TestNGContentHandler] [WARN] It is strongly recommended to add "<!DOCTYPE suite SYSTEM "http://testng.org/testng-1.0.dtd" >" at the top of your file, otherwise TestNG may fail or not work as expected.
    [TestNGContentHandler] [WARN] It is strongly recommended to add "<!DOCTYPE suite SYSTEM "http://testng.org/testng-1.0.dtd" >" at the top of your file, otherwise TestNG may fail or not work as expected.
    [TestNGContentHandler] [WARN] It is strongly recommended to add "<!DOCTYPE suite SYSTEM "http://testng.org/testng-1.0.dtd" >" at the top of your file, otherwise TestNG may fail or not work as expected.
    [[TestNG]] Adding ServiceLoader listener:test.serviceloader.MyConfigurationListener@31af7873

TestNG > Regression2 > test.reports.FailedReporterTest.failedFile STANDARD_OUT
    [TestNGContentHandler] [WARN] It is strongly recommended to add "<!DOCTYPE suite SYSTEM "http://testng.org/testng-1.0.dtd" >" at the top of your file, otherwise TestNG may fail or not work as expected.

TestNG > Regression2 > test.failedreporter.FailedReporterScenariosTest.testFileCreationInMixedMode STANDARD_OUT
    [TestNG] Running:
      Command line suite


    ===============================================
    Command line suite
    Total tests run: 2, Failures: 1, Skips: 0
    ===============================================


TestNG > Regression2 > test.failedreporter.FailedReporterScenariosTest.testFileCreationSkipWhenNoFailuresExist STANDARD_OUT
    [TestNG] Running:
      Command line suite


    ===============================================
    Command line suite
    Total tests run: 1, Failures: 0, Skips: 0
    ===============================================


TestNG > Regression2 > test.failedreporter.FailedReporterScenariosTest.testFileCreationWhenFailuresExist STANDARD_OUT
    [TestNG] Running:
      Command line suite


    ===============================================
    Command line suite
    Total tests run: 1, Failures: 1, Skips: 0
    ===============================================


TestNG > Regression2 > test.override.OverrideTest.overrideExcludeShouldWork STANDARD_OUT
    [TestNGContentHandler] [WARN] It is strongly recommended to add "<!DOCTYPE suite SYSTEM "http://testng.org/testng-1.0.dtd" >" at the top of your file, otherwise TestNG may fail or not work as expected.

TestNG > Regression2 > test.override.OverrideTest.overrideIncludeAndExcludeShouldWork STANDARD_OUT
    [TestNGContentHandler] [WARN] It is strongly recommended to add "<!DOCTYPE suite SYSTEM "http://testng.org/testng-1.0.dtd" >" at the top of your file, otherwise TestNG may fail or not work as expected.

TestNG > Regression2 > test.override.OverrideTest.overrideIncludeShouldWork STANDARD_OUT
    [TestNGContentHandler] [WARN] It is strongly recommended to add "<!DOCTYPE suite SYSTEM "http://testng.org/testng-1.0.dtd" >" at the top of your file, otherwise TestNG may fail or not work as expected.

TestNG > Regression2 > test.annotationtransformer.AnnotationTransformerTest.annotationTransformerInXmlShouldBeRun STANDARD_OUT
    [TestNGContentHandler] [WARN] It is strongly recommended to add "<!DOCTYPE suite SYSTEM "http://testng.org/testng-1.0.dtd" >" at the top of your file, otherwise TestNG may fail or not work as expected.

TestNG > Regression2 > test.xml.XmlVerifyTest.handleInvalidSuites STANDARD_OUT
    [TestNGContentHandler] [WARN] It is strongly recommended to add "<!DOCTYPE suite SYSTEM "http://testng.org/testng-1.0.dtd" >" at the top of your file, otherwise TestNG may fail or not work as expected.
    [TestNGContentHandler] [WARN] It is strongly recommended to add "<!DOCTYPE suite SYSTEM "http://testng.org/testng-1.0.dtd" >" at the top of your file, otherwise TestNG may fail or not work as expected.
    [TestNGContentHandler] [WARN] It is strongly recommended to add "<!DOCTYPE suite SYSTEM "http://testng.org/testng-1.0.dtd" >" at the top of your file, otherwise TestNG may fail or not work as expected.

TestNG > Listeners > test.listeners.ListenerInXmlTest.listenerInXmlShouldBeInvoked STANDARD_OUT
    [TestNGContentHandler] [WARN] It is strongly recommended to add "<!DOCTYPE suite SYSTEM "http://testng.org/testng-1.0.dtd" >" at the top of your file, otherwise TestNG may fail or not work as expected.

TestNG > Reflection STANDARD_OUT
    exactMatchDP:
    s0, [[Ljava.lang.Object;@581fd1bd
    s0, [[Ljava.lang.Object;@31924fdc
    s0, [[Ljava.lang.Object;@13ea6436
    s0, [[Ljava.lang.Object;@db8db79
    s0, [[Ljava.lang.Object;@2b0c714a
    s1, [[Ljava.lang.Object;@8433758
    s1, [[Ljava.lang.Object;@484839b2
    s1, [[Ljava.lang.Object;@3e040d1
    s1, [[Ljava.lang.Object;@4b2ef7c6
    s1, [[Ljava.lang.Object;@5a46e00c

TestNG > Reflection > test.reflect.ReflectionRecipesTest.exactMatchTest FAILED
    java.lang.RuntimeException: java.lang.NoSuchMethodException: [[Ljava.lang.Object;.clone()

        Caused by:
        java.lang.NoSuchMethodException: [[Ljava.lang.Object;.clone()

TestNG > Reflection > test.reflect.ReflectionRecipesTest.exactMatchTest FAILED
    java.lang.RuntimeException: java.lang.NoSuchMethodException: [[Ljava.lang.Object;.clone()

        Caused by:
        java.lang.NoSuchMethodException: [[Ljava.lang.Object;.clone()

TestNG > Reflection > test.reflect.ReflectionRecipesTest.exactMatchTest FAILED
    java.lang.RuntimeException: java.lang.NoSuchMethodException: [[Ljava.lang.Object;.clone()

        Caused by:
        java.lang.NoSuchMethodException: [[Ljava.lang.Object;.clone()

TestNG > Reflection > test.reflect.ReflectionRecipesTest.exactMatchTest FAILED
    java.lang.RuntimeException: java.lang.NoSuchMethodException: [[Ljava.lang.Object;.clone()

        Caused by:
        java.lang.NoSuchMethodException: [[Ljava.lang.Object;.clone()

TestNG > Reflection > test.reflect.ReflectionRecipesTest.exactMatchTest FAILED
    java.lang.RuntimeException: java.lang.NoSuchMethodException: [[Ljava.lang.Object;.clone()

        Caused by:
        java.lang.NoSuchMethodException: [[Ljava.lang.Object;.clone()

TestNG > Reflection > test.reflect.ReflectionRecipesTest.exactMatchTest FAILED
    java.lang.RuntimeException: java.lang.NoSuchMethodException: [[Ljava.lang.Object;.clone()

        Caused by:
        java.lang.NoSuchMethodException: [[Ljava.lang.Object;.clone()

TestNG > Reflection > test.reflect.ReflectionRecipesTest.exactMatchTest FAILED
    java.lang.RuntimeException: java.lang.NoSuchMethodException: [[Ljava.lang.Object;.clone()

        Caused by:
        java.lang.NoSuchMethodException: [[Ljava.lang.Object;.clone()

TestNG > Reflection > test.reflect.ReflectionRecipesTest.exactMatchTest FAILED
    java.lang.RuntimeException: java.lang.NoSuchMethodException: [[Ljava.lang.Object;.clone()

        Caused by:
        java.lang.NoSuchMethodException: [[Ljava.lang.Object;.clone()

TestNG > Reflection > test.reflect.ReflectionRecipesTest.exactMatchTest FAILED
    java.lang.RuntimeException: java.lang.NoSuchMethodException: [[Ljava.lang.Object;.clone()

        Caused by:
        java.lang.NoSuchMethodException: [[Ljava.lang.Object;.clone()

TestNG > Reflection > test.reflect.ReflectionRecipesTest.exactMatchTest FAILED
    java.lang.RuntimeException: java.lang.NoSuchMethodException: [[Ljava.lang.Object;.clone()

        Caused by:
        java.lang.NoSuchMethodException: [[Ljava.lang.Object;.clone()

TestNG > Reflection STANDARD_OUT
    matchArrayEndingDP:
    s0, [[Ljava.lang.Object;@4e8bfbdb
    s0, [[Ljava.lang.Object;@219a8119
    s0, [[Ljava.lang.Object;@1bb74018
    s0, [[Ljava.lang.Object;@f4232d5
    s0, [[Ljava.lang.Object;@1e8645c5
    s1, [[Ljava.lang.Object;@6be18d45
    s1, [[Ljava.lang.Object;@4a77b7a1
    s1, [[Ljava.lang.Object;@54bdf0a0
    s1, [[Ljava.lang.Object;@78b93f9f
    s1, [[Ljava.lang.Object;@1f550e68

TestNG > Reflection > test.reflect.ReflectionRecipesTest.matchArrayEndingTest FAILED
    java.lang.RuntimeException: java.lang.NoSuchMethodException: [[Ljava.lang.Object;.clone()

        Caused by:
        java.lang.NoSuchMethodException: [[Ljava.lang.Object;.clone()

TestNG > Reflection > test.reflect.ReflectionRecipesTest.matchArrayEndingTest FAILED
    java.lang.RuntimeException: java.lang.NoSuchMethodException: [[Ljava.lang.Object;.clone()

        Caused by:
        java.lang.NoSuchMethodException: [[Ljava.lang.Object;.clone()

TestNG > Reflection > test.reflect.ReflectionRecipesTest.matchArrayEndingTest FAILED
    java.lang.RuntimeException: java.lang.NoSuchMethodException: [[Ljava.lang.Object;.clone()

        Caused by:
        java.lang.NoSuchMethodException: [[Ljava.lang.Object;.clone()

TestNG > Reflection > test.reflect.ReflectionRecipesTest.matchArrayEndingTest FAILED
    java.lang.RuntimeException: java.lang.NoSuchMethodException: [[Ljava.lang.Object;.clone()

        Caused by:
        java.lang.NoSuchMethodException: [[Ljava.lang.Object;.clone()

TestNG > Reflection > test.reflect.ReflectionRecipesTest.matchArrayEndingTest FAILED
    java.lang.RuntimeException: java.lang.NoSuchMethodException: [[Ljava.lang.Object;.clone()

        Caused by:
        java.lang.NoSuchMethodException: [[Ljava.lang.Object;.clone()

TestNG > Reflection > test.reflect.ReflectionRecipesTest.matchArrayEndingTest FAILED
    java.lang.RuntimeException: java.lang.NoSuchMethodException: [[Ljava.lang.Object;.clone()

        Caused by:
        java.lang.NoSuchMethodException: [[Ljava.lang.Object;.clone()

TestNG > Reflection > test.reflect.ReflectionRecipesTest.matchArrayEndingTest FAILED
    java.lang.RuntimeException: java.lang.NoSuchMethodException: [[Ljava.lang.Object;.clone()

        Caused by:
        java.lang.NoSuchMethodException: [[Ljava.lang.Object;.clone()

TestNG > Reflection > test.reflect.ReflectionRecipesTest.matchArrayEndingTest FAILED
    java.lang.RuntimeException: java.lang.NoSuchMethodException: [[Ljava.lang.Object;.clone()

        Caused by:
        java.lang.NoSuchMethodException: [[Ljava.lang.Object;.clone()

TestNG > Reflection > test.reflect.ReflectionRecipesTest.matchArrayEndingTest FAILED
    java.lang.RuntimeException: java.lang.NoSuchMethodException: [[Ljava.lang.Object;.clone()

        Caused by:
        java.lang.NoSuchMethodException: [[Ljava.lang.Object;.clone()

TestNG > Reflection > test.reflect.ReflectionRecipesTest.matchArrayEndingTest FAILED
    java.lang.RuntimeException: java.lang.NoSuchMethodException: [[Ljava.lang.Object;.clone()

        Caused by:
        java.lang.NoSuchMethodException: [[Ljava.lang.Object;.clone()

TestNG > Reflection > test.reflect.ReflectionRecipesTest.testFilters FAILED
    java.lang.RuntimeException: java.lang.NoSuchMethodException: [Lorg.testng.internal.reflect.Parameter;.clone()

        Caused by:
        java.lang.NoSuchMethodException: [Lorg.testng.internal.reflect.Parameter;.clone()

TestNG > Reflection > test.reflect.ReflectionRecipesTest.testFilters FAILED
    java.lang.RuntimeException: java.lang.NoSuchMethodException: [Lorg.testng.internal.reflect.Parameter;.clone()

        Caused by:
        java.lang.NoSuchMethodException: [Lorg.testng.internal.reflect.Parameter;.clone()

TestNG > Reflection > test.reflect.ReflectionRecipesTest.testFilters FAILED
    java.lang.RuntimeException: java.lang.NoSuchMethodException: [Lorg.testng.internal.reflect.Parameter;.clone()

        Caused by:
        java.lang.NoSuchMethodException: [Lorg.testng.internal.reflect.Parameter;.clone()

TestNG > Reflection > test.reflect.ReflectionRecipesTest.testFilters FAILED
    java.lang.RuntimeException: java.lang.NoSuchMethodException: [Lorg.testng.internal.reflect.Parameter;.clone()

        Caused by:
        java.lang.NoSuchMethodException: [Lorg.testng.internal.reflect.Parameter;.clone()

TestNG > Reflection > test.reflect.ReflectionRecipesTest.testInject FAILED
    java.lang.RuntimeException: java.lang.NoSuchMethodException: [Lorg.testng.internal.reflect.Parameter;.clone()

        Caused by:
        java.lang.NoSuchMethodException: [Lorg.testng.internal.reflect.Parameter;.clone()

TestNG > Reflection > test.reflect.ReflectionRecipesTest.testInject FAILED
    java.lang.RuntimeException: java.lang.NoSuchMethodException: [Lorg.testng.internal.reflect.Parameter;.clone()

        Caused by:
        java.lang.NoSuchMethodException: [Lorg.testng.internal.reflect.Parameter;.clone()

TestNG > Reflection > test.reflect.ReflectionRecipesTest.testInject FAILED
    java.lang.RuntimeException: java.lang.NoSuchMethodException: [Lorg.testng.internal.reflect.Parameter;.clone()

        Caused by:
        java.lang.NoSuchMethodException: [Lorg.testng.internal.reflect.Parameter;.clone()

TestNG > Reflection > test.reflect.ReflectionRecipesTest.testInject FAILED
    java.lang.RuntimeException: java.lang.NoSuchMethodException: [Lorg.testng.internal.reflect.Parameter;.clone()

        Caused by:
        java.lang.NoSuchMethodException: [Lorg.testng.internal.reflect.Parameter;.clone()

TestNG > Reflection > test.reflect.TestMethodMatcher.testMatcher FAILED
    java.lang.RuntimeException: java.lang.NoSuchMethodException: [Ljava.lang.Object;.clone()

        Caused by:
        java.lang.NoSuchMethodException: [Ljava.lang.Object;.clone()

TestNG > Reflection > test.reflect.TestMethodMatcher.testMatcher FAILED
    java.lang.RuntimeException: java.lang.NoSuchMethodException: [Ljava.lang.Object;.clone()

        Caused by:
        java.lang.NoSuchMethodException: [Ljava.lang.Object;.clone()

TestNG > Reflection > test.reflect.TestMethodMatcher.testMatcher FAILED
    java.lang.RuntimeException: java.lang.NoSuchMethodException: [Ljava.lang.Object;.clone()

        Caused by:
        java.lang.NoSuchMethodException: [Ljava.lang.Object;.clone()

TestNG > Reflection > test.reflect.TestMethodMatcher.testMatcher FAILED
    java.lang.RuntimeException: java.lang.NoSuchMethodException: [Ljava.lang.Object;.clone()

        Caused by:
        java.lang.NoSuchMethodException: [Ljava.lang.Object;.clone()

TestNG > Reflection > test.reflect.TestMethodMatcher.testMatcher FAILED
    java.lang.RuntimeException: java.lang.NoSuchMethodException: [Ljava.lang.Object;.clone()

        Caused by:
        java.lang.NoSuchMethodException: [Ljava.lang.Object;.clone()

TestNG > Reflection > test.reflect.TestMethodMatcher.testMatcher FAILED
    java.lang.RuntimeException: java.lang.NoSuchMethodException: [Ljava.lang.Object;.clone()

        Caused by:
        java.lang.NoSuchMethodException: [Ljava.lang.Object;.clone()

TestNG > Reflection > test.reflect.TestMethodMatcher.testMatcher FAILED
    java.lang.RuntimeException: java.lang.NoSuchMethodException: [Ljava.lang.Object;.clone()

        Caused by:
        java.lang.NoSuchMethodException: [Ljava.lang.Object;.clone()

TestNG > Reflection > test.reflect.TestMethodMatcher.testMatcher FAILED
    java.lang.RuntimeException: java.lang.NoSuchMethodException: [Ljava.lang.Object;.clone()

        Caused by:
        java.lang.NoSuchMethodException: [Ljava.lang.Object;.clone()

TestNG > Reflection > test.reflect.TestMethodMatcher.testNegativeCaseMatcher FAILED
    java.lang.RuntimeException: java.lang.NoSuchMethodException: [Ljava.lang.Object;.clone()

        Caused by:
        java.lang.NoSuchMethodException: [Ljava.lang.Object;.clone()

TestNG > Reflection > test.reflect.TestMethodMatcher.testNegativeCaseMatcher FAILED
    java.lang.RuntimeException: java.lang.NoSuchMethodException: [Ljava.lang.Object;.clone()

        Caused by:
        java.lang.NoSuchMethodException: [Ljava.lang.Object;.clone()

TestNG > Reflection > test.reflect.TestMethodMatcher.testNegativeCaseMatcher FAILED
    java.lang.RuntimeException: java.lang.NoSuchMethodException: [Ljava.lang.Object;.clone()

        Caused by:
        java.lang.NoSuchMethodException: [Ljava.lang.Object;.clone()

test.inject.InjectBeforeMethodTest.before FAILED
    java.lang.NoSuchMethodException: [Ljava.lang.Object;.clone()

TestNG > Injection > test.inject.InjectBeforeMethodTest.f[0](a) SKIPPED

TestNG > Injection > test.inject.InjectBeforeMethodTest.f[1](b) SKIPPED

TestNG > Dependents > test.dependent.xml.GroupDependencyTest.verifyGroupMulti FAILED
    java.lang.RuntimeException: java.lang.NoSuchMethodException: [Ljava.lang.String;.clone()

        Caused by:
        java.lang.NoSuchMethodException: [Ljava.lang.String;.clone()

TestNG > Dependents > test.dependent.xml.GroupDependencyTest.verifyGroupMulti FAILED
    java.lang.RuntimeException: java.lang.NoSuchMethodException: [Ljava.lang.String;.clone()

        Caused by:
        java.lang.NoSuchMethodException: [Ljava.lang.String;.clone()

TestNG > Dependents > test.dependent.xml.GroupDependencyTest.verifyGroupMulti FAILED
    java.lang.RuntimeException: java.lang.NoSuchMethodException: [Ljava.lang.String;.clone()

        Caused by:
        java.lang.NoSuchMethodException: [Ljava.lang.String;.clone()

TestNG > Dependents > test.dependent.xml.GroupDependencyTest.verifyGroupMulti FAILED
    java.lang.RuntimeException: java.lang.NoSuchMethodException: [Ljava.lang.String;.clone()

        Caused by:
        java.lang.NoSuchMethodException: [Ljava.lang.String;.clone()

TestNG > Dependents > test.dependent.xml.GroupDependencyTest.verifyGroupMulti FAILED
    java.lang.RuntimeException: java.lang.NoSuchMethodException: [Ljava.lang.String;.clone()

        Caused by:
        java.lang.NoSuchMethodException: [Ljava.lang.String;.clone()

TestNG > Dependents > test.dependent.xml.GroupDependencyTest.verifyGroupMulti FAILED
    java.lang.RuntimeException: java.lang.NoSuchMethodException: [Ljava.lang.String;.clone()

        Caused by:
        java.lang.NoSuchMethodException: [Ljava.lang.String;.clone()

TestNG > Dependents > test.dependent.xml.GroupDependencyTest.verifyGroupSingle FAILED
    java.lang.RuntimeException: java.lang.NoSuchMethodException: [Ljava.lang.String;.clone()

        Caused by:
        java.lang.NoSuchMethodException: [Ljava.lang.String;.clone()

TestNG > Dependents > test.dependent.xml.GroupDependencyTest.verifyGroupSingle FAILED
    java.lang.RuntimeException: java.lang.NoSuchMethodException: [Ljava.lang.String;.clone()

        Caused by:
        java.lang.NoSuchMethodException: [Ljava.lang.String;.clone()

TestNG > Dependents > test.dependent.xml.GroupDependencyTest.verifyGroupSingle FAILED
    java.lang.RuntimeException: java.lang.NoSuchMethodException: [Ljava.lang.String;.clone()

        Caused by:
        java.lang.NoSuchMethodException: [Ljava.lang.String;.clone()

TestNG > Dependents > test.dependent.xml.GroupDependencyTest.verifyGroupSingle FAILED
    java.lang.RuntimeException: java.lang.NoSuchMethodException: [Ljava.lang.String;.clone()

        Caused by:
        java.lang.NoSuchMethodException: [Ljava.lang.String;.clone()

TestNG > Dependents > test.dependent.xml.GroupDependencyTest.verifyGroupSingle FAILED
    java.lang.RuntimeException: java.lang.NoSuchMethodException: [Ljava.lang.String;.clone()

        Caused by:
        java.lang.NoSuchMethodException: [Ljava.lang.String;.clone()

TestNG > Dependents > test.dependent.xml.GroupDependencyTest.verifyGroupSingle FAILED
    java.lang.RuntimeException: java.lang.NoSuchMethodException: [Ljava.lang.String;.clone()

        Caused by:
        java.lang.NoSuchMethodException: [Ljava.lang.String;.clone()

TestNG > Inheritance > test.inheritance.testng471.TestNG471.test_classes_should_not_be_skipped_when_a_after_method_fails STANDARD_OUT
    [TestRunner] Running the tests in 'Command line test' with parallel mode:none
    [RunInfo] Adding method selector: org.testng.internal.XmlMethodSelector@e8e1f6e priority: 10
    [TestClass] Creating TestClass for [ClassImpl class=test.inheritance.testng471.Class1]
    [TestClass] Adding method Class1.test1_2()[pri:0, instance:null] on TestClass class test.inheritance.testng471.Class1
    [TestClass] Adding method Class1.test1_1()[pri:0, instance:null] on TestClass class test.inheritance.testng471.Class1
    [XmlMethodSelector] Including method test.inheritance.testng471.beforeClass1()
    [XmlMethodSelector] Including method test.inheritance.testng471.beforeSuperClass1()
    [MethodInheritance] Class1.beforeClass1()[pri:0, instance:null] DEPENDS ON SuperClass1.beforeSuperClass1()[pri:0, instance:null]
    [XmlMethodSelector] Including method test.inheritance.testng471.afterClass1()
    [XmlMethodSelector] Including method test.inheritance.testng471.beforeMethodClass1()
    [XmlMethodSelector] Including method test.inheritance.testng471.afterMethodClass1()
    [TestClass] Creating TestClass for [ClassImpl class=test.inheritance.testng471.Class2]
    [TestClass] Adding method Class2.test2_1()[pri:0, instance:null] on TestClass class test.inheritance.testng471.Class2
    [TestClass] Adding method Class2.test2_2()[pri:0, instance:null] on TestClass class test.inheritance.testng471.Class2
    [XmlMethodSelector] Including method test.inheritance.testng471.beforeClass2()
    [MethodInheritance] Class2.beforeClass2()[pri:0, instance:null] DEPENDS ON SuperClass1.beforeSuperClass1()[pri:0, instance:null]
    [XmlMethodSelector] Including method test.inheritance.testng471.afterClass2()
    [XmlMethodSelector] Including method test.inheritance.testng471.beforeMethodClass2()
    [XmlMethodSelector] Including method test.inheritance.testng471.afterMethodClass2()
    [TestClass] Creating TestClass for [ClassImpl class=test.inheritance.testng471.Class3]
    [TestClass] Adding method Class3.test3_2()[pri:0, instance:null] on TestClass class test.inheritance.testng471.Class3
    [TestClass] Adding method Class3.test3_1()[pri:0, instance:null] on TestClass class test.inheritance.testng471.Class3
    [XmlMethodSelector] Including method test.inheritance.testng471.beforeClass3()
    [XmlMethodSelector] Including method test.inheritance.testng471.beforeSuperClass2()
    [MethodInheritance] Class3.beforeClass3()[pri:0, instance:null] DEPENDS ON SuperClass2.beforeSuperClass2()[pri:0, instance:null]
    [XmlMethodSelector] Including method test.inheritance.testng471.afterClass3()
    [XmlMethodSelector] Including method test.inheritance.testng471.beforeMethodClass3()
    [XmlMethodSelector] Including method test.inheritance.testng471.afterMethodClass3()
    [XmlMethodSelector] Including method test.inheritance.testng471.test1_2()
    [XmlMethodSelector] Including method test.inheritance.testng471.test1_1()
    [XmlMethodSelector] Including method test.inheritance.testng471.test2_1()
    [XmlMethodSelector] Including method test.inheritance.testng471.test2_2()
    [XmlMethodSelector] Including method test.inheritance.testng471.test3_2()
    [XmlMethodSelector] Including method test.inheritance.testng471.test3_1()
    [TestNG] Running:
      Command line suite

    [SuiteRunner] Created 1 TestRunners
    [TestRunner] Running test Command line test on 3  classes,  included groups:[] excluded groups:[]
    ===== Test class
    test.inheritance.testng471.Class1
      @BeforeClass SuperClass1.beforeSuperClass1()[pri:0, instance:test.inheritance.testng471.Class1@9dc9861]
      @BeforeClass Class1.beforeClass1()[pri:0, instance:test.inheritance.testng471.Class1@9dc9861]
      @BeforeMethod Class1.beforeMethodClass1()[pri:0, instance:test.inheritance.testng471.Class1@9dc9861]
        @Test Class1.test1_2()[pri:0, instance:test.inheritance.testng471.Class1@9dc9861]
        @Test Class1.test1_1()[pri:0, instance:test.inheritance.testng471.Class1@9dc9861]
      @AfterMethod Class1.afterMethodClass1()[pri:0, instance:test.inheritance.testng471.Class1@9dc9861]
      @AfterClass Class1.afterClass1()[pri:0, instance:test.inheritance.testng471.Class1@9dc9861]
    ======
    ===== Test class
    test.inheritance.testng471.Class2
      @BeforeClass SuperClass1.beforeSuperClass1()[pri:0, instance:test.inheritance.testng471.Class2@1c202e3a]
      @BeforeClass Class2.beforeClass2()[pri:0, instance:test.inheritance.testng471.Class2@1c202e3a]
      @BeforeMethod Class2.beforeMethodClass2()[pri:0, instance:test.inheritance.testng471.Class2@1c202e3a]
        @Test Class2.test2_1()[pri:0, instance:test.inheritance.testng471.Class2@1c202e3a]
        @Test Class2.test2_2()[pri:0, instance:test.inheritance.testng471.Class2@1c202e3a]
      @AfterMethod Class2.afterMethodClass2()[pri:0, instance:test.inheritance.testng471.Class2@1c202e3a]
      @AfterClass Class2.afterClass2()[pri:0, instance:test.inheritance.testng471.Class2@1c202e3a]
    ======
    ===== Test class
    test.inheritance.testng471.Class3
      @BeforeClass SuperClass2.beforeSuperClass2()[pri:0, instance:test.inheritance.testng471.Class3@2ff5054c]
      @BeforeClass Class3.beforeClass3()[pri:0, instance:test.inheritance.testng471.Class3@2ff5054c]
      @BeforeMethod Class3.beforeMethodClass3()[pri:0, instance:test.inheritance.testng471.Class3@2ff5054c]
        @Test Class3.test3_2()[pri:0, instance:test.inheritance.testng471.Class3@2ff5054c]
        @Test Class3.test3_1()[pri:0, instance:test.inheritance.testng471.Class3@2ff5054c]
      @AfterMethod Class3.afterMethodClass3()[pri:0, instance:test.inheritance.testng471.Class3@2ff5054c]
      @AfterClass Class3.afterClass3()[pri:0, instance:test.inheritance.testng471.Class3@2ff5054c]
    ======
    [Invoker 1656840840] Keeping method SuperClass1.beforeSuperClass1()[pri:0, instance:test.inheritance.testng471.Class1@9dc9861] for class [TestClass name=class test.inheritance.testng471.Class1]
    [Invoker 1656840840] Keeping method Class1.beforeClass1()[pri:0, instance:test.inheritance.testng471.Class1@9dc9861] for class [TestClass name=class test.inheritance.testng471.Class1]
    [Invoker 1656840840] Invoking @BeforeClass SuperClass1.beforeSuperClass1()[pri:0, instance:test.inheritance.testng471.Class1@9dc9861]
    [Invoker 1656840840] Invoking @BeforeClass Class1.beforeClass1()[pri:0, instance:test.inheritance.testng471.Class1@9dc9861]
    [Invoker 1656840840] Keeping method Class1.beforeMethodClass1()[pri:0, instance:test.inheritance.testng471.Class1@9dc9861] for class [TestClass name=class test.inheritance.testng471.Class1]
    [Invoker 1656840840] Keeping method Class1.afterMethodClass1()[pri:0, instance:test.inheritance.testng471.Class1@9dc9861] for class [TestClass name=class test.inheritance.testng471.Class1]
    [Invoker 1656840840] Keeping method Class1.beforeMethodClass1()[pri:0, instance:test.inheritance.testng471.Class1@9dc9861] for class [TestClass name=class test.inheritance.testng471.Class1]
    [Invoker 1656840840] Invoking @BeforeMethod Class1.beforeMethodClass1()[pri:0, instance:test.inheritance.testng471.Class1@9dc9861]
    [Invoker 1656840840] Invoking test.inheritance.testng471.Class1.test1_1
    [Invoker 1656840840] Keeping method Class1.afterMethodClass1()[pri:0, instance:test.inheritance.testng471.Class1@9dc9861] for class [TestClass name=class test.inheritance.testng471.Class1]
    [Invoker 1656840840] Invoking @AfterMethod Class1.afterMethodClass1()[pri:0, instance:test.inheritance.testng471.Class1@9dc9861]
    Failed to invoke configuration method test.inheritance.testng471.Class1.afterMethodClass1:null
    [Invoker 1656840840] Keeping method Class1.beforeMethodClass1()[pri:0, instance:test.inheritance.testng471.Class1@9dc9861] for class [TestClass name=class test.inheritance.testng471.Class1]
    [Invoker 1656840840] Keeping method Class1.afterMethodClass1()[pri:0, instance:test.inheritance.testng471.Class1@9dc9861] for class [TestClass name=class test.inheritance.testng471.Class1]
    [Invoker 1656840840] Keeping method Class1.beforeMethodClass1()[pri:0, instance:test.inheritance.testng471.Class1@9dc9861] for class [TestClass name=class test.inheritance.testng471.Class1]
    [Invoker 1656840840] Keeping method Class1.afterMethodClass1()[pri:0, instance:test.inheritance.testng471.Class1@9dc9861] for class [TestClass name=class test.inheritance.testng471.Class1]
    [Invoker 1656840840] Keeping method Class1.afterClass1()[pri:0, instance:test.inheritance.testng471.Class1@9dc9861] for class [TestClass name=class test.inheritance.testng471.Class1]
    [Invoker 1656840840] Keeping method SuperClass1.beforeSuperClass1()[pri:0, instance:test.inheritance.testng471.Class2@1c202e3a] for class [TestClass name=class test.inheritance.testng471.Class2]
    [Invoker 1656840840] Keeping method Class2.beforeClass2()[pri:0, instance:test.inheritance.testng471.Class2@1c202e3a] for class [TestClass name=class test.inheritance.testng471.Class2]
    [Invoker 1656840840] Invoking @BeforeClass SuperClass1.beforeSuperClass1()[pri:0, instance:test.inheritance.testng471.Class2@1c202e3a]
    [Invoker 1656840840] Invoking @BeforeClass Class2.beforeClass2()[pri:0, instance:test.inheritance.testng471.Class2@1c202e3a]
    [Invoker 1656840840] Keeping method Class2.beforeMethodClass2()[pri:0, instance:test.inheritance.testng471.Class2@1c202e3a] for class [TestClass name=class test.inheritance.testng471.Class2]
    [Invoker 1656840840] Keeping method Class2.afterMethodClass2()[pri:0, instance:test.inheritance.testng471.Class2@1c202e3a] for class [TestClass name=class test.inheritance.testng471.Class2]
    [Invoker 1656840840] Keeping method Class2.beforeMethodClass2()[pri:0, instance:test.inheritance.testng471.Class2@1c202e3a] for class [TestClass name=class test.inheritance.testng471.Class2]
    [Invoker 1656840840] Invoking @BeforeMethod Class2.beforeMethodClass2()[pri:0, instance:test.inheritance.testng471.Class2@1c202e3a]
    [Invoker 1656840840] Invoking test.inheritance.testng471.Class2.test2_1
    [Invoker 1656840840] Keeping method Class2.afterMethodClass2()[pri:0, instance:test.inheritance.testng471.Class2@1c202e3a] for class [TestClass name=class test.inheritance.testng471.Class2]
    [Invoker 1656840840] Invoking @AfterMethod Class2.afterMethodClass2()[pri:0, instance:test.inheritance.testng471.Class2@1c202e3a]
    [Invoker 1656840840] Keeping method Class2.beforeMethodClass2()[pri:0, instance:test.inheritance.testng471.Class2@1c202e3a] for class [TestClass name=class test.inheritance.testng471.Class2]
    [Invoker 1656840840] Keeping method Class2.afterMethodClass2()[pri:0, instance:test.inheritance.testng471.Class2@1c202e3a] for class [TestClass name=class test.inheritance.testng471.Class2]
    [Invoker 1656840840] Keeping method Class2.beforeMethodClass2()[pri:0, instance:test.inheritance.testng471.Class2@1c202e3a] for class [TestClass name=class test.inheritance.testng471.Class2]
    [Invoker 1656840840] Invoking @BeforeMethod Class2.beforeMethodClass2()[pri:0, instance:test.inheritance.testng471.Class2@1c202e3a]
    [Invoker 1656840840] Invoking test.inheritance.testng471.Class2.test2_2
    [Invoker 1656840840] Keeping method Class2.afterMethodClass2()[pri:0, instance:test.inheritance.testng471.Class2@1c202e3a] for class [TestClass name=class test.inheritance.testng471.Class2]
    [Invoker 1656840840] Invoking @AfterMethod Class2.afterMethodClass2()[pri:0, instance:test.inheritance.testng471.Class2@1c202e3a]
    [Invoker 1656840840] Keeping method Class2.afterClass2()[pri:0, instance:test.inheritance.testng471.Class2@1c202e3a] for class [TestClass name=class test.inheritance.testng471.Class2]
    [Invoker 1656840840] Invoking @AfterClass Class2.afterClass2()[pri:0, instance:test.inheritance.testng471.Class2@1c202e3a]
    [Invoker 1656840840] Keeping method SuperClass2.beforeSuperClass2()[pri:0, instance:test.inheritance.testng471.Class3@2ff5054c] for class [TestClass name=class test.inheritance.testng471.Class3]
    [Invoker 1656840840] Keeping method Class3.beforeClass3()[pri:0, instance:test.inheritance.testng471.Class3@2ff5054c] for class [TestClass name=class test.inheritance.testng471.Class3]
    [Invoker 1656840840] Invoking @BeforeClass SuperClass2.beforeSuperClass2()[pri:0, instance:test.inheritance.testng471.Class3@2ff5054c]
    [Invoker 1656840840] Invoking @BeforeClass Class3.beforeClass3()[pri:0, instance:test.inheritance.testng471.Class3@2ff5054c]
    [Invoker 1656840840] Keeping method Class3.beforeMethodClass3()[pri:0, instance:test.inheritance.testng471.Class3@2ff5054c] for class [TestClass name=class test.inheritance.testng471.Class3]
    [Invoker 1656840840] Keeping method Class3.afterMethodClass3()[pri:0, instance:test.inheritance.testng471.Class3@2ff5054c] for class [TestClass name=class test.inheritance.testng471.Class3]
    [Invoker 1656840840] Keeping method Class3.beforeMethodClass3()[pri:0, instance:test.inheritance.testng471.Class3@2ff5054c] for class [TestClass name=class test.inheritance.testng471.Class3]
    [Invoker 1656840840] Invoking @BeforeMethod Class3.beforeMethodClass3()[pri:0, instance:test.inheritance.testng471.Class3@2ff5054c]
    [Invoker 1656840840] Invoking test.inheritance.testng471.Class3.test3_1
    [Invoker 1656840840] Keeping method Class3.afterMethodClass3()[pri:0, instance:test.inheritance.testng471.Class3@2ff5054c] for class [TestClass name=class test.inheritance.testng471.Class3]
    [Invoker 1656840840] Invoking @AfterMethod Class3.afterMethodClass3()[pri:0, instance:test.inheritance.testng471.Class3@2ff5054c]
    [Invoker 1656840840] Keeping method Class3.beforeMethodClass3()[pri:0, instance:test.inheritance.testng471.Class3@2ff5054c] for class [TestClass name=class test.inheritance.testng471.Class3]
    [Invoker 1656840840] Keeping method Class3.afterMethodClass3()[pri:0, instance:test.inheritance.testng471.Class3@2ff5054c] for class [TestClass name=class test.inheritance.testng471.Class3]
    [Invoker 1656840840] Keeping method Class3.beforeMethodClass3()[pri:0, instance:test.inheritance.testng471.Class3@2ff5054c] for class [TestClass name=class test.inheritance.testng471.Class3]
    [Invoker 1656840840] Invoking @BeforeMethod Class3.beforeMethodClass3()[pri:0, instance:test.inheritance.testng471.Class3@2ff5054c]
    [Invoker 1656840840] Invoking test.inheritance.testng471.Class3.test3_2
    [Invoker 1656840840] Keeping method Class3.afterMethodClass3()[pri:0, instance:test.inheritance.testng471.Class3@2ff5054c] for class [TestClass name=class test.inheritance.testng471.Class3]
    [Invoker 1656840840] Invoking @AfterMethod Class3.afterMethodClass3()[pri:0, instance:test.inheritance.testng471.Class3@2ff5054c]
    [Invoker 1656840840] Keeping method Class3.afterClass3()[pri:0, instance:test.inheritance.testng471.Class3@2ff5054c] for class [TestClass name=class test.inheritance.testng471.Class3]
    [Invoker 1656840840] Invoking @AfterClass Class3.afterClass3()[pri:0, instance:test.inheritance.testng471.Class3@2ff5054c]
    ===== Invoked methods
      SuperClass1.beforeSuperClass1()[pri:0, instance:test.inheritance.testng471.Class1@9dc9861] 165451873
      Class1.beforeClass1()[pri:0, instance:test.inheritance.testng471.Class1@9dc9861] 165451873
      Class1.beforeMethodClass1()[pri:0, instance:test.inheritance.testng471.Class1@9dc9861] 165451873
        Class1.test1_1()[pri:0, instance:test.inheritance.testng471.Class1@9dc9861] 165451873
      Class1.afterMethodClass1()[pri:0, instance:test.inheritance.testng471.Class1@9dc9861] 165451873
        Class1.test1_2()[pri:0, instance:test.inheritance.testng471.Class1@9dc9861] 165451873
      SuperClass1.beforeSuperClass1()[pri:0, instance:test.inheritance.testng471.Class2@1c202e3a] 471871034
      Class2.beforeClass2()[pri:0, instance:test.inheritance.testng471.Class2@1c202e3a] 471871034
      Class2.beforeMethodClass2()[pri:0, instance:test.inheritance.testng471.Class2@1c202e3a] 471871034
        Class2.test2_1()[pri:0, instance:test.inheritance.testng471.Class2@1c202e3a] 471871034
      Class2.afterMethodClass2()[pri:0, instance:test.inheritance.testng471.Class2@1c202e3a] 471871034
      Class2.beforeMethodClass2()[pri:0, instance:test.inheritance.testng471.Class2@1c202e3a] 471871034
        Class2.test2_2()[pri:0, instance:test.inheritance.testng471.Class2@1c202e3a] 471871034
      Class2.afterMethodClass2()[pri:0, instance:test.inheritance.testng471.Class2@1c202e3a] 471871034
      Class2.afterClass2()[pri:0, instance:test.inheritance.testng471.Class2@1c202e3a] 471871034
      SuperClass2.beforeSuperClass2()[pri:0, instance:test.inheritance.testng471.Class3@2ff5054c] 804586828
      Class3.beforeClass3()[pri:0, instance:test.inheritance.testng471.Class3@2ff5054c] 804586828
      Class3.beforeMethodClass3()[pri:0, instance:test.inheritance.testng471.Class3@2ff5054c] 804586828
        Class3.test3_1()[pri:0, instance:test.inheritance.testng471.Class3@2ff5054c] 804586828
      Class3.afterMethodClass3()[pri:0, instance:test.inheritance.testng471.Class3@2ff5054c] 804586828
      Class3.beforeMethodClass3()[pri:0, instance:test.inheritance.testng471.Class3@2ff5054c] 804586828
        Class3.test3_2()[pri:0, instance:test.inheritance.testng471.Class3@2ff5054c] 804586828
      Class3.afterMethodClass3()[pri:0, instance:test.inheritance.testng471.Class3@2ff5054c] 804586828
      Class3.afterClass3()[pri:0, instance:test.inheritance.testng471.Class3@2ff5054c] 804586828
    =====

    ===============================================
    Command line suite
    Total tests run: 6, Failures: 0, Skips: 1
    Configuration Failures: 1, Skips: 3
    ===============================================


TestNG > Inheritance STANDARD_OUT
    [Invoker 1656840840] No configuration methods found
    [Invoker 1656840840] No configuration methods found
    [Invoker 1656840840] No configuration methods found

TestNG > Inheritance > test.SampleInheritance.testBooleans STANDARD_OUT
    [Invoker 1656840840] Invoking test.sample.BaseSampleInheritance.testBooleans

TestNG > Inheritance STANDARD_OUT
    [Invoker 1656840840] No configuration methods found
    [Invoker 1656840840] No configuration methods found

TestNG > Inheritance > test.SampleInheritance.inheritedMethodsWereCalledInOrder STANDARD_OUT
    [Invoker 1656840840] Invoking test.SampleInheritance.inheritedMethodsWereCalledInOrder

TestNG > Inheritance STANDARD_OUT
    [Invoker 1656840840] No configuration methods found
    [Invoker 1656840840] No configuration methods found
    [Invoker 1656840840] No configuration methods found

TestNG > Inheritance > test.inheritance.ClassScopeTest.verify STANDARD_OUT
    [Invoker 1656840840] Invoking test.inheritance.ClassScopeTest.verify

TestNG > Inheritance STANDARD_OUT
    [Invoker 1656840840] No configuration methods found
    [Invoker 1656840840] No configuration methods found
    ===== Invoked methods
      BaseSampleInheritance.baseConfiguration()[pri:0, instance:test.SampleInheritance@1af03a6c] 451951212
      SampleInheritance.configuration0()[pri:0, instance:test.SampleInheritance@1af03a6c] 451951212
      BaseSampleInheritance.configuration1()[pri:0, instance:test.SampleInheritance@1af03a6c] 451951212
      SampleInheritance.configuration2()[pri:0, instance:test.SampleInheritance@1af03a6c] 451951212
        BaseSampleInheritance.baseMethod()[pri:0, instance:test.SampleInheritance@1af03a6c] 451951212
        SampleInheritance.configurationsWereCalledInOrder()[pri:0, instance:test.SampleInheritance@1af03a6c] 451951212
        ClassScopeTest.setVerify()[pri:0, instance:test.inheritance.ClassScopeTest@3f5018fb] 1062213883
        TestNG739.test_classes_should_be_skipped_when_a_before_class_fails()[pri:0, instance:test.inheritance.testng739.TestNG739@f33e007] 255057927
        PolymorphicFailureTest.superclassFailureShouldCauseFailure()[pri:0, instance:test.inheritance.testng234.PolymorphicFailureTest@48e1d9a9] 1222760873
        TestNG471.test_classes_should_not_be_skipped_when_a_after_method_fails()[pri:0, instance:test.inheritance.testng471.TestNG471@7749878e] 2001307534
        BaseSampleInheritance.testBooleans()[pri:0, instance:test.SampleInheritance@1af03a6c] 451951212
        SampleInheritance.inheritedMethodsWereCalledInOrder()[pri:0, instance:test.SampleInheritance@1af03a6c] 451951212
        ClassScopeTest.verify()[pri:0, instance:test.inheritance.ClassScopeTest@3f5018fb] 1062213883
    =====

TestNG STANDARD_OUT
    [TestRunner] Running test Test outer scope on 1  classes,  included groups:[outer-group ] excluded groups:[]
    ===== Test class
    test.sample.Scope
        @Test Scope.outerDeprecated(java.lang.String)[pri:0, instance:test.sample.Scope@52509fe5]
        @Test Scope.innerDeprecated(java.lang.String)[pri:0, instance:test.sample.Scope@52509fe5]
    ======

TestNG > Test outer scope STANDARD_OUT
    [Invoker 1656840840] No configuration methods found
    [Invoker 1656840840] No configuration methods found

TestNG > Test outer scope > test.sample.Scope.outerDeprecated[0](out) STANDARD_OUT
    [Invoker 1656840840] Invoking test.sample.Scope.outerDeprecated

TestNG > Test outer scope STANDARD_OUT
    [Invoker 1656840840] No configuration methods found
    [Invoker 1656840840] No configuration methods found
    [Invoker 1656840840] No configuration methods found
    ===== Invoked methods
        Scope.outerDeprecated(java.lang.String)[pri:0, instance:test.sample.Scope@52509fe5]out  1381015525
    =====

TestNG STANDARD_OUT
    [TestRunner] Running test Test inner scope on 1  classes,  included groups:[inner-group ] excluded groups:[]
    ===== Test class
    test.sample.Scope
        @Test Scope.outerDeprecated(java.lang.String)[pri:0, instance:test.sample.Scope@441ff1de]
        @Test Scope.innerDeprecated(java.lang.String)[pri:0, instance:test.sample.Scope@441ff1de]
    ======

TestNG > Test inner scope STANDARD_OUT
    [Invoker 1656840840] No configuration methods found
    [Invoker 1656840840] No configuration methods found

TestNG > Test inner scope > test.sample.Scope.innerDeprecated[0](in) STANDARD_OUT
    [Invoker 1656840840] Invoking test.sample.Scope.innerDeprecated

TestNG > Test inner scope STANDARD_OUT
    [Invoker 1656840840] No configuration methods found
    [Invoker 1656840840] No configuration methods found
    [Invoker 1656840840] No configuration methods found
    ===== Invoked methods
        Scope.innerDeprecated(java.lang.String)[pri:0, instance:test.sample.Scope@441ff1de]in  1142944222
    =====

TestNG STANDARD_OUT
    [TestRunner] Running test AfterClassCalledAtEnd on 1  classes,  included groups:[] excluded groups:[]
    ===== Test class
    test.sample.AfterClassCalledAtEnd
      @BeforeClass AfterClassCalledAtEnd.before1Class()[pri:0, instance:test.sample.AfterClassCalledAtEnd@4d7e86f8]
        @Test AfterClassCalledAtEnd.test2()[pri:0, instance:test.sample.AfterClassCalledAtEnd@4d7e86f8]
        @Test AfterClassCalledAtEnd.test3()[pri:0, instance:test.sample.AfterClassCalledAtEnd@4d7e86f8]
        @Test AfterClassCalledAtEnd.test1()[pri:0, instance:test.sample.AfterClassCalledAtEnd@4d7e86f8]
      @AfterClass AfterClassCalledAtEnd.afterClass()[pri:0, instance:test.sample.AfterClassCalledAtEnd@4d7e86f8]
      @AfterClass BaseAfterClassCalledAtEnd.baseAfterClass()[pri:0, instance:test.sample.AfterClassCalledAtEnd@4d7e86f8]
    ======

TestNG > AfterClassCalledAtEnd STANDARD_OUT
    [Invoker 1656840840] Keeping method AfterClassCalledAtEnd.before1Class()[pri:0, instance:test.sample.AfterClassCalledAtEnd@4d7e86f8] for class [TestClass name=class test.sample.AfterClassCalledAtEnd]
    [Invoker 1656840840] Invoking @BeforeClass AfterClassCalledAtEnd.before1Class()[pri:0, instance:test.sample.AfterClassCalledAtEnd@4d7e86f8]
    [Invoker 1656840840] No configuration methods found

TestNG > AfterClassCalledAtEnd > test.sample.AfterClassCalledAtEnd.test1 STANDARD_OUT
    [Invoker 1656840840] Invoking test.sample.AfterClassCalledAtEnd.test1

TestNG > AfterClassCalledAtEnd STANDARD_OUT
    [Invoker 1656840840] No configuration methods found
    [Invoker 1656840840] No configuration methods found

TestNG > AfterClassCalledAtEnd > test.sample.AfterClassCalledAtEnd.test2 STANDARD_OUT
    [Invoker 1656840840] Invoking test.sample.AfterClassCalledAtEnd.test2

TestNG > AfterClassCalledAtEnd STANDARD_OUT
    [Invoker 1656840840] No configuration methods found
    [Invoker 1656840840] No configuration methods found

TestNG > AfterClassCalledAtEnd > test.sample.AfterClassCalledAtEnd.test3 STANDARD_OUT
    [Invoker 1656840840] Invoking test.sample.AfterClassCalledAtEnd.test3

TestNG > AfterClassCalledAtEnd STANDARD_OUT
    [Invoker 1656840840] No configuration methods found
    [Invoker 1656840840] Keeping method AfterClassCalledAtEnd.afterClass()[pri:0, instance:test.sample.AfterClassCalledAtEnd@4d7e86f8] for class [TestClass name=class test.sample.AfterClassCalledAtEnd]
    [Invoker 1656840840] Keeping method BaseAfterClassCalledAtEnd.baseAfterClass()[pri:0, instance:test.sample.AfterClassCalledAtEnd@4d7e86f8] for class [TestClass name=class test.sample.AfterClassCalledAtEnd]
    [Invoker 1656840840] Invoking @AfterClass AfterClassCalledAtEnd.afterClass()[pri:0, instance:test.sample.AfterClassCalledAtEnd@4d7e86f8]
    [Invoker 1656840840] Invoking @AfterClass BaseAfterClassCalledAtEnd.baseAfterClass()[pri:0, instance:test.sample.AfterClassCalledAtEnd@4d7e86f8]
    ===== Invoked methods
      AfterClassCalledAtEnd.before1Class()[pri:0, instance:test.sample.AfterClassCalledAtEnd@4d7e86f8] 1300137720
        AfterClassCalledAtEnd.test1()[pri:0, instance:test.sample.AfterClassCalledAtEnd@4d7e86f8] 1300137720
        AfterClassCalledAtEnd.test2()[pri:0, instance:test.sample.AfterClassCalledAtEnd@4d7e86f8] 1300137720
        AfterClassCalledAtEnd.test3()[pri:0, instance:test.sample.AfterClassCalledAtEnd@4d7e86f8] 1300137720
      AfterClassCalledAtEnd.afterClass()[pri:0, instance:test.sample.AfterClassCalledAtEnd@4d7e86f8] 1300137720
      BaseAfterClassCalledAtEnd.baseAfterClass()[pri:0, instance:test.sample.AfterClassCalledAtEnd@4d7e86f8] 1300137720
    =====

TestNG STANDARD_OUT
    [TestRunner] Running test Triangle on 2  classes,  included groups:[] excluded groups:[]
    ===== Test class
    test.triangle.Child1
      @BeforeClass Base.initBeforeTestClass()[pri:0, instance:test.triangle.Child1@12d798ef]
        @Test Child1.child1a()[pri:0, instance:test.triangle.Child1@12d798ef]
        @Test Child1.child1()[pri:0, instance:test.triangle.Child1@12d798ef]
      @AfterClass Base.postAfterTestClass()[pri:0, instance:test.triangle.Child1@12d798ef]
    ======
    ===== Test class
    test.triangle.Child2
      @BeforeClass Base.initBeforeTestClass()[pri:0, instance:test.triangle.Child2@1120b455]
        @Test Child2.child2()[pri:0, instance:test.triangle.Child2@1120b455]
      @AfterClass Base.postAfterTestClass()[pri:0, instance:test.triangle.Child2@1120b455]
    ======

TestNG > Triangle STANDARD_OUT
    [Invoker 1656840840] Keeping method Base.initBeforeTestClass()[pri:0, instance:test.triangle.Child1@12d798ef] for class [TestClass name=class test.triangle.Child1]
    [Invoker 1656840840] Invoking @BeforeClass Base.initBeforeTestClass()[pri:0, instance:test.triangle.Child1@12d798ef]
    [Invoker 1656840840] No configuration methods found

TestNG > Triangle > test.triangle.Child1.child1 STANDARD_OUT
    [Invoker 1656840840] Invoking test.triangle.Child1.child1

TestNG > Triangle STANDARD_OUT
    [Invoker 1656840840] No configuration methods found
    [Invoker 1656840840] No configuration methods found

TestNG > Triangle > test.triangle.Child1.child1a STANDARD_OUT
    [Invoker 1656840840] Invoking test.triangle.Child1.child1a

TestNG > Triangle STANDARD_OUT
    [Invoker 1656840840] No configuration methods found
    [Invoker 1656840840] Keeping method Base.postAfterTestClass()[pri:0, instance:test.triangle.Child1@12d798ef] for class [TestClass name=class test.triangle.Child1]
    [Invoker 1656840840] Invoking @AfterClass Base.postAfterTestClass()[pri:0, instance:test.triangle.Child1@12d798ef]
    [Invoker 1656840840] Keeping method Base.initBeforeTestClass()[pri:0, instance:test.triangle.Child2@1120b455] for class [TestClass name=class test.triangle.Child2]
    [Invoker 1656840840] Invoking @BeforeClass Base.initBeforeTestClass()[pri:0, instance:test.triangle.Child2@1120b455]
    [Invoker 1656840840] No configuration methods found

TestNG > Triangle > test.triangle.Child2.child2 STANDARD_OUT
    [Invoker 1656840840] Invoking test.triangle.Child2.child2

TestNG > Triangle STANDARD_OUT
    [Invoker 1656840840] No configuration methods found
    [Invoker 1656840840] Keeping method Base.postAfterTestClass()[pri:0, instance:test.triangle.Child2@1120b455] for class [TestClass name=class test.triangle.Child2]
    [Invoker 1656840840] Invoking @AfterClass Base.postAfterTestClass()[pri:0, instance:test.triangle.Child2@1120b455]
    ===== Invoked methods
      Base.initBeforeTestClass()[pri:0, instance:test.triangle.Child1@12d798ef] 316119279
        Child1.child1()[pri:0, instance:test.triangle.Child1@12d798ef] 316119279
        Child1.child1a()[pri:0, instance:test.triangle.Child1@12d798ef] 316119279
      Base.postAfterTestClass()[pri:0, instance:test.triangle.Child1@12d798ef] 316119279
      Base.initBeforeTestClass()[pri:0, instance:test.triangle.Child2@1120b455] 287355989
        Child2.child2()[pri:0, instance:test.triangle.Child2@1120b455] 287355989
      Base.postAfterTestClass()[pri:0, instance:test.triangle.Child2@1120b455] 287355989
    =====

TestNG STANDARD_OUT
    [TestRunner] Running test CheckTrianglePost on 1  classes,  included groups:[] excluded groups:[]
    ===== Test class
    test.triangle.CheckCount
        @Test CheckCount.testCheckCount(java.lang.String)[pri:0, instance:test.triangle.CheckCount@1c1a12f2]
        @Test CheckCount.testCheckCountDeprecated(java.lang.String)[pri:0, instance:test.triangle.CheckCount@1c1a12f2]
    ======

TestNG > CheckTrianglePost STANDARD_OUT
    [Invoker 1656840840] No configuration methods found
    [Invoker 1656840840] No configuration methods found

TestNG > CheckTrianglePost > test.triangle.CheckCount.testCheckCount[0](2) STANDARD_OUT
    [Invoker 1656840840] Invoking test.triangle.CheckCount.testCheckCount

TestNG > CheckTrianglePost STANDARD_OUT
    [Invoker 1656840840] No configuration methods found
    [Invoker 1656840840] No configuration methods found

TestNG > CheckTrianglePost > test.triangle.CheckCount.testCheckCountDeprecated[0](2) STANDARD_OUT
    [Invoker 1656840840] Invoking test.triangle.CheckCount.testCheckCountDeprecated

TestNG > CheckTrianglePost STANDARD_OUT
    [Invoker 1656840840] No configuration methods found
    [Invoker 1656840840] No configuration methods found
    ===== Invoked methods
        CheckCount.testCheckCount(java.lang.String)[pri:0, instance:test.triangle.CheckCount@1c1a12f2]2  471470834
        CheckCount.testCheckCountDeprecated(java.lang.String)[pri:0, instance:test.triangle.CheckCount@1c1a12f2]2  471470834
    =====

TestNG STANDARD_OUT
    [TestRunner] Running test Test class groups 1 on 2  classes,  included groups:[] excluded groups:[]
    ===== Test class
    test.classgroup.Second
        @Test Second.verify()[pri:0, instance:test.classgroup.Second@6a5257e3]
    ======
    ===== Test class
    test.classgroup.First
        @Test First.first2()[pri:0, instance:test.classgroup.First@2be3ea72]
        @Test First.first1()[pri:0, instance:test.classgroup.First@2be3ea72]
    ======

TestNG > Test class groups 1 STANDARD_OUT
    [Invoker 1656840840] No configuration methods found
    [Invoker 1656840840] No configuration methods found

TestNG > Test class groups 1 > test.classgroup.First.first1 STANDARD_OUT
    [Invoker 1656840840] Invoking test.classgroup.First.first1

TestNG > Test class groups 1 STANDARD_OUT
    [Invoker 1656840840] No configuration methods found
    [Invoker 1656840840] No configuration methods found

TestNG > Test class groups 1 > test.classgroup.First.first2 STANDARD_OUT
    [Invoker 1656840840] Invoking test.classgroup.First.first2

TestNG > Test class groups 1 STANDARD_OUT
    [Invoker 1656840840] No configuration methods found
    [Invoker 1656840840] No configuration methods found
    [Invoker 1656840840] No configuration methods found
    [Invoker 1656840840] No configuration methods found
    [Invoker 1656840840] No configuration methods found

TestNG > Test class groups 1 > test.classgroup.Second.verify STANDARD_OUT
    [Invoker 1656840840] Invoking test.classgroup.Second.verify

TestNG > Test class groups 1 STANDARD_OUT
    [Invoker 1656840840] No configuration methods found
    [Invoker 1656840840] No configuration methods found
    ===== Invoked methods
        First.first1()[pri:0, instance:test.classgroup.First@2be3ea72] 736356978
        First.first2()[pri:0, instance:test.classgroup.First@2be3ea72] 736356978
        Second.verify()[pri:0, instance:test.classgroup.Second@6a5257e3] 1783781347
    =====

TestNG STANDARD_OUT
    [TestRunner] Running test Test class groups 2 on 2  classes,  included groups:[] excluded groups:[]
    ===== Test class
    test.classgroup.First
        @Test First.first2()[pri:0, instance:test.classgroup.First@17f5eae1]
        @Test First.first1()[pri:0, instance:test.classgroup.First@17f5eae1]
    ======
    ===== Test class
    test.classgroup.Second
        @Test Second.verify()[pri:0, instance:test.classgroup.Second@23712217]
    ======

TestNG > Test class groups 2 STANDARD_OUT
    [Invoker 1656840840] No configuration methods found
    [Invoker 1656840840] No configuration methods found

TestNG > Test class groups 2 > test.classgroup.First.first1 STANDARD_OUT
    [Invoker 1656840840] Invoking test.classgroup.First.first1

TestNG > Test class groups 2 STANDARD_OUT
    [Invoker 1656840840] No configuration methods found
    [Invoker 1656840840] No configuration methods found

TestNG > Test class groups 2 > test.classgroup.First.first2 STANDARD_OUT
    [Invoker 1656840840] Invoking test.classgroup.First.first2

TestNG > Test class groups 2 STANDARD_OUT
    [Invoker 1656840840] No configuration methods found
    [Invoker 1656840840] No configuration methods found
    [Invoker 1656840840] No configuration methods found
    [Invoker 1656840840] No configuration methods found
    [Invoker 1656840840] No configuration methods found

TestNG > Test class groups 2 > test.classgroup.Second.verify STANDARD_OUT
    [Invoker 1656840840] Invoking test.classgroup.Second.verify

TestNG > Test class groups 2 STANDARD_OUT
    [Invoker 1656840840] No configuration methods found
    [Invoker 1656840840] No configuration methods found
    ===== Invoked methods
        First.first1()[pri:0, instance:test.classgroup.First@17f5eae1] 401992417
        First.first2()[pri:0, instance:test.classgroup.First@17f5eae1] 401992417
        Second.verify()[pri:0, instance:test.classgroup.Second@23712217] 594616855
    =====

TestNG STANDARD_OUT
    [TestRunner] Running test Factory on 23  classes,  included groups:[] excluded groups:[]
    ===== Test class
    test.factory.FactoryTest
    ======
    ===== Test class
    test.factory.FactoryTest2
        @Test FactoryTest2.testInt()[pri:0, instance:[FactoryTest2 42]]
        @Test FactoryTest2.testInt()[pri:0, instance:[FactoryTest2 43]]
    ======
    ===== Test class
    test.factory.VerifyFactoryTest
        @Test VerifyFactoryTest.mainCheck()[pri:0, instance:test.factory.VerifyFactoryTest@4775937f]
    ======
    ===== Test class
    test.factory.FactoryInSeparateClass
        @Test FactoryInSeparateClass.checkSum()[pri:0, instance:test.factory.FactoryInSeparateClass@2d701630]
    ======
    ===== Test class
    test.factory.MyTest
        @Test MyTest.testMethod()[pri:0, instance:test.factory.MyTest@7b220bfe]
        @Test MyTest.testMethod()[pri:0, instance:test.factory.MyTest@169571]
        @Test MyTest.testMethod()[pri:0, instance:test.factory.MyTest@55c8884c]
        @Test MyTest.verifyThatTestMethodOnFactoryClassWasRun()[pri:0, instance:test.factory.MyTest@7b220bfe]
        @Test MyTest.verifyThatTestMethodOnFactoryClassWasRun()[pri:0, instance:test.factory.MyTest@169571]
        @Test MyTest.verifyThatTestMethodOnFactoryClassWasRun()[pri:0, instance:test.factory.MyTest@55c8884c]
    ======
    ===== Test class
    test.factory.Factory2Test
    ======
    ===== Test class
    test.factory.Sample2
      @BeforeMethod Sample2.setUp()[pri:0, instance:test.factory.Sample2@7785db57]
        @Test Sample2.testInputImages()[pri:0, instance:test.factory.Sample2@1c935ec0]
        @Test Sample2.testInputImages()[pri:0, instance:test.factory.Sample2@7785db57]
        @Test Sample2.testImages()[pri:0, instance:test.factory.Sample2@1c935ec0]
        @Test Sample2.testImages()[pri:0, instance:test.factory.Sample2@7785db57]
      @AfterMethod Sample2.tearDown()[pri:0, instance:test.factory.Sample2@7785db57]
    ======
    ===== Test class
    test.factory.FactoryWithInstanceInfoTest
    ======
    ===== Test class
    test.factory.FactoryWithInstanceInfoTest2
        @Test FactoryWithInstanceInfoTest2.testInt()[pri:0, instance:test.factory.FactoryWithInstanceInfoTest2@438c75cb]
        @Test FactoryWithInstanceInfoTest2.testInt()[pri:0, instance:test.factory.FactoryWithInstanceInfoTest2@52170f1e]
    ======
    ===== Test class
    test.factory.VerifyFactoryWithInstanceInfoTest
        @Test VerifyFactoryWithInstanceInfoTest.mainCheck()[pri:0, instance:test.factory.VerifyFactoryWithInstanceInfoTest@17eeb3fe]
    ======
    ===== Test class
    test.factory.TestClassAnnotationTest
        @Test TestClassAnnotationTest.testOne()[pri:0, instance:test.factory.TestClassAnnotationTest@715ab82b]
      @AfterClass TestClassAnnotationTest.verify()[pri:0, instance:test.factory.TestClassAnnotationTest@715ab82b]
    ======
    ===== Test class
    test.factory.FactoryWithDataProviderTest
        @Test FactoryWithDataProviderTest.verifyDataProvider()[pri:0, instance:test.factory.FactoryWithDataProviderTest@134984bd]
    ======
    ===== Test class
    test.factory.FactoryOrderMainTest
        @Test FactoryOrderMainTest.factoriesShouldBeInvokedInTheOrderOfCreation()[pri:0, instance:test.factory.FactoryOrderMainTest@741b4080]
    ======
    ===== Test class
    test.factory.FactoryFailureTest
        @Test FactoryFailureTest.factoryThrowingShouldNotRunTests()[pri:0, instance:test.factory.FactoryFailureTest@132647d7]
    ======
    ===== Test class
    test.factory.FactoryInSuperClassTest
        @Test FactoryInSuperClassTest.factoryInSuperClassShouldWork()[pri:0, instance:test.factory.FactoryInSuperClassTest@37192e78]
    ======
    ===== Test class
    test.factory.classconf.XClassOrderWithFactoryTest
        @Test XClassOrderWithFactoryTest.testBeforeAfterClassInvocationsWithFactory()[pri:0, instance:test.factory.classconf.XClassOrderWithFactoryTest@682a284a]
    ======
    ===== Test class
    test.factory.FactoryInterleavingTest
        @Test FactoryInterleavingTest.methodsShouldBeInterleaved()[pri:0, instance:test.factory.FactoryInterleavingTest@461b7a8f]
    ======
    ===== Test class
    test.factory.FactoryDataProviderTest
        @Test FactoryDataProviderTest.factoryWithNonStaticDataProviderShouldFail()[pri:0, instance:test.factory.FactoryDataProviderTest@67a29564]
        @Test FactoryDataProviderTest.factoryWithNonStaticDataProvider()[pri:0, instance:test.factory.FactoryDataProviderTest@67a29564]
        @Test FactoryDataProviderTest.factoryWithStaticDataProvider()[pri:0, instance:test.factory.FactoryDataProviderTest@67a29564]
        @Test FactoryDataProviderTest.factoryWithLocalDataProvider()[pri:0, instance:test.factory.FactoryDataProviderTest@67a29564]
    ======
    ===== Test class
    test.factory.DisabledFactoryTest
        @Test DisabledFactoryTest.disabledFactoryShouldNotRun()[pri:0, instance:test.factory.DisabledFactoryTest@19360d06]
    ======
    ===== Test class
    test.factory.FactoryAndTestMethodTest
    ======
    ===== Test class
    test.factory.FactoryAndTestMethodTest$NullArgsTest
        @Test FactoryAndTestMethodTest$NullArgsTest.test()[pri:0, instance:test.factory.FactoryAndTestMethodTest$NullArgsTest@20671e12]
    ======
    ===== Test class
    test.factory.FactoryIntegrationTest
        @Test FactoryIntegrationTest.testExceptionWithBadFactoryMethodReturnType()[pri:0, instance:test.factory.FactoryIntegrationTest@3d35d793]
        @Test FactoryIntegrationTest.testExceptionWithNonStaticFactoryMethod()[pri:0, instance:test.factory.FactoryIntegrationTest@3d35d793]
        @Test FactoryIntegrationTest.testNonPublicFactoryMethodShouldWork()[pri:0, instance:test.factory.FactoryIntegrationTest@3d35d793]
    ======
    ===== Test class
    test.factory.EmptyFactoryDataProviderTest
        @Test EmptyFactoryDataProviderTest.test()[pri:0, instance:test.factory.EmptyFactoryDataProviderTest@4ecf7ce4]
    ======

TestNG > Factory STANDARD_OUT
    [Invoker 1656840840] Keeping method FactoryInSeparateClass.beforeTest()[pri:0, instance:test.factory.FactoryInSeparateClass@2d701630] for class null
    [Invoker 1656840840] Invoking @BeforeTest FactoryInSeparateClass.beforeTest()[pri:0, instance:test.factory.FactoryInSeparateClass@2d701630]
    [Invoker 1656840840] No configuration methods found
    [Invoker 1656840840] No configuration methods found

TestNG > Factory > test.factory.TestClassAnnotationTest.testOne STANDARD_OUT
    [Invoker 1656840840] Invoking test.factory.TestClassAnnotationTest.testOne

TestNG > Factory STANDARD_OUT
    [Invoker 1656840840] No configuration methods found
    [Invoker 1656840840] Keeping method TestClassAnnotationTest.verify()[pri:0, instance:test.factory.TestClassAnnotationTest@715ab82b] for class [TestClass name=class test.factory.TestClassAnnotationTest]
    [Invoker 1656840840] Invoking @AfterClass TestClassAnnotationTest.verify()[pri:0, instance:test.factory.TestClassAnnotationTest@715ab82b]
    [Invoker 1656840840] No configuration methods found
    [Invoker 1656840840] No configuration methods found

TestNG > Factory > test.factory.FactoryWithDataProviderTest.verifyDataProvider STANDARD_OUT
    [Invoker 1656840840] Invoking test.factory.FactoryWithDataProviderTest.verifyDataProvider
    [[TestNG]] Adding ServiceLoader listener:test.serviceloader.MyConfigurationListener@6c3906f6
    [[TestNG]] Adding ServiceLoader listener:test.serviceloader.TmpSuiteListener@324b5f98

TestNG > Factory > test.factory.EmptyFactoryDataProviderTest.test STANDARD_OUT
    Warning: the data provider 'values' returned an empty array or iterator, so this test is not doing anything
    Warning: the data provider 'values' returned an empty array or iterator, so this test is not doing anything
    [TestNG] Running:
      Command line suite


    ===============================================
    Command line suite
    Total tests run: 0, Failures: 0, Skips: 0
    ===============================================


TestNG > TimeOut > test.timeout.TimeOutIntegrationTest.testTimeOutWhenParallelIsTest STANDARD_OUT
    [TestNG] Running:
      Command line suite


    ===============================================
    Command line suite
    Total tests run: 1, Failures: 1, Skips: 0
    ===============================================


TestNG > Method selectors > test.methodselectors.MethodSelectorInSuiteTest.fileOnCommandLine STANDARD_OUT
    [TestNGContentHandler] [WARN] It is strongly recommended to add "<!DOCTYPE suite SYSTEM "http://testng.org/testng-1.0.dtd" >" at the top of your file, otherwise TestNG may fail or not work as expected.

TestNG > Method selectors > test.methodselectors.MethodSelectorInSuiteTest.xmlXmlSuite STANDARD_OUT
    [TestNGContentHandler] [WARN] It is strongly recommended to add "<!DOCTYPE suite SYSTEM "http://testng.org/testng-1.0.dtd" >" at the top of your file, otherwise TestNG may fail or not work as expected.

TestNG > DataProvider > test.dataprovider.VarArgsDataProviderTest.testWithTwoEntriesInTestToolWindow FAILED
    java.lang.RuntimeException: java.lang.NoSuchMethodException: [Ljava.lang.String;.clone()

        Caused by:
        java.lang.NoSuchMethodException: [Ljava.lang.String;.clone()

TestNG > DataProvider > test.dataprovider.EmptyDataProviderTest.test STANDARD_OUT
    [TestNG] Running:
      Command line suite

    Warning: the data provider 'dp1' returned an empty array or iterator, so this test is not doing anything
    Warning: the data provider 'dp2' returned an empty array or iterator, so this test is not doing anything

    ===============================================
    Command line suite
    Total tests run: 0, Failures: 0, Skips: 0
    ===============================================


TestNG > DataProvider > test.dataprovider.TestContextTest.verifyFive STANDARD_OUT
    [[TestNG]] Adding ServiceLoader listener:test.serviceloader.MyConfigurationListener@6e2f853b
    [[TestNG]] Adding ServiceLoader listener:test.serviceloader.TmpSuiteListener@62d0c4a1

TestNG > DataProvider > test.dataprovider.TestContextTest.verifyFive FAILED
    java.lang.AssertionError: expected [1] but found [0]
        at org.testng.Assert.fail(Assert.java:94)
        at org.testng.Assert.failNotEquals(Assert.java:513)
        at org.testng.Assert.assertEqualsImpl(Assert.java:135)
        at org.testng.Assert.assertEquals(Assert.java:116)
        at org.testng.Assert.assertEquals(Assert.java:389)
        at org.testng.Assert.assertEquals(Assert.java:399)
        at test.dataprovider.TestContextTest.verify(TestContextTest.java:38)
        at test.dataprovider.TestContextTest.verifyFive(TestContextTest.java:17)

TestNG > DataProvider > test.dataprovider.TestContextTest.verifyTen FAILED
    java.lang.AssertionError: expected [1] but found [0]
        at org.testng.Assert.fail(Assert.java:94)
        at org.testng.Assert.failNotEquals(Assert.java:513)
        at org.testng.Assert.assertEqualsImpl(Assert.java:135)
        at org.testng.Assert.assertEquals(Assert.java:116)
        at org.testng.Assert.assertEquals(Assert.java:389)
        at org.testng.Assert.assertEquals(Assert.java:399)
        at test.dataprovider.TestContextTest.verify(TestContextTest.java:38)
        at test.dataprovider.TestContextTest.verifyTen(TestContextTest.java:12)

TestNG > JUnit > test.JUnit4Test.testTests FAILED
    java.lang.RuntimeException: java.lang.NoSuchMethodException: [Ljava.lang.Class;.clone()

        Caused by:
        java.lang.NoSuchMethodException: [Ljava.lang.Class;.clone()

TestNG > JUnit > test.JUnit4Test.testTests FAILED
    java.lang.RuntimeException: java.lang.NoSuchMethodException: [Ljava.lang.Class;.clone()

        Caused by:
        java.lang.NoSuchMethodException: [Ljava.lang.Class;.clone()

TestNG > JUnit > test.JUnit4Test.testTests FAILED
    java.lang.RuntimeException: java.lang.NoSuchMethodException: [Ljava.lang.Class;.clone()

        Caused by:
        java.lang.NoSuchMethodException: [Ljava.lang.Class;.clone()

TestNG > JUnit > test.JUnit4Test.testTests FAILED
    java.lang.RuntimeException: java.lang.NoSuchMethodException: [Ljava.lang.Class;.clone()

        Caused by:
        java.lang.NoSuchMethodException: [Ljava.lang.Class;.clone()

TestNG > JUnit > test.JUnit4Test.testTests FAILED
    java.lang.RuntimeException: java.lang.NoSuchMethodException: [Ljava.lang.Class;.clone()

        Caused by:
        java.lang.NoSuchMethodException: [Ljava.lang.Class;.clone()

TestNG > JUnit > test.JUnit4Test.testTests FAILED
    java.lang.RuntimeException: java.lang.NoSuchMethodException: [Ljava.lang.Class;.clone()

        Caused by:
        java.lang.NoSuchMethodException: [Ljava.lang.Class;.clone()

TestNG > JUnit > test.JUnit4Test.testTests FAILED
    java.lang.RuntimeException: java.lang.NoSuchMethodException: [Ljava.lang.Class;.clone()

        Caused by:
        java.lang.NoSuchMethodException: [Ljava.lang.Class;.clone()

TestNG > SkipExceptions > test.skipex.SkippedExceptionTest.skippedExceptionInTestMethods STANDARD_OUT
    [TestNG] Running:
      Command line suite


    ===============================================
    Command line suite
    Total tests run: 3, Failures: 1, Skips: 1
    ===============================================


TestNG > RetryAnalyzer > test.retryAnalyzer.RetryAnalyzerTest.testInvocationCounts STANDARD_OUT
    Test Called : Test2
    Test Called : Test3
    Test Called : Test1
    Test Called : Test4
    Test Called : Test7
    Test Called : Test8
    Test Called : Test0
    Test Called : Test6
    Test Called : Test5
    Test Called : Test5
    Test Called : Test5
    Test Called : Test5
    Test Called : Test9

TestNG > MethodInterceptor > test.methodinterceptors.multipleinterceptors.MultipleInterceptorsTest.testMultipleInterceptorsWithPreserveOrder STANDARD_OUT
    [TestNGContentHandler] [WARN] It is strongly recommended to add "<!DOCTYPE suite SYSTEM "http://testng.org/testng-1.0.dtd" >" at the top of your file, otherwise TestNG may fail or not work as expected.

TestNG > ConfigFailurePolicy > test.configurationfailurepolicy.FailurePolicyTest.confFailureTest FAILED
    java.lang.RuntimeException: java.lang.NoSuchMethodException: [Ljava.lang.Class;.clone()

        Caused by:
        java.lang.NoSuchMethodException: [Ljava.lang.Class;.clone()

TestNG > ConfigFailurePolicy > test.configurationfailurepolicy.FailurePolicyTest.confFailureTest FAILED
    java.lang.RuntimeException: java.lang.NoSuchMethodException: [Ljava.lang.Class;.clone()

        Caused by:
        java.lang.NoSuchMethodException: [Ljava.lang.Class;.clone()

TestNG > ConfigFailurePolicy > test.configurationfailurepolicy.FailurePolicyTest.confFailureTest FAILED
    java.lang.RuntimeException: java.lang.NoSuchMethodException: [Ljava.lang.Class;.clone()

        Caused by:
        java.lang.NoSuchMethodException: [Ljava.lang.Class;.clone()

TestNG > ConfigFailurePolicy > test.configurationfailurepolicy.FailurePolicyTest.confFailureTest FAILED
    java.lang.RuntimeException: java.lang.NoSuchMethodException: [Ljava.lang.Class;.clone()

        Caused by:
        java.lang.NoSuchMethodException: [Ljava.lang.Class;.clone()

TestNG > ConfigFailurePolicy > test.configurationfailurepolicy.FailurePolicyTest.confFailureTest FAILED
    java.lang.RuntimeException: java.lang.NoSuchMethodException: [Ljava.lang.Class;.clone()

        Caused by:
        java.lang.NoSuchMethodException: [Ljava.lang.Class;.clone()

TestNG > ConfigFailurePolicy > test.configurationfailurepolicy.FailurePolicyTest.confFailureTest FAILED
    java.lang.RuntimeException: java.lang.NoSuchMethodException: [Ljava.lang.Class;.clone()

        Caused by:
        java.lang.NoSuchMethodException: [Ljava.lang.Class;.clone()

TestNG > ConfigFailurePolicy > test.configurationfailurepolicy.FailurePolicyTest.confFailureTest FAILED
    java.lang.RuntimeException: java.lang.NoSuchMethodException: [Ljava.lang.Class;.clone()

        Caused by:
        java.lang.NoSuchMethodException: [Ljava.lang.Class;.clone()

TestNG > ConfigFailurePolicy > test.configurationfailurepolicy.FailurePolicyTest.confFailureTest FAILED
    java.lang.RuntimeException: java.lang.NoSuchMethodException: [Ljava.lang.Class;.clone()

        Caused by:
        java.lang.NoSuchMethodException: [Ljava.lang.Class;.clone()

TestNG > ConfigFailurePolicy > test.configurationfailurepolicy.FailurePolicyTest.confFailureTest FAILED
    java.lang.RuntimeException: java.lang.NoSuchMethodException: [Ljava.lang.Class;.clone()

        Caused by:
        java.lang.NoSuchMethodException: [Ljava.lang.Class;.clone()

TestNG > ConfigFailurePolicy > test.configurationfailurepolicy.FailurePolicyTest.confFailureTest FAILED
    java.lang.RuntimeException: java.lang.NoSuchMethodException: [Ljava.lang.Class;.clone()

        Caused by:
        java.lang.NoSuchMethodException: [Ljava.lang.Class;.clone()

TestNG > ConfigFailurePolicy > test.configurationfailurepolicy.FailurePolicyTest.confFailureTest FAILED
    java.lang.RuntimeException: java.lang.NoSuchMethodException: [Ljava.lang.Class;.clone()

        Caused by:
        java.lang.NoSuchMethodException: [Ljava.lang.Class;.clone()

TestNG > XML > org.testng.xml.SuiteXmlParserTest.testParse[1](goodWithoutDoctype.xml, true) STANDARD_OUT
    [TestNGContentHandler] [WARN] It is strongly recommended to add "<!DOCTYPE suite SYSTEM "http://testng.org/testng-1.0.dtd" >" at the top of your file, otherwise TestNG may fail or not work as expected.

TestNG > XML > org.testng.xml.SuiteXmlParserTest.testParse[3](badWithoutDoctype.xml, false) STANDARD_OUT
    [TestNGContentHandler] [WARN] It is strongly recommended to add "<!DOCTYPE suite SYSTEM "http://testng.org/testng-1.0.dtd" >" at the top of your file, otherwise TestNG may fail or not work as expected.

TestNG > Sanity Check > test.sanitycheck.CheckTestNamesTest.checkNoError STANDARD_OUT
    [TestNGContentHandler] [WARN] It is strongly recommended to add "<!DOCTYPE suite SYSTEM "http://testng.org/testng-1.0.dtd" >" at the top of your file, otherwise TestNG may fail or not work as expected.

TestNG > Sanity Check > test.sanitycheck.CheckTestNamesTest.checkWithChildSuites STANDARD_OUT
    [TestNGContentHandler] [WARN] It is strongly recommended to add "<!DOCTYPE suite SYSTEM "http://testng.org/testng-1.0.dtd" >" at the top of your file, otherwise TestNG may fail or not work as expected.
    [TestNGContentHandler] [WARN] It is strongly recommended to add "<!DOCTYPE suite SYSTEM "http://testng.org/testng-1.0.dtd" >" at the top of your file, otherwise TestNG may fail or not work as expected.
    [TestNGContentHandler] [WARN] It is strongly recommended to add "<!DOCTYPE suite SYSTEM "http://testng.org/testng-1.0.dtd" >" at the top of your file, otherwise TestNG may fail or not work as expected.

TestNG > Sanity Check > test.sanitycheck.CheckTestNamesTest.checkWithoutChildSuites STANDARD_OUT
    [TestNGContentHandler] [WARN] It is strongly recommended to add "<!DOCTYPE suite SYSTEM "http://testng.org/testng-1.0.dtd" >" at the top of your file, otherwise TestNG may fail or not work as expected.

TestNG > Sanity Check > test.sanitycheck.CheckSuiteNamesTest.checkChildSuites STANDARD_OUT
    [TestNGContentHandler] [WARN] It is strongly recommended to add "<!DOCTYPE suite SYSTEM "http://testng.org/testng-1.0.dtd" >" at the top of your file, otherwise TestNG may fail or not work as expected.
    [TestNGContentHandler] [WARN] It is strongly recommended to add "<!DOCTYPE suite SYSTEM "http://testng.org/testng-1.0.dtd" >" at the top of your file, otherwise TestNG may fail or not work as expected.
    [TestNGContentHandler] [WARN] It is strongly recommended to add "<!DOCTYPE suite SYSTEM "http://testng.org/testng-1.0.dtd" >" at the top of your file, otherwise TestNG may fail or not work as expected.

TestNG > Sanity Check > test.sanitycheck.CheckSuiteNamesTest.checkChildSuitesFails STANDARD_OUT
    [TestNGContentHandler] [WARN] It is strongly recommended to add "<!DOCTYPE suite SYSTEM "http://testng.org/testng-1.0.dtd" >" at the top of your file, otherwise TestNG may fail or not work as expected.
    [TestNGContentHandler] [WARN] It is strongly recommended to add "<!DOCTYPE suite SYSTEM "http://testng.org/testng-1.0.dtd" >" at the top of your file, otherwise TestNG may fail or not work as expected.
    [TestNGContentHandler] [WARN] It is strongly recommended to add "<!DOCTYPE suite SYSTEM "http://testng.org/testng-1.0.dtd" >" at the top of your file, otherwise TestNG may fail or not work as expected.

TestNG > Sanity Check > test.sanitycheck.CheckSuiteNamesTest.checkXmlSuiteAddition STANDARD_OUT
    [TestNGContentHandler] [WARN] It is strongly recommended to add "<!DOCTYPE suite SYSTEM "http://testng.org/testng-1.0.dtd" >" at the top of your file, otherwise TestNG may fail or not work as expected.
    [TestNGContentHandler] [WARN] It is strongly recommended to add "<!DOCTYPE suite SYSTEM "http://testng.org/testng-1.0.dtd" >" at the top of your file, otherwise TestNG may fail or not work as expected.
    [TestNGContentHandler] [WARN] It is strongly recommended to add "<!DOCTYPE suite SYSTEM "http://testng.org/testng-1.0.dtd" >" at the top of your file, otherwise TestNG may fail or not work as expected.
    [TestNGContentHandler] [WARN] It is strongly recommended to add "<!DOCTYPE suite SYSTEM "http://testng.org/testng-1.0.dtd" >" at the top of your file, otherwise TestNG may fail or not work as expected.
    [TestNGContentHandler] [WARN] It is strongly recommended to add "<!DOCTYPE suite SYSTEM "http://testng.org/testng-1.0.dtd" >" at the top of your file, otherwise TestNG may fail or not work as expected.

TestNG > Name > test.name.NameTest.complexITestTest FAILED
    java.lang.AssertionError: expected [true] but found [false]
        at org.testng.Assert.fail(Assert.java:94)
        at org.testng.Assert.failNotEquals(Assert.java:513)
        at org.testng.Assert.assertTrue(Assert.java:42)
        at org.testng.Assert.assertTrue(Assert.java:52)
        at test.name.NameTest.complexITestTest(NameTest.java:129)
Gradle Test Executor 2 finished executing tests.

1278 tests completed, 74 failed, 2 skipped
Finished generating test XML results (0.217 secs) into: /home/travis/build/cbeust/testng/build/test-results
Generating HTML test report...
Finished generating test html results (0.184 secs) into: /home/travis/build/cbeust/testng/build/reports/tests
:test FAILED
:test (Thread[main,5,main]) completed. Took 53.559 secs.

FAILURE: Build failed with an exception.

* What went wrong:
Execution failed for task ':test'.
> There were failing tests. See the report at: file:///home/travis/build/cbeust/testng/build/reports/tests/index.html

* Try:
Run with --debug option to get more log output.

* Exception is:
org.gradle.api.tasks.TaskExecutionException: Execution failed for task ':test'.
	at org.gradle.api.internal.tasks.execution.ExecuteActionsTaskExecuter.executeActions(ExecuteActionsTaskExecuter.java:69)
	at org.gradle.api.internal.tasks.execution.ExecuteActionsTaskExecuter.execute(ExecuteActionsTaskExecuter.java:46)
	at org.gradle.api.internal.tasks.execution.PostExecutionAnalysisTaskExecuter.execute(PostExecutionAnalysisTaskExecuter.java:35)
	at org.gradle.api.internal.tasks.execution.SkipUpToDateTaskExecuter.execute(SkipUpToDateTaskExecuter.java:68)
	at org.gradle.api.internal.tasks.execution.ValidatingTaskExecuter.execute(ValidatingTaskExecuter.java:58)
	at org.gradle.api.internal.tasks.execution.SkipEmptySourceFilesTaskExecuter.execute(SkipEmptySourceFilesTaskExecuter.java:52)
	at org.gradle.api.internal.tasks.execution.SkipTaskWithNoActionsExecuter.execute(SkipTaskWithNoActionsExecuter.java:52)
	at org.gradle.api.internal.tasks.execution.SkipOnlyIfTaskExecuter.execute(SkipOnlyIfTaskExecuter.java:53)
	at org.gradle.api.internal.tasks.execution.ExecuteAtMostOnceTaskExecuter.execute(ExecuteAtMostOnceTaskExecuter.java:43)
	at org.gradle.execution.taskgraph.DefaultTaskGraphExecuter$EventFiringTaskWorker.execute(DefaultTaskGraphExecuter.java:203)
	at org.gradle.execution.taskgraph.DefaultTaskGraphExecuter$EventFiringTaskWorker.execute(DefaultTaskGraphExecuter.java:185)
	at org.gradle.execution.taskgraph.AbstractTaskPlanExecutor$TaskExecutorWorker.processTask(AbstractTaskPlanExecutor.java:66)
	at org.gradle.execution.taskgraph.AbstractTaskPlanExecutor$TaskExecutorWorker.run(AbstractTaskPlanExecutor.java:50)
	at org.gradle.execution.taskgraph.DefaultTaskPlanExecutor.process(DefaultTaskPlanExecutor.java:25)
	at org.gradle.execution.taskgraph.DefaultTaskGraphExecuter.execute(DefaultTaskGraphExecuter.java:110)
	at org.gradle.execution.SelectedTaskExecutionAction.execute(SelectedTaskExecutionAction.java:37)
	at org.gradle.execution.DefaultBuildExecuter.execute(DefaultBuildExecuter.java:37)
	at org.gradle.execution.DefaultBuildExecuter.access$000(DefaultBuildExecuter.java:23)
	at org.gradle.execution.DefaultBuildExecuter$1.proceed(DefaultBuildExecuter.java:43)
	at org.gradle.execution.DryRunBuildExecutionAction.execute(DryRunBuildExecutionAction.java:32)
	at org.gradle.execution.DefaultBuildExecuter.execute(DefaultBuildExecuter.java:37)
	at org.gradle.execution.DefaultBuildExecuter.execute(DefaultBuildExecuter.java:30)
	at org.gradle.initialization.DefaultGradleLauncher$4.run(DefaultGradleLauncher.java:154)
	at org.gradle.internal.Factories$1.create(Factories.java:22)
	at org.gradle.internal.progress.DefaultBuildOperationExecutor.run(DefaultBuildOperationExecutor.java:90)
	at org.gradle.internal.progress.DefaultBuildOperationExecutor.run(DefaultBuildOperationExecutor.java:52)
	at org.gradle.initialization.DefaultGradleLauncher.doBuildStages(DefaultGradleLauncher.java:151)
	at org.gradle.initialization.DefaultGradleLauncher.access$200(DefaultGradleLauncher.java:32)
	at org.gradle.initialization.DefaultGradleLauncher$1.create(DefaultGradleLauncher.java:99)
	at org.gradle.initialization.DefaultGradleLauncher$1.create(DefaultGradleLauncher.java:93)
	at org.gradle.internal.progress.DefaultBuildOperationExecutor.run(DefaultBuildOperationExecutor.java:90)
	at org.gradle.internal.progress.DefaultBuildOperationExecutor.run(DefaultBuildOperationExecutor.java:62)
	at org.gradle.initialization.DefaultGradleLauncher.doBuild(DefaultGradleLauncher.java:93)
	at org.gradle.initialization.DefaultGradleLauncher.run(DefaultGradleLauncher.java:82)
	at org.gradle.launcher.exec.InProcessBuildActionExecuter$DefaultBuildController.run(InProcessBuildActionExecuter.java:94)
	at org.gradle.tooling.internal.provider.ExecuteBuildActionRunner.run(ExecuteBuildActionRunner.java:28)
	at org.gradle.launcher.exec.ChainingBuildActionRunner.run(ChainingBuildActionRunner.java:35)
	at org.gradle.launcher.exec.InProcessBuildActionExecuter.execute(InProcessBuildActionExecuter.java:43)
	at org.gradle.launcher.exec.InProcessBuildActionExecuter.execute(InProcessBuildActionExecuter.java:28)
	at org.gradle.launcher.exec.ContinuousBuildActionExecuter.execute(ContinuousBuildActionExecuter.java:81)
	at org.gradle.launcher.exec.ContinuousBuildActionExecuter.execute(ContinuousBuildActionExecuter.java:46)
	at org.gradle.launcher.exec.DaemonUsageSuggestingBuildActionExecuter.execute(DaemonUsageSuggestingBuildActionExecuter.java:51)
	at org.gradle.launcher.exec.DaemonUsageSuggestingBuildActionExecuter.execute(DaemonUsageSuggestingBuildActionExecuter.java:28)
	at org.gradle.launcher.cli.RunBuildAction.run(RunBuildAction.java:43)
	at org.gradle.internal.Actions$RunnableActionAdapter.execute(Actions.java:173)
	at org.gradle.launcher.cli.CommandLineActionFactory$ParseAndBuildAction.execute(CommandLineActionFactory.java:241)
	at org.gradle.launcher.cli.CommandLineActionFactory$ParseAndBuildAction.execute(CommandLineActionFactory.java:214)
	at org.gradle.launcher.cli.JavaRuntimeValidationAction.execute(JavaRuntimeValidationAction.java:35)
	at org.gradle.launcher.cli.JavaRuntimeValidationAction.execute(JavaRuntimeValidationAction.java:24)
	at org.gradle.launcher.cli.CommandLineActionFactory$WithLogging.execute(CommandLineActionFactory.java:207)
	at org.gradle.launcher.cli.CommandLineActionFactory$WithLogging.execute(CommandLineActionFactory.java:169)
	at org.gradle.launcher.cli.ExceptionReportingAction.execute(ExceptionReportingAction.java:33)
	at org.gradle.launcher.cli.ExceptionReportingAction.execute(ExceptionReportingAction.java:22)
	at org.gradle.launcher.Main.doAction(Main.java:33)
	at org.gradle.launcher.bootstrap.EntryPoint.run(EntryPoint.java:45)
	at org.gradle.launcher.bootstrap.ProcessBootstrap.runNoExit(ProcessBootstrap.java:55)
	at org.gradle.launcher.bootstrap.ProcessBootstrap.run(ProcessBootstrap.java:36)
	at org.gradle.launcher.GradleMain.main(GradleMain.java:23)
	at org.gradle.wrapper.BootstrapMainStarter.start(BootstrapMainStarter.java:30)
	at org.gradle.wrapper.WrapperExecutor.execute(WrapperExecutor.java:127)
	at org.gradle.wrapper.GradleWrapperMain.main(GradleWrapperMain.java:61)
Caused by: org.gradle.api.GradleException: There were failing tests. See the report at: file:///home/travis/build/cbeust/testng/build/reports/tests/index.html
	at org.gradle.api.tasks.testing.Test.handleTestFailures(Test.java:1218)
	at org.gradle.api.tasks.testing.Test.executeTests(Test.java:616)
	at org.gradle.internal.reflect.JavaMethod.invoke(JavaMethod.java:75)
	at org.gradle.api.internal.project.taskfactory.AnnotationProcessingTaskFactory$StandardTaskAction.doExecute(AnnotationProcessingTaskFactory.java:228)
	at org.gradle.api.internal.project.taskfactory.AnnotationProcessingTaskFactory$StandardTaskAction.execute(AnnotationProcessingTaskFactory.java:221)
	at org.gradle.api.internal.project.taskfactory.AnnotationProcessingTaskFactory$StandardTaskAction.execute(AnnotationProcessingTaskFactory.java:210)
	at org.gradle.api.internal.AbstractTask$TaskActionWrapper.execute(AbstractTask.java:585)
	at org.gradle.api.internal.AbstractTask$TaskActionWrapper.execute(AbstractTask.java:568)
	at org.gradle.api.internal.tasks.execution.ExecuteActionsTaskExecuter.executeAction(ExecuteActionsTaskExecuter.java:80)
	at org.gradle.api.internal.tasks.execution.ExecuteActionsTaskExecuter.executeActions(ExecuteActionsTaskExecuter.java:61)
	... 60 more


BUILD FAILED

Total time: 1 mins 31.228 secs
Stopped 1 compiler daemon(s).

travis_time:end:0674e620:start=1468526036709789634,finish=1468526128415543420,duration=91705753786[0K
[31;1mThe command "./gradlew check --stacktrace --info" exited with 1.[0m

Done. Your build exited with 1.
