Using worker: worker-linux-docker-f8d37801.prod.travis-ci.org:travis-linux-6

travis_fold:start:system_info[0K[33;1mBuild system information[0m
Build language: java
[34m[1mBuild image provisioning date and time[0m
Thu Feb  5 15:09:33 UTC 2015
[34m[1mOperating System Details[0m
Distributor ID:	Ubuntu
Description:	Ubuntu 12.04.5 LTS
Release:	12.04
Codename:	precise
[34m[1mLinux Version[0m
3.13.0-29-generic
[34m[1mCookbooks Version[0m
a68419e https://github.com/travis-ci/travis-cookbooks/tree/a68419e
[34m[1mGCC version[0m
gcc (Ubuntu/Linaro 4.6.3-1ubuntu5) 4.6.3
Copyright (C) 2011 Free Software Foundation, Inc.
This is free software; see the source for copying conditions.  There is NO
warranty; not even for MERCHANTABILITY or FITNESS FOR A PARTICULAR PURPOSE.

[34m[1mLLVM version[0m
clang version 3.4 (tags/RELEASE_34/final)
Target: x86_64-unknown-linux-gnu
Thread model: posix
[34m[1mPre-installed Ruby versions[0m
ruby-1.9.3-p551
[34m[1mPre-installed Node.js versions[0m
v0.10.36
[34m[1mPre-installed Go versions[0m
1.4.1
[34m[1mRedis version[0m
redis-server 2.8.19
[34m[1mriak version[0m
2.0.2
[34m[1mMongoDB version[0m
MongoDB 2.4.12
[34m[1mCouchDB version[0m
couchdb 1.6.1
[34m[1mNeo4j version[0m
1.9.4
[34m[1mRabbitMQ Version[0m
3.4.3
[34m[1mElasticSearch version[0m
1.4.0
[34m[1mInstalled Sphinx versions[0m
2.0.10
2.1.9
2.2.6
[34m[1mDefault Sphinx version[0m
2.2.6
[34m[1mInstalled Firefox version[0m
firefox 31.0esr
[34m[1mPhantomJS version[0m
1.9.8
[34m[1mant -version[0m
Apache Ant(TM) version 1.8.2 compiled on December 3 2011
[34m[1mmvn -version[0m
Apache Maven 3.2.5 (12a6b3acb947671f09b81f49094c53f426d8cea1; 2014-12-14T17:29:23+00:00)
Maven home: /usr/local/maven
Java version: 1.7.0_76, vendor: Oracle Corporation
Java home: /usr/lib/jvm/java-7-oracle/jre
Default locale: en_US, platform encoding: ANSI_X3.4-1968
OS name: "linux", version: "3.13.0-29-generic", arch: "amd64", family: "unix"
travis_fold:end:system_info[0K
travis_fold:start:git.checkout[0Ktravis_time:start:29c5b3a8[0K$ git clone --depth=50 --branch=master https://github.com/cbeust/testng.git cbeust/testng
Cloning into 'cbeust/testng'...
remote: Counting objects: 2665, done.[K
remote: Compressing objects:   0% (1/1935)   [Kremote: Compressing objects:   1% (20/1935)   [Kremote: Compressing objects:   2% (39/1935)   [Kremote: Compressing objects:   3% (59/1935)   [Kremote: Compressing objects:   4% (78/1935)   [Kremote: Compressing objects:   5% (97/1935)   [Kremote: Compressing objects:   6% (117/1935)   [Kremote: Compressing objects:   7% (136/1935)   [Kremote: Compressing objects:   8% (155/1935)   [Kremote: Compressing objects:   9% (175/1935)   [Kremote: Compressing objects:  10% (194/1935)   [Kremote: Compressing objects:  11% (213/1935)   [Kremote: Compressing objects:  12% (233/1935)   [Kremote: Compressing objects:  13% (252/1935)   [Kremote: Compressing objects:  14% (271/1935)   [Kremote: Compressing objects:  15% (291/1935)   [Kremote: Compressing objects:  16% (310/1935)   [Kremote: Compressing objects:  17% (329/1935)   [Kremote: Compressing objects:  18% (349/1935)   [Kremote: Compressing objects:  19% (368/1935)   [Kremote: Compressing objects:  20% (387/1935)   [Kremote: Compressing objects:  21% (407/1935)   [Kremote: Compressing objects:  22% (426/1935)   [Kremote: Compressing objects:  23% (446/1935)   [Kremote: Compressing objects:  24% (465/1935)   [Kremote: Compressing objects:  25% (484/1935)   [Kremote: Compressing objects:  26% (504/1935)   [Kremote: Compressing objects:  27% (523/1935)   [Kremote: Compressing objects:  28% (542/1935)   [Kremote: Compressing objects:  29% (562/1935)   [Kremote: Compressing objects:  30% (581/1935)   [Kremote: Compressing objects:  31% (600/1935)   [Kremote: Compressing objects:  32% (620/1935)   [Kremote: Compressing objects:  33% (639/1935)   [Kremote: Compressing objects:  34% (658/1935)   [Kremote: Compressing objects:  35% (678/1935)   [Kremote: Compressing objects:  36% (697/1935)   [Kremote: Compressing objects:  37% (716/1935)   [Kremote: Compressing objects:  38% (736/1935)   [Kremote: Compressing objects:  39% (755/1935)   [Kremote: Compressing objects:  40% (774/1935)   [Kremote: Compressing objects:  41% (794/1935)   [Kremote: Compressing objects:  42% (813/1935)   [Kremote: Compressing objects:  43% (833/1935)   [Kremote: Compressing objects:  44% (852/1935)   [Kremote: Compressing objects:  45% (871/1935)   [Kremote: Compressing objects:  46% (891/1935)   [Kremote: Compressing objects:  47% (910/1935)   [Kremote: Compressing objects:  48% (929/1935)   [Kremote: Compressing objects:  49% (949/1935)   [Kremote: Compressing objects:  50% (968/1935)   [Kremote: Compressing objects:  51% (987/1935)   [Kremote: Compressing objects:  52% (1007/1935)   [Kremote: Compressing objects:  53% (1026/1935)   [Kremote: Compressing objects:  54% (1045/1935)   [Kremote: Compressing objects:  55% (1065/1935)   [Kremote: Compressing objects:  56% (1084/1935)   [Kremote: Compressing objects:  57% (1103/1935)   [Kremote: Compressing objects:  58% (1123/1935)   [Kremote: Compressing objects:  59% (1142/1935)   [Kremote: Compressing objects:  60% (1161/1935)   [Kremote: Compressing objects:  61% (1181/1935)   [Kremote: Compressing objects:  62% (1200/1935)   [Kremote: Compressing objects:  63% (1220/1935)   [Kremote: Compressing objects:  64% (1239/1935)   [Kremote: Compressing objects:  65% (1258/1935)   [Kremote: Compressing objects:  66% (1278/1935)   [Kremote: Compressing objects:  67% (1297/1935)   [Kremote: Compressing objects:  68% (1316/1935)   [Kremote: Compressing objects:  69% (1336/1935)   [Kremote: Compressing objects:  70% (1355/1935)   [Kremote: Compressing objects:  71% (1374/1935)   [Kremote: Compressing objects:  72% (1394/1935)   [Kremote: Compressing objects:  73% (1413/1935)   [Kremote: Compressing objects:  74% (1432/1935)   [Kremote: Compressing objects:  75% (1452/1935)   [Kremote: Compressing objects:  76% (1471/1935)   [Kremote: Compressing objects:  77% (1490/1935)   [Kremote: Compressing objects:  78% (1510/1935)   [Kremote: Compressing objects:  79% (1529/1935)   [Kremote: Compressing objects:  80% (1548/1935)   [Kremote: Compressing objects:  81% (1568/1935)   [Kremote: Compressing objects:  82% (1587/1935)   [Kremote: Compressing objects:  83% (1607/1935)   [Kremote: Compressing objects:  84% (1626/1935)   [Kremote: Compressing objects:  85% (1645/1935)   [Kremote: Compressing objects:  86% (1665/1935)   [Kremote: Compressing objects:  87% (1684/1935)   [Kremote: Compressing objects:  88% (1703/1935)   [Kremote: Compressing objects:  89% (1723/1935)   [Kremote: Compressing objects:  90% (1742/1935)   [Kremote: Compressing objects:  91% (1761/1935)   [Kremote: Compressing objects:  92% (1781/1935)   [Kremote: Compressing objects:  93% (1800/1935)   [Kremote: Compressing objects:  94% (1819/1935)   [Kremote: Compressing objects:  95% (1839/1935)   [Kremote: Compressing objects:  96% (1858/1935)   [Kremote: Compressing objects:  97% (1877/1935)   [Kremote: Compressing objects:  98% (1897/1935)   [Kremote: Compressing objects:  99% (1916/1935)   [Kremote: Compressing objects: 100% (1935/1935)   [Kremote: Compressing objects: 100% (1935/1935), done.[K
Receiving objects:   0% (1/2665)   Receiving objects:   1% (27/2665)   Receiving objects:   2% (54/2665)   Receiving objects:   3% (80/2665)   Receiving objects:   4% (107/2665)   Receiving objects:   5% (134/2665)   Receiving objects:   6% (160/2665)   Receiving objects:   7% (187/2665)   Receiving objects:   8% (214/2665)   Receiving objects:   9% (240/2665)   Receiving objects:  10% (267/2665)   Receiving objects:  11% (294/2665)   Receiving objects:  12% (320/2665)   Receiving objects:  13% (347/2665)   Receiving objects:  14% (374/2665)   Receiving objects:  15% (400/2665)   Receiving objects:  16% (427/2665)   Receiving objects:  17% (454/2665)   Receiving objects:  18% (480/2665)   Receiving objects:  19% (507/2665)   Receiving objects:  20% (533/2665)   Receiving objects:  21% (560/2665)   Receiving objects:  22% (587/2665)   Receiving objects:  23% (613/2665)   Receiving objects:  24% (640/2665)   Receiving objects:  25% (667/2665)   Receiving objects:  26% (693/2665)   Receiving objects:  27% (720/2665)   Receiving objects:  28% (747/2665)   Receiving objects:  29% (773/2665)   Receiving objects:  30% (800/2665)   Receiving objects:  31% (827/2665)   Receiving objects:  32% (853/2665)   Receiving objects:  33% (880/2665)   Receiving objects:  34% (907/2665)   Receiving objects:  35% (933/2665)   Receiving objects:  36% (960/2665)   Receiving objects:  37% (987/2665)   Receiving objects:  38% (1013/2665)   Receiving objects:  39% (1040/2665)   Receiving objects:  40% (1066/2665)   Receiving objects:  41% (1093/2665)   Receiving objects:  42% (1120/2665)   Receiving objects:  43% (1146/2665)   Receiving objects:  44% (1173/2665)   Receiving objects:  45% (1200/2665)   Receiving objects:  46% (1226/2665)   Receiving objects:  47% (1253/2665)   Receiving objects:  48% (1280/2665)   Receiving objects:  49% (1306/2665)   Receiving objects:  50% (1333/2665)   Receiving objects:  51% (1360/2665)   Receiving objects:  52% (1386/2665)   Receiving objects:  53% (1413/2665)   Receiving objects:  54% (1440/2665)   Receiving objects:  55% (1466/2665)   Receiving objects:  56% (1493/2665)   Receiving objects:  57% (1520/2665)   Receiving objects:  58% (1546/2665)   Receiving objects:  59% (1573/2665)   Receiving objects:  60% (1599/2665)   Receiving objects:  61% (1626/2665)   Receiving objects:  62% (1653/2665)   Receiving objects:  63% (1679/2665)   Receiving objects:  64% (1706/2665)   Receiving objects:  65% (1733/2665)   Receiving objects:  66% (1759/2665)   Receiving objects:  67% (1786/2665)   Receiving objects:  68% (1813/2665)   Receiving objects:  69% (1839/2665)   Receiving objects:  70% (1866/2665)   Receiving objects:  71% (1893/2665)   Receiving objects:  72% (1919/2665)   Receiving objects:  73% (1946/2665)   Receiving objects:  74% (1973/2665)   Receiving objects:  75% (1999/2665)   Receiving objects:  76% (2026/2665)   Receiving objects:  77% (2053/2665)   Receiving objects:  78% (2079/2665)   Receiving objects:  79% (2106/2665)   Receiving objects:  80% (2132/2665)   Receiving objects:  81% (2159/2665)   remote: Total 2665 (delta 757), reused 1754 (delta 615), pack-reused 0[K
Receiving objects:  82% (2186/2665)   Receiving objects:  83% (2212/2665)   Receiving objects:  84% (2239/2665)   Receiving objects:  85% (2266/2665)   Receiving objects:  86% (2292/2665)   Receiving objects:  87% (2319/2665)   Receiving objects:  88% (2346/2665)   Receiving objects:  89% (2372/2665)   Receiving objects:  90% (2399/2665)   Receiving objects:  91% (2426/2665)   Receiving objects:  92% (2452/2665)   Receiving objects:  93% (2479/2665)   Receiving objects:  94% (2506/2665)   Receiving objects:  95% (2532/2665)   Receiving objects:  96% (2559/2665)   Receiving objects:  97% (2586/2665)   Receiving objects:  98% (2612/2665)   Receiving objects:  99% (2639/2665)   Receiving objects: 100% (2665/2665)   Receiving objects: 100% (2665/2665), 6.52 MiB | 0 bytes/s, done.
Resolving deltas:   0% (0/757)   Resolving deltas:  17% (134/757)   Resolving deltas:  18% (138/757)   Resolving deltas:  20% (155/757)   Resolving deltas:  21% (159/757)   Resolving deltas:  22% (173/757)   Resolving deltas:  24% (184/757)   Resolving deltas:  25% (191/757)   Resolving deltas:  26% (198/757)   Resolving deltas:  27% (205/757)   Resolving deltas:  28% (212/757)   Resolving deltas:  29% (223/757)   Resolving deltas:  30% (229/757)   Resolving deltas:  32% (248/757)   Resolving deltas:  33% (251/757)   Resolving deltas:  34% (261/757)   Resolving deltas:  37% (281/757)   Resolving deltas:  38% (291/757)   Resolving deltas:  39% (298/757)   Resolving deltas:  40% (303/757)   Resolving deltas:  41% (312/757)   Resolving deltas:  43% (331/757)   Resolving deltas:  44% (334/757)   Resolving deltas:  45% (345/757)   Resolving deltas:  46% (349/757)   Resolving deltas:  47% (356/757)   Resolving deltas:  48% (364/757)   Resolving deltas:  49% (372/757)   Resolving deltas:  50% (380/757)   Resolving deltas:  51% (388/757)   Resolving deltas:  52% (394/757)   Resolving deltas:  53% (403/757)   Resolving deltas:  54% (411/757)   Resolving deltas:  58% (444/757)   Resolving deltas:  59% (447/757)   Resolving deltas:  63% (480/757)   Resolving deltas:  64% (489/757)   Resolving deltas:  65% (496/757)   Resolving deltas:  66% (500/757)   Resolving deltas:  67% (508/757)   Resolving deltas:  68% (516/757)   Resolving deltas:  69% (523/757)   Resolving deltas:  70% (531/757)   Resolving deltas:  71% (538/757)   Resolving deltas:  72% (546/757)   Resolving deltas:  73% (553/757)   Resolving deltas:  74% (567/757)   Resolving deltas:  76% (580/757)   Resolving deltas:  77% (584/757)   Resolving deltas:  78% (597/757)   Resolving deltas:  79% (599/757)   Resolving deltas:  80% (606/757)   Resolving deltas:  81% (614/757)   Resolving deltas:  82% (621/757)   Resolving deltas:  83% (629/757)   Resolving deltas:  84% (637/757)   Resolving deltas:  85% (644/757)   Resolving deltas:  86% (652/757)   Resolving deltas:  87% (659/757)   Resolving deltas:  88% (668/757)   Resolving deltas:  89% (674/757)   Resolving deltas:  91% (690/757)   Resolving deltas:  92% (702/757)   Resolving deltas:  93% (705/757)   Resolving deltas:  94% (713/757)   Resolving deltas:  95% (720/757)   Resolving deltas:  96% (727/757)   Resolving deltas:  97% (735/757)   Resolving deltas:  98% (742/757)   Resolving deltas:  99% (750/757)   Resolving deltas: 100% (757/757)   Resolving deltas: 100% (757/757), done.
Checking connectivity... done.
travis_time:end:29c5b3a8:start=1446316488999227433,finish=1446316490825063552,duration=1825836119[0K$ cd cbeust/testng
$ git checkout -qf 20d161692fc7a7e9b8d32995844707f2b637c6db
travis_fold:end:git.checkout[0K
[33;1mThis job is running on container-based infrastructure, which does not allow use of 'sudo', setuid and setguid executables.[0m
[33;1mIf you require sudo, add 'sudo: required' to your .travis.yml[0m
[33;1mSee http://docs.travis-ci.com/user/workers/container-based-infrastructure/ for details.[0m

[33;1mSetting environment variables from repository settings[0m
$ export SONATYPE_USER=[secure]
$ export SONATYPE_PASSWORD=[secure]
$ export SONAR_GITHUB_OAUTH=[secure]

$ jdk_switcher use oraclejdk8
Switching to Oracle JDK8 (java-8-oracle), JAVA_HOME will be set to /usr/lib/jvm/java-8-oracle
$ export TERM=dumb
$ java -Xmx32m -version
java version "1.8.0_31"
Java(TM) SE Runtime Environment (build 1.8.0_31-b13)
Java HotSpot(TM) 64-Bit Server VM (build 25.31-b07, mixed mode)
$ javac -J-Xmx32m -version
javac 1.8.0_31
travis_fold:start:install[0Ktravis_time:start:08e16ed4[0K$ ./gradlew assemble
Downloading https://services.gradle.org/distributions/gradle-2.5-bin.zip
......................................................................................................................................................................................................................................................................................................................................................................................................................................................................................................................................................................................................................................................................................................................................................................................................................................................................................................................................................................................................................................................................................................................................................................................................................................................................................................................................................................................................................................................................................................................................................................................................................................................................................................................................................................................................................................................................................................................................................................................................................................................................................................................................................................................................................................................................................................................
Unzipping /home/travis/.gradle/wrapper/dists/gradle-2.5-bin/7mk8vyobxfh3eazpg3pi2y9mv/gradle-2.5-bin.zip to /home/travis/.gradle/wrapper/dists/gradle-2.5-bin/7mk8vyobxfh3eazpg3pi2y9mv
Set executable permissions for: /home/travis/.gradle/wrapper/dists/gradle-2.5-bin/7mk8vyobxfh3eazpg3pi2y9mv/gradle-2.5/bin/gradle
Download https://jcenter.bintray.com/org/jfrog/buildinfo/build-info-extractor-gradle/3.0.3/build-info-extractor-gradle-3.0.3.pom
Download https://repo1.maven.org/maven2/io/codearte/gradle/nexus/gradle-nexus-staging-plugin/0.5.3/gradle-nexus-staging-plugin-0.5.3.pom
Download https://repo1.maven.org/maven2/com/netflix/nebula/gradle-extra-configurations-plugin/3.0.3/gradle-extra-configurations-plugin-3.0.3.pom
Download https://jcenter.bintray.com/com/jfrog/bintray/gradle/gradle-bintray-plugin/1.2/gradle-bintray-plugin-1.2.pom
Download https://plugins.gradle.org/m2/org/sonarqube/gradle/gradle-sonarqube-plugin/1.0/gradle-sonarqube-plugin-1.0.pom
Download https://repo1.maven.org/maven2/org/codehaus/groovy/modules/http-builder/http-builder/0.7.1/http-builder-0.7.1.pom
Download https://repo1.maven.org/maven2/org/codehaus/sonar/runner/sonar-runner-api/2.4/sonar-runner-api-2.4.pom
Download https://repo1.maven.org/maven2/org/codehaus/sonar/runner/sonar-runner/2.4/sonar-runner-2.4.pom
Download https://repo1.maven.org/maven2/org/codehaus/sonar-plugins/parent/17/parent-17.pom
Download https://repo1.maven.org/maven2/com/google/guava/guava/17.0/guava-17.0.pom
Download https://repo1.maven.org/maven2/com/google/guava/guava-parent/17.0/guava-parent-17.0.pom
Download https://repo1.maven.org/maven2/org/sonatype/oss/oss-parent/7/oss-parent-7.pom
Download https://jcenter.bintray.com/org/jfrog/buildinfo/build-info-extractor-gradle/3.1.1/build-info-extractor-gradle-3.1.1.pom
Download https://repo1.maven.org/maven2/commons-io/commons-io/2.0.1/commons-io-2.0.1.pom
Download https://repo1.maven.org/maven2/org/apache/commons/commons-parent/15/commons-parent-15.pom
Download https://repo1.maven.org/maven2/org/apache/apache/7/apache-7.pom
Download https://repo1.maven.org/maven2/org/apache/ivy/ivy/2.2.0/ivy-2.2.0.pom
Download https://repo1.maven.org/maven2/commons-logging/commons-logging/1.1.1/commons-logging-1.1.1.pom
Download https://repo1.maven.org/maven2/org/apache/commons/commons-parent/5/commons-parent-5.pom
Download https://repo1.maven.org/maven2/org/apache/apache/4/apache-4.pom
Download https://repo1.maven.org/maven2/commons-lang/commons-lang/2.4/commons-lang-2.4.pom
Download https://repo1.maven.org/maven2/org/apache/commons/commons-parent/9/commons-parent-9.pom
Download https://jcenter.bintray.com/org/jfrog/buildinfo/build-info-extractor/2.5.1/build-info-extractor-2.5.1.pom
Download https://jcenter.bintray.com/org/jfrog/buildinfo/build-info-client/2.5.1/build-info-client-2.5.1.pom
Download https://repo1.maven.org/maven2/com/thoughtworks/xstream/xstream/1.3.1/xstream-1.3.1.pom
Download https://repo1.maven.org/maven2/com/thoughtworks/xstream/xstream-parent/1.3.1/xstream-parent-1.3.1.pom
Download https://repo1.maven.org/maven2/commons-codec/commons-codec/1.8/commons-codec-1.8.pom
Download https://repo1.maven.org/maven2/org/apache/commons/commons-parent/28/commons-parent-28.pom
Download https://repo1.maven.org/maven2/org/apache/apache/13/apache-13.pom
Download https://repo1.maven.org/maven2/org/codehaus/jackson/jackson-mapper-asl/1.9.12/jackson-mapper-asl-1.9.12.pom
Download https://repo1.maven.org/maven2/org/apache/httpcomponents/httpclient/4.2.5/httpclient-4.2.5.pom
Download https://repo1.maven.org/maven2/org/apache/httpcomponents/httpcomponents-client/4.2.5/httpcomponents-client-4.2.5.pom
Download https://repo1.maven.org/maven2/org/apache/httpcomponents/project/6/project-6.pom
Download https://jcenter.bintray.com/org/jfrog/buildinfo/build-info-api/2.5.1/build-info-api-2.5.1.pom
Download https://repo1.maven.org/maven2/xpp3/xpp3_min/1.1.4c/xpp3_min-1.1.4c.pom
Download https://repo1.maven.org/maven2/org/codehaus/jackson/jackson-core-asl/1.9.12/jackson-core-asl-1.9.12.pom
Download https://repo1.maven.org/maven2/org/apache/httpcomponents/httpcore/4.2.4/httpcore-4.2.4.pom
Download https://repo1.maven.org/maven2/org/apache/httpcomponents/httpcomponents-core/4.2.4/httpcomponents-core-4.2.4.pom
Download https://jcenter.bintray.com/org/codehaus/groovy/modules/http-builder/http-builder/0.7.2/http-builder-0.7.2.pom
Download https://repo1.maven.org/maven2/net/sf/json-lib/json-lib/2.3/json-lib-2.3.pom
Download https://repo1.maven.org/maven2/net/sourceforge/nekohtml/nekohtml/1.9.16/nekohtml-1.9.16.pom
Download https://repo1.maven.org/maven2/xml-resolver/xml-resolver/1.2/xml-resolver-1.2.pom
Download https://repo1.maven.org/maven2/org/apache/apache/3/apache-3.pom
Download https://repo1.maven.org/maven2/commons-beanutils/commons-beanutils/1.8.0/commons-beanutils-1.8.0.pom
Download https://repo1.maven.org/maven2/org/apache/commons/commons-parent/11/commons-parent-11.pom
Download https://repo1.maven.org/maven2/commons-collections/commons-collections/3.2.1/commons-collections-3.2.1.pom
Download https://repo1.maven.org/maven2/net/sf/ezmorph/ezmorph/1.0.6/ezmorph-1.0.6.pom
Download https://repo1.maven.org/maven2/xerces/xercesImpl/2.9.1/xercesImpl-2.9.1.pom
Download https://repo1.maven.org/maven2/xml-apis/xml-apis/1.3.04/xml-apis-1.3.04.pom
Download https://repo1.maven.org/maven2/io/codearte/gradle/nexus/gradle-nexus-staging-plugin/0.5.3/gradle-nexus-staging-plugin-0.5.3.jar
Download https://jcenter.bintray.com/org/jfrog/buildinfo/build-info-client/2.5.1/build-info-client-2.5.1.jar
Download https://repo1.maven.org/maven2/com/netflix/nebula/gradle-extra-configurations-plugin/3.0.3/gradle-extra-configurations-plugin-3.0.3.jar
Download https://repo1.maven.org/maven2/com/thoughtworks/xstream/xstream/1.3.1/xstream-1.3.1.jar
Download https://jcenter.bintray.com/com/jfrog/bintray/gradle/gradle-bintray-plugin/1.2/gradle-bintray-plugin-1.2.jar
Download https://plugins.gradle.org/m2/org/sonarqube/gradle/gradle-sonarqube-plugin/1.0/gradle-sonarqube-plugin-1.0.jar
Download https://repo1.maven.org/maven2/org/codehaus/sonar/runner/sonar-runner-api/2.4/sonar-runner-api-2.4.jar
Download https://repo1.maven.org/maven2/commons-codec/commons-codec/1.8/commons-codec-1.8.jar
Download https://repo1.maven.org/maven2/com/google/guava/guava/17.0/guava-17.0.jar
Download https://repo1.maven.org/maven2/org/codehaus/jackson/jackson-mapper-asl/1.9.12/jackson-mapper-asl-1.9.12.jar
Download https://repo1.maven.org/maven2/org/apache/httpcomponents/httpclient/4.2.5/httpclient-4.2.5.jar
Download https://jcenter.bintray.com/org/jfrog/buildinfo/build-info-extractor-gradle/3.1.1/build-info-extractor-gradle-3.1.1.jar
Download https://repo1.maven.org/maven2/commons-io/commons-io/2.0.1/commons-io-2.0.1.jar
Download https://jcenter.bintray.com/org/jfrog/buildinfo/build-info-api/2.5.1/build-info-api-2.5.1.jar
Download https://repo1.maven.org/maven2/xpp3/xpp3_min/1.1.4c/xpp3_min-1.1.4c.jar
Download https://repo1.maven.org/maven2/org/codehaus/jackson/jackson-core-asl/1.9.12/jackson-core-asl-1.9.12.jar
Download https://repo1.maven.org/maven2/org/apache/ivy/ivy/2.2.0/ivy-2.2.0.jar
Download https://repo1.maven.org/maven2/commons-logging/commons-logging/1.1.1/commons-logging-1.1.1.jar
Download https://repo1.maven.org/maven2/org/apache/httpcomponents/httpcore/4.2.4/httpcore-4.2.4.jar
Download https://jcenter.bintray.com/org/codehaus/groovy/modules/http-builder/http-builder/0.7.2/http-builder-0.7.2.jar
Download https://repo1.maven.org/maven2/net/sf/json-lib/json-lib/2.3/json-lib-2.3-jdk15.jar
Download https://repo1.maven.org/maven2/net/sourceforge/nekohtml/nekohtml/1.9.16/nekohtml-1.9.16.jar
Download https://repo1.maven.org/maven2/xml-resolver/xml-resolver/1.2/xml-resolver-1.2.jar
Download https://repo1.maven.org/maven2/commons-beanutils/commons-beanutils/1.8.0/commons-beanutils-1.8.0.jar
Download https://repo1.maven.org/maven2/commons-collections/commons-collections/3.2.1/commons-collections-3.2.1.jar
Download https://repo1.maven.org/maven2/commons-lang/commons-lang/2.4/commons-lang-2.4.jar
Download https://repo1.maven.org/maven2/net/sf/ezmorph/ezmorph/1.0.6/ezmorph-1.0.6.jar
Download https://repo1.maven.org/maven2/xerces/xercesImpl/2.9.1/xercesImpl-2.9.1.jar
Download https://repo1.maven.org/maven2/xml-apis/xml-apis/1.3.04/xml-apis-1.3.04.jar
Download https://jcenter.bintray.com/org/jfrog/buildinfo/build-info-extractor/2.5.1/build-info-extractor-2.5.1.jar
Creating Version file: 6.9.10-SNAPSHOT in /home/travis/build/cbeust/testng/src/generated/java/org/testng/internal
Download https://jcenter.bintray.com/org/jfrog/buildinfo/build-info-extractor/2.3.2/build-info-extractor-2.3.2.pom
Download https://jcenter.bintray.com/javax/annotation/jsr250-api/1.0/jsr250-api-1.0.pom
Download https://jcenter.bintray.com/com/google/guava/guava/10.0.1/guava-10.0.1.pom
Download https://jcenter.bintray.com/com/google/guava/guava-parent/10.0.1/guava-parent-10.0.1.pom
Download https://jcenter.bintray.com/org/jfrog/buildinfo/build-info-client/2.3.2/build-info-client-2.3.2.pom
Download https://jcenter.bintray.com/com/google/code/findbugs/jsr305/1.3.9/jsr305-1.3.9.pom
Download https://jcenter.bintray.com/org/jfrog/buildinfo/build-info-api/2.3.2/build-info-api-2.3.2.pom
Download https://jcenter.bintray.com/org/jfrog/buildinfo/build-info-extractor-gradle/3.0.3/build-info-extractor-gradle-3.0.3.jar
Download https://jcenter.bintray.com/org/jfrog/buildinfo/build-info-api/2.3.2/build-info-api-2.3.2.jar
Download https://jcenter.bintray.com/com/google/code/findbugs/jsr305/1.3.9/jsr305-1.3.9.jar
Download https://jcenter.bintray.com/org/jfrog/buildinfo/build-info-extractor/2.3.2/build-info-extractor-2.3.2.jar
Download https://jcenter.bintray.com/javax/annotation/jsr250-api/1.0/jsr250-api-1.0.jar
Download https://jcenter.bintray.com/com/google/guava/guava/10.0.1/guava-10.0.1.jar
Download https://jcenter.bintray.com/org/jfrog/buildinfo/build-info-client/2.3.2/build-info-client-2.3.2.jar
[buildinfo] Not using buildInfo properties file for this build.
:myDir UP-TO-DATE
:createVersion
:compileGeneratedJavawarning: [options] bootstrap class path not set in conjunction with -source 1.7
1 warning

:processGeneratedResources UP-TO-DATE
:generatedClasses
:compileJava
Download https://repo1.maven.org/maven2/org/beanshell/bsh/2.0b4/bsh-2.0b4.pom
Download https://repo1.maven.org/maven2/org/beanshell/beanshell/2.0b4/beanshell-2.0b4.pom
Download https://repo1.maven.org/maven2/com/beust/jcommander/1.48/jcommander-1.48.pom
Download https://repo1.maven.org/maven2/org/sonatype/oss/oss-parent/3/oss-parent-3.pom
Download https://repo1.maven.org/maven2/org/apache/ant/ant/1.7.0/ant-1.7.0.pom
Download https://repo1.maven.org/maven2/org/apache/ant/ant-parent/1.7.0/ant-parent-1.7.0.pom
Download https://repo1.maven.org/maven2/junit/junit/4.10/junit-4.10.pom
Download https://repo1.maven.org/maven2/org/yaml/snakeyaml/1.15/snakeyaml-1.15.pom
Download https://repo1.maven.org/maven2/com/google/inject/guice/4.0/guice-4.0.pom
Download https://repo1.maven.org/maven2/com/google/inject/guice-parent/4.0/guice-parent-4.0.pom
Download https://repo1.maven.org/maven2/com/google/google/5/google-5.pom
Download https://repo1.maven.org/maven2/org/apache/ant/ant-launcher/1.7.0/ant-launcher-1.7.0.pom
Download https://repo1.maven.org/maven2/org/hamcrest/hamcrest-core/1.1/hamcrest-core-1.1.pom
Download https://repo1.maven.org/maven2/org/hamcrest/hamcrest-parent/1.1/hamcrest-parent-1.1.pom
Download https://repo1.maven.org/maven2/javax/inject/javax.inject/1/javax.inject-1.pom
Download https://repo1.maven.org/maven2/aopalliance/aopalliance/1.0/aopalliance-1.0.pom
Download https://repo1.maven.org/maven2/com/google/guava/guava/16.0.1/guava-16.0.1.pom
Download https://repo1.maven.org/maven2/com/google/guava/guava-parent/16.0.1/guava-parent-16.0.1.pom
Download https://repo1.maven.org/maven2/org/beanshell/bsh/2.0b4/bsh-2.0b4.jar
Download https://repo1.maven.org/maven2/com/beust/jcommander/1.48/jcommander-1.48.jar
Download https://repo1.maven.org/maven2/org/apache/ant/ant/1.7.0/ant-1.7.0.jar
Download https://repo1.maven.org/maven2/junit/junit/4.10/junit-4.10.jar
Download https://repo1.maven.org/maven2/org/yaml/snakeyaml/1.15/snakeyaml-1.15.jar
Download https://repo1.maven.org/maven2/com/google/inject/guice/4.0/guice-4.0-no_aop.jar
Download https://repo1.maven.org/maven2/org/apache/ant/ant-launcher/1.7.0/ant-launcher-1.7.0.jar
Download https://repo1.maven.org/maven2/org/hamcrest/hamcrest-core/1.1/hamcrest-core-1.1.jar
Download https://repo1.maven.org/maven2/javax/inject/javax.inject/1/javax.inject-1.jar
Download https://repo1.maven.org/maven2/aopalliance/aopalliance/1.0/aopalliance-1.0.jar
Download https://repo1.maven.org/maven2/com/google/guava/guava/16.0.1/guava-16.0.1.jar
warning: [options] bootstrap class path not set in conjunction with -source 1.7
Note: Some input files use or override a deprecated API.
Note: Recompile with -Xlint:deprecation for details.
Note: Some input files use unchecked or unsafe operations.
Note: Recompile with -Xlint:unchecked for details.
1 warning
:processResources
:classes
:jar
:javadoc/home/travis/build/cbeust/testng/src/main/java/org/testng/TestNG.java:35: error: cannot find symbol
import org.testng.internal.Version;
                          ^
  symbol:   class Version
  location: package org.testng.internal

1 warning
:javadocJar
:sourcesJar
:signArchives SKIPPED
:assemble

BUILD SUCCESSFUL

Total time: 1 mins 18.9 secs
travis_time:end:08e16ed4:start=1446316493700720715,finish=1446316573018821205,duration=79318100490[0Ktravis_fold:end:install[0Ktravis_time:start:03442e3c[0K$ ./gradlew clean test
Creating Version file: 6.9.10-SNAPSHOT in /home/travis/build/cbeust/testng/src/generated/java/org/testng/internal
[buildinfo] Not using buildInfo properties file for this build.
:clean
:myDir UP-TO-DATE
:createVersion
:compileGeneratedJavawarning: [options] bootstrap class path not set in conjunction with -source 1.7
1 warning

:processGeneratedResources UP-TO-DATE
:generatedClasses
:compileJavawarning: [options] bootstrap class path not set in conjunction with -source 1.7
Note: Some input files use or override a deprecated API.
Note: Recompile with -Xlint:deprecation for details.
Note: Some input files use unchecked or unsafe operations.
Note: Recompile with -Xlint:unchecked for details.
1 warning

:processResources
:classes
:compileTestJava
Download https://repo1.maven.org/maven2/org/assertj/assertj-core/2.0.0/assertj-core-2.0.0.pom
Download https://repo1.maven.org/maven2/org/assertj/assertj-parent-pom/1.3.5/assertj-parent-pom-1.3.5.pom
Download https://repo1.maven.org/maven2/com/github/marschall/memoryfilesystem/0.6.4/memoryfilesystem-0.6.4.pom
Download https://repo1.maven.org/maven2/org/assertj/assertj-core/2.0.0/assertj-core-2.0.0.jar
Download https://repo1.maven.org/maven2/com/github/marschall/memoryfilesystem/0.6.4/memoryfilesystem-0.6.4.jar
warning: [options] bootstrap class path not set in conjunction with -source 1.7
Note: Some input files use or override a deprecated API.
Note: Recompile with -Xlint:deprecation for details.
Note: Some input files use unchecked or unsafe operations.
Note: Recompile with -Xlint:unchecked for details.
1 warning
:processTestResources
:testClasses
:test

TestNG > Regression2 > test.groupinvocation.GroupSuiteTest.Regression2 FAILED
    java.lang.AssertionError at GroupSuiteTest.java:69

TestNG > Regression2 > test.groupinvocation.GroupSuiteTest.Regression2 FAILED
    java.lang.AssertionError at GroupSuiteTest.java:69

TestNG > Regression2 > test.groupinvocation.GroupSuiteTest.Regression2 FAILED
    java.lang.AssertionError at GroupSuiteTest.java:69

TestNG > Regression2 > test.groupinvocation.GroupSuiteTest.Regression2 FAILED
    java.lang.AssertionError at GroupSuiteTest.java:69

TestNG > Regression2 > test.groupinvocation.GroupSuiteTest.Regression2 FAILED
    java.lang.AssertionError at GroupSuiteTest.java:69

TestNG > Regression2 > test.groupinvocation.GroupSuiteTest.Regression2 FAILED
    java.lang.AssertionError at GroupSuiteTest.java:69

TestNG > Regression2 > test.groupinvocation.GroupSuiteTest.Regression2 FAILED
    java.lang.AssertionError at GroupSuiteTest.java:69

TestNG > Regression2 > test.annotationtransformer.AnnotationTransformerTest.Regression2 FAILED
    java.lang.AssertionError at AnnotationTransformerTest.java:46

TestNG > Regression2 > test.annotationtransformer.AnnotationTransformerTest.Regression2 FAILED
    java.lang.AssertionError at AnnotationTransformerTest.java:75

TestNG > Regression2 > test.preserveorder.PreserveOrderTest.Regression2 FAILED
    java.lang.AssertionError at PreserveOrderTest.java:105

TestNG > Method selectors > test.methodselectors.CommandLineTest.Method selectors FAILED
    java.lang.AssertionError at CommandLineTest.java:176

TestNG > Method selectors > test.methodselectors.CommandLineTest.Method selectors FAILED
    java.lang.AssertionError at CommandLineTest.java:176

TestNG > Method selectors > test.methodselectors.CommandLineTest.Method selectors FAILED
    java.lang.AssertionError at CommandLineTest.java:176

TestNG > Method selectors > test.methodselectors.CommandLineTest.Method selectors FAILED
    java.lang.AssertionError at CommandLineTest.java:176

TestNG > Method selectors > test.methodselectors.CommandLineTest.Method selectors FAILED
    java.lang.AssertionError at CommandLineTest.java:176

TestNG > Method selectors > test.methodselectors.CommandLineTest.Method selectors FAILED
    java.lang.AssertionError at CommandLineTest.java:176

TestNG > Method selectors > test.methodselectors.CommandLineTest.Method selectors FAILED
    java.lang.AssertionError at CommandLineTest.java:176

TestNG > Method selectors > test.methodselectors.CommandLineTest.Method selectors FAILED
    java.lang.AssertionError at CommandLineTest.java:176

TestNG > Method selectors > test.methodselectors.MethodSelectorInSuiteTest.Method selectors FAILED
    java.lang.AssertionError at MethodSelectorInSuiteTest.java:75

TestNG > Method selectors > test.methodselectors.MethodSelectorInSuiteTest.Method selectors FAILED
    java.lang.AssertionError at MethodSelectorInSuiteTest.java:75

TestNG > Method selectors > test.methodselectors.MethodSelectorInSuiteTest.Method selectors FAILED
    java.lang.AssertionError at MethodSelectorInSuiteTest.java:75

TestNG > JUnit > test.JUnitTest1.JUnit FAILED
    java.lang.AssertionError at JUnitTest1.java:36

TestNG > JUnit > test.JUnitTest1.JUnit FAILED
    java.lang.AssertionError at JUnitTest1.java:50

TestNG > JUnit > test.JUnitTest1.JUnit FAILED
    java.lang.AssertionError at JUnitTest1.java:112

TestNG > JUnit > test.JUnitTest1.JUnit FAILED
    java.lang.AssertionError at JUnitTest1.java:97

TestNG > JUnit > test.JUnitTest1.JUnit FAILED
    java.lang.AssertionError at JUnitTest1.java:134

TestNG > JUnit > test.JUnitTest1.JUnit FAILED
    java.lang.AssertionError at JUnitTest1.java:79

TestNG > JUnit > test.JUnitTest1.JUnit FAILED
    java.lang.AssertionError at JUnitTest1.java:65

TestNG > JUnit > test.CommandLineTest.JUnit FAILED
    java.lang.AssertionError at CommandLineTest.java:35

TestNG > JUnit > test.CommandLineTest.JUnit FAILED
    java.lang.AssertionError at CommandLineTest.java:125

TestNG > JUnit > test.JUnit4Test.JUnit FAILED
    java.lang.AssertionError at JUnit4Test.java:46

TestNG > JUnit > test.JUnit4Test.JUnit FAILED
    java.lang.AssertionError at JUnit4Test.java:61

TestNG > JUnit > test.JUnit4Test.JUnit FAILED
    java.lang.AssertionError at JUnit4Test.java:77

TestNG > JUnit > test.JUnit4Test.JUnit FAILED
    java.lang.AssertionError at JUnit4Test.java:92

TestNG > JUnit > test.JUnit4Test.JUnit FAILED
    java.lang.AssertionError at JUnit4Test.java:31

TestNG > RetryAnalyzer > test.retryAnalyzer.RetryAnalyzerTest.RetryAnalyzer FAILED
    java.lang.AssertionError at RetryAnalyzerTest.java:25

TestNG > MethodInterceptor > test.methodinterceptors.multipleinterceptors.MultipleInterceptorsTest.MethodInterceptor FAILED
    java.lang.AssertionError at MultipleInterceptorsTest.java:24

TestNG > Bug173 > test.testng173.TestNG173Test.Bug173 FAILED
    java.lang.AssertionError at TestNG173Test.java:39

TestNG > Bug173 > test.testng173.TestNG173Test.Bug173 FAILED
    java.lang.AssertionError at TestNG173Test.java:62

TestNG > Mixed > test.mixed.MixedTest.Mixed FAILED
    java.lang.AssertionError at MixedTest.java:44

TestNG > Mixed > test.mixed.MixedTest.Mixed FAILED
    java.lang.AssertionError at MixedTest.java:59

TestNG > Mixed > test.mixed.MixedTest.Mixed FAILED
    java.lang.AssertionError at MixedTest.java:28

1160 tests completed, 42 failed
:test FAILED

FAILURE: Build failed with an exception.

* What went wrong:
Execution failed for task ':test'.
> There were failing tests. See the report at: file:///home/travis/build/cbeust/testng/build/reports/tests/index.html

* Try:
Run with --stacktrace option to get the stack trace. Run with --info or --debug option to get more log output.

BUILD FAILED

Total time: 1 mins 28.328 secs
travis_time:end:03442e3c:start=1446316573022412944,finish=1446316661896360179,duration=88873947235[0K
[31;1mThe command "./gradlew clean test" exited with 1.[0m
travis_time:start:288c8bbc[0K$ ./travis.sh
travis_time:end:288c8bbc:start=1446316661900078511,finish=1446316661904139325,duration=4060814[0K
[32;1mThe command "./travis.sh" exited with 0.[0m

Done. Your build exited with 1.
